<?xml version="1.0" encoding="UTF-8"?>
<!-- Generated by org.testng.reporters.JUnitXMLReporter -->
<testsuite ignored="0" hostname="DESKTOP-KLPCFEN" failures="0" tests="6" name="login-fail" time="0.525" errors="0" timestamp="2022-04-22T10:40:35 ICT">
  <testcase classname="com.wolvesres.login.testclass.TestLogin" name="testLoginFail" time="0.325"/>
  <testcase classname="com.wolvesres.login.testclass.TestLogin" name="testLoginFail" time="0.03"/>
  <testcase classname="com.wolvesres.login.testclass.TestLogin" name="testLoginFail" time="0.028"/>
  <testcase classname="com.wolvesres.login.testclass.TestLogin" name="testLoginSuccess" time="0.027"/>
  <testcase classname="com.wolvesres.login.testclass.TestLogin" name="testLoginSuccess" time="0.025"/>
  <testcase classname="com.wolvesres.login.testclass.TestLogin" name="testLoginSuccess" time="0.02"/>
</testsuite> <!-- login-fail -->
