<?xml version="1.0" encoding="UTF-8"?>
<!-- Generated by org.testng.reporters.JUnitXMLReporter -->
<testsuite ignored="0" hostname="DESKTOP-KLPCFEN" failures="0" tests="3" name="Default test" time="0.621" errors="0" timestamp="2022-04-10T22:44:20 ICT">
  <testcase classname="com.wolvesres.login.testclass.TestLoginSuccessWithBossRole" name="testLogin" time="0.495"/>
  <testcase classname="com.wolvesres.login.testclass.TestLoginSuccessWithBossRole" name="testLogin" time="0.048"/>
  <testcase classname="com.wolvesres.login.testclass.TestLoginSuccessWithBossRole" name="testLogin" time="0.023"/>
</testsuite> <!-- Default test -->
