<html>
<head>
<title>TestNG:  Test</title>
<link href="../testng.css" rel="stylesheet" type="text/css" />
<link href="../my-testng.css" rel="stylesheet" type="text/css" />

<style type="text/css">
.log { display: none;} 
.stack-trace { display: none;} 
</style>
<script type="text/javascript">
<!--
function flip(e) {
  current = e.style.display;
  if (current == 'block') {
    e.style.display = 'none';
    return 0;
  }
  else {
    e.style.display = 'block';
    return 1;
  }
}

function toggleBox(szDivId, elem, msg1, msg2)
{
  var res = -1;  if (document.getElementById) {
    res = flip(document.getElementById(szDivId));
  }
  else if (document.all) {
    // this is the way old msie versions work
    res = flip(document.all[szDivId]);
  }
  if(elem) {
    if(res == 0) elem.innerHTML = msg1; else elem.innerHTML = msg2;
  }

}

function toggleAllBoxes() {
  if (document.getElementsByTagName) {
    d = document.getElementsByTagName('div');
    for (i = 0; i < d.length; i++) {
      if (d[i].className == 'log') {
        flip(d[i]);
      }
    }
  }
}

// -->
</script>

</head>
<body>
<h2 align='center'>Test</h2><table border='1' align="center">
<tr>
<td>Tests passed/Failed/Skipped:</td><td>349/15/0</td>
</tr><tr>
<td>Started on:</td><td>Thu Apr 14 22:59:26 ICT 2022</td>
</tr>
<tr><td>Total time:</td><td>12 seconds (12692 ms)</td>
</tr><tr>
<td>Included groups:</td><td></td>
</tr><tr>
<td>Excluded groups:</td><td></td>
</tr>
</table><p/>
<small><i>(Hover the method name to see the test class name)</i></small><p/>
<table width='100%' border='1' class='invocation-failed'>
<tr><td colspan='4' align='center'><b>FAILED CONFIGURATIONS</b></td></tr>
<tr><td><b>Test method</b></td>
<td width="30%"><b>Exception</b></td>
<td width="10%"><b>Time (seconds)</b></td>
<td><b>Instance</b></td>
</tr>
<tr>
<td title='com.wolvesres.truongnvn.kho.TestSoluongXuatKho.writreExcel()'><b>writreExcel</b><br>Test class: com.wolvesres.truongnvn.kho.TestSoluongXuatKho</td>
<td><div><pre>java.io.FileNotFoundException: D:\demo.xlsx (The system cannot find the file specified)
	at java.base/java.io.FileInputStream.open0(Native Method)
	at java.base/java.io.FileInputStream.open(FileInputStream.java:216)
	at java.base/java.io.FileInputStream.&lt;init&gt;(FileInputStream.java:157)
	at exceldoing.ExcelGo.getWorkbook(ExcelGo.java:169)
	at exceldoing.ExcelGo.writeExcelv2(ExcelGo.java:229)
	at com.wolvesres.truongnvn.kho.TestSoluongXuatKho.writreExcel(TestSoluongXuatKho.java:94)
	at java.base/java.util.ArrayList.forEach(ArrayList.java:1511)
... Removed 25 stack frames</pre></div><a href='#' onClick='toggleBox("stack-trace1680365850", this, "Click to show all stack frames", "Click to hide stack frames")'>Click to show all stack frames</a>
<div class='stack-trace' id='stack-trace1680365850'><pre>java.io.FileNotFoundException: D:\demo.xlsx (The system cannot find the file specified)
	at java.base/java.io.FileInputStream.open0(Native Method)
	at java.base/java.io.FileInputStream.open(FileInputStream.java:216)
	at java.base/java.io.FileInputStream.&lt;init&gt;(FileInputStream.java:157)
	at exceldoing.ExcelGo.getWorkbook(ExcelGo.java:169)
	at exceldoing.ExcelGo.writeExcelv2(ExcelGo.java:229)
	at com.wolvesres.truongnvn.kho.TestSoluongXuatKho.writreExcel(TestSoluongXuatKho.java:94)
	at java.base/jdk.internal.reflect.NativeMethodAccessorImpl.invoke0(Native Method)
	at java.base/jdk.internal.reflect.NativeMethodAccessorImpl.invoke(NativeMethodAccessorImpl.java:77)
	at java.base/jdk.internal.reflect.DelegatingMethodAccessorImpl.invoke(DelegatingMethodAccessorImpl.java:43)
	at java.base/java.lang.reflect.Method.invoke(Method.java:568)
	at org.testng.internal.MethodInvocationHelper.invokeMethod(MethodInvocationHelper.java:133)
	at org.testng.internal.MethodInvocationHelper.invokeMethodConsideringTimeout(MethodInvocationHelper.java:62)
	at org.testng.internal.ConfigInvoker.invokeConfigurationMethod(ConfigInvoker.java:385)
	at org.testng.internal.ConfigInvoker.invokeConfigurations(ConfigInvoker.java:321)
	at org.testng.internal.TestMethodWorker.invokeAfterClassMethods(TestMethodWorker.java:217)
	at org.testng.internal.TestMethodWorker.run(TestMethodWorker.java:130)
	at java.base/java.util.ArrayList.forEach(ArrayList.java:1511)
	at org.testng.TestRunner.privateRun(TestRunner.java:794)
	at org.testng.TestRunner.run(TestRunner.java:596)
	at org.testng.SuiteRunner.runTest(SuiteRunner.java:377)
	at org.testng.SuiteRunner.runSequentially(SuiteRunner.java:371)
	at org.testng.SuiteRunner.privateRun(SuiteRunner.java:332)
	at org.testng.SuiteRunner.run(SuiteRunner.java:276)
	at org.testng.SuiteRunnerWorker.runSuite(SuiteRunnerWorker.java:53)
	at org.testng.SuiteRunnerWorker.run(SuiteRunnerWorker.java:96)
	at org.testng.TestNG.runSuitesSequentially(TestNG.java:1212)
	at org.testng.TestNG.runSuitesLocally(TestNG.java:1134)
	at org.testng.TestNG.runSuites(TestNG.java:1063)
	at org.testng.TestNG.run(TestNG.java:1031)
	at org.testng.remote.AbstractRemoteTestNG.run(AbstractRemoteTestNG.java:115)
	at org.testng.remote.RemoteTestNG.initAndRun(RemoteTestNG.java:251)
	at org.testng.remote.RemoteTestNG.main(RemoteTestNG.java:77)
</pre></div></td>
<td>0</td>
<td>com.wolvesres.truongnvn.kho.TestSoluongXuatKho@42a48628</td></tr>
<tr>
<td title='com.wolvesres.ducvh.danhmuc.CategoryEmptyTestFail.excelGo()'><b>excelGo</b><br>Test class: com.wolvesres.ducvh.danhmuc.CategoryEmptyTestFail</td>
<td><div><pre>java.io.FileNotFoundException: D:\demo.xlsx (The system cannot find the file specified)
	at java.base/java.io.FileInputStream.open0(Native Method)
	at java.base/java.io.FileInputStream.open(FileInputStream.java:216)
	at java.base/java.io.FileInputStream.&lt;init&gt;(FileInputStream.java:157)
	at exceldoing.ExcelGo.getWorkbook(ExcelGo.java:169)
	at exceldoing.ExcelGo.writeExcelv2(ExcelGo.java:229)
	at com.wolvesres.ducvh.danhmuc.CategoryEmptyTestFail.excelGo(CategoryEmptyTestFail.java:33)
	at java.base/java.util.ArrayList.forEach(ArrayList.java:1511)
... Removed 25 stack frames</pre></div><a href='#' onClick='toggleBox("stack-trace1120043781", this, "Click to show all stack frames", "Click to hide stack frames")'>Click to show all stack frames</a>
<div class='stack-trace' id='stack-trace1120043781'><pre>java.io.FileNotFoundException: D:\demo.xlsx (The system cannot find the file specified)
	at java.base/java.io.FileInputStream.open0(Native Method)
	at java.base/java.io.FileInputStream.open(FileInputStream.java:216)
	at java.base/java.io.FileInputStream.&lt;init&gt;(FileInputStream.java:157)
	at exceldoing.ExcelGo.getWorkbook(ExcelGo.java:169)
	at exceldoing.ExcelGo.writeExcelv2(ExcelGo.java:229)
	at com.wolvesres.ducvh.danhmuc.CategoryEmptyTestFail.excelGo(CategoryEmptyTestFail.java:33)
	at java.base/jdk.internal.reflect.NativeMethodAccessorImpl.invoke0(Native Method)
	at java.base/jdk.internal.reflect.NativeMethodAccessorImpl.invoke(NativeMethodAccessorImpl.java:77)
	at java.base/jdk.internal.reflect.DelegatingMethodAccessorImpl.invoke(DelegatingMethodAccessorImpl.java:43)
	at java.base/java.lang.reflect.Method.invoke(Method.java:568)
	at org.testng.internal.MethodInvocationHelper.invokeMethod(MethodInvocationHelper.java:133)
	at org.testng.internal.MethodInvocationHelper.invokeMethodConsideringTimeout(MethodInvocationHelper.java:62)
	at org.testng.internal.ConfigInvoker.invokeConfigurationMethod(ConfigInvoker.java:385)
	at org.testng.internal.ConfigInvoker.invokeConfigurations(ConfigInvoker.java:321)
	at org.testng.internal.TestMethodWorker.invokeAfterClassMethods(TestMethodWorker.java:217)
	at org.testng.internal.TestMethodWorker.run(TestMethodWorker.java:130)
	at java.base/java.util.ArrayList.forEach(ArrayList.java:1511)
	at org.testng.TestRunner.privateRun(TestRunner.java:794)
	at org.testng.TestRunner.run(TestRunner.java:596)
	at org.testng.SuiteRunner.runTest(SuiteRunner.java:377)
	at org.testng.SuiteRunner.runSequentially(SuiteRunner.java:371)
	at org.testng.SuiteRunner.privateRun(SuiteRunner.java:332)
	at org.testng.SuiteRunner.run(SuiteRunner.java:276)
	at org.testng.SuiteRunnerWorker.runSuite(SuiteRunnerWorker.java:53)
	at org.testng.SuiteRunnerWorker.run(SuiteRunnerWorker.java:96)
	at org.testng.TestNG.runSuitesSequentially(TestNG.java:1212)
	at org.testng.TestNG.runSuitesLocally(TestNG.java:1134)
	at org.testng.TestNG.runSuites(TestNG.java:1063)
	at org.testng.TestNG.run(TestNG.java:1031)
	at org.testng.remote.AbstractRemoteTestNG.run(AbstractRemoteTestNG.java:115)
	at org.testng.remote.RemoteTestNG.initAndRun(RemoteTestNG.java:251)
	at org.testng.remote.RemoteTestNG.main(RemoteTestNG.java:77)
</pre></div></td>
<td>0</td>
<td>com.wolvesres.ducvh.danhmuc.CategoryEmptyTestFail@351d00c0</td></tr>
</table><p>
<table width='100%' border='1' class='invocation-failed'>
<tr><td colspan='4' align='center'><b>FAILED TESTS</b></td></tr>
<tr><td><b>Test method</b></td>
<td width="30%"><b>Exception</b></td>
<td width="10%"><b>Time (seconds)</b></td>
<td><b>Instance</b></td>
</tr>
<tr>
<td title='com.wolvesres.haotn.nhanvien.TestValidFullname.testValidFullnameSuccess()'><b>testValidFullnameSuccess</b><br>Test class: com.wolvesres.haotn.nhanvien.TestValidFullname<br>Parameters: [Ljava.lang.Object;@3cb8c8ce</td>
<td><div><pre>java.lang.AssertionError: expected [true] but found [false]
	at com.wolvesres.haotn.nhanvien.TestValidFullname.testValidFullnameSuccess(TestValidFullname.java:91)
	at java.base/java.util.ArrayList.forEach(ArrayList.java:1511)
... Removed 32 stack frames</pre></div><a href='#' onClick='toggleBox("stack-trace323761934", this, "Click to show all stack frames", "Click to hide stack frames")'>Click to show all stack frames</a>
<div class='stack-trace' id='stack-trace323761934'><pre>java.lang.AssertionError: expected [true] but found [false]
	at org.testng.Assert.fail(Assert.java:99)
	at org.testng.Assert.failNotEquals(Assert.java:1037)
	at org.testng.Assert.assertEqualsImpl(Assert.java:140)
	at org.testng.Assert.assertEquals(Assert.java:122)
	at org.testng.Assert.assertEquals(Assert.java:617)
	at com.wolvesres.haotn.nhanvien.TestValidFullname.testValidFullnameSuccess(TestValidFullname.java:91)
	at java.base/jdk.internal.reflect.NativeMethodAccessorImpl.invoke0(Native Method)
	at java.base/jdk.internal.reflect.NativeMethodAccessorImpl.invoke(NativeMethodAccessorImpl.java:77)
	at java.base/jdk.internal.reflect.DelegatingMethodAccessorImpl.invoke(DelegatingMethodAccessorImpl.java:43)
	at java.base/java.lang.reflect.Method.invoke(Method.java:568)
	at org.testng.internal.MethodInvocationHelper.invokeMethod(MethodInvocationHelper.java:133)
	at org.testng.internal.TestInvoker.invokeMethod(TestInvoker.java:598)
	at org.testng.internal.TestInvoker.invokeTestMethod(TestInvoker.java:173)
	at org.testng.internal.MethodRunner.runInSequence(MethodRunner.java:46)
	at org.testng.internal.TestInvoker$MethodInvocationAgent.invoke(TestInvoker.java:824)
	at org.testng.internal.TestInvoker.invokeTestMethods(TestInvoker.java:146)
	at org.testng.internal.TestMethodWorker.invokeTestMethods(TestMethodWorker.java:146)
	at org.testng.internal.TestMethodWorker.run(TestMethodWorker.java:128)
	at java.base/java.util.ArrayList.forEach(ArrayList.java:1511)
	at org.testng.TestRunner.privateRun(TestRunner.java:794)
	at org.testng.TestRunner.run(TestRunner.java:596)
	at org.testng.SuiteRunner.runTest(SuiteRunner.java:377)
	at org.testng.SuiteRunner.runSequentially(SuiteRunner.java:371)
	at org.testng.SuiteRunner.privateRun(SuiteRunner.java:332)
	at org.testng.SuiteRunner.run(SuiteRunner.java:276)
	at org.testng.SuiteRunnerWorker.runSuite(SuiteRunnerWorker.java:53)
	at org.testng.SuiteRunnerWorker.run(SuiteRunnerWorker.java:96)
	at org.testng.TestNG.runSuitesSequentially(TestNG.java:1212)
	at org.testng.TestNG.runSuitesLocally(TestNG.java:1134)
	at org.testng.TestNG.runSuites(TestNG.java:1063)
	at org.testng.TestNG.run(TestNG.java:1031)
	at org.testng.remote.AbstractRemoteTestNG.run(AbstractRemoteTestNG.java:115)
	at org.testng.remote.RemoteTestNG.initAndRun(RemoteTestNG.java:251)
	at org.testng.remote.RemoteTestNG.main(RemoteTestNG.java:77)
</pre></div></td>
<td>0</td>
<td>com.wolvesres.haotn.nhanvien.TestValidFullname@2f9f7dcf</td></tr>
<tr>
<td title='com.wolvesres.haotn.nhanvien.TestValidFullname.testValidFullnameSuccess()'><b>testValidFullnameSuccess</b><br>Test class: com.wolvesres.haotn.nhanvien.TestValidFullname<br>Parameters: [Ljava.lang.Object;@1fde0371</td>
<td><div><pre>java.lang.AssertionError: expected [true] but found [false]
	at com.wolvesres.haotn.nhanvien.TestValidFullname.testValidFullnameSuccess(TestValidFullname.java:91)
	at java.base/java.util.ArrayList.forEach(ArrayList.java:1511)
... Removed 32 stack frames</pre></div><a href='#' onClick='toggleBox("stack-trace1757933443", this, "Click to show all stack frames", "Click to hide stack frames")'>Click to show all stack frames</a>
<div class='stack-trace' id='stack-trace1757933443'><pre>java.lang.AssertionError: expected [true] but found [false]
	at org.testng.Assert.fail(Assert.java:99)
	at org.testng.Assert.failNotEquals(Assert.java:1037)
	at org.testng.Assert.assertEqualsImpl(Assert.java:140)
	at org.testng.Assert.assertEquals(Assert.java:122)
	at org.testng.Assert.assertEquals(Assert.java:617)
	at com.wolvesres.haotn.nhanvien.TestValidFullname.testValidFullnameSuccess(TestValidFullname.java:91)
	at java.base/jdk.internal.reflect.NativeMethodAccessorImpl.invoke0(Native Method)
	at java.base/jdk.internal.reflect.NativeMethodAccessorImpl.invoke(NativeMethodAccessorImpl.java:77)
	at java.base/jdk.internal.reflect.DelegatingMethodAccessorImpl.invoke(DelegatingMethodAccessorImpl.java:43)
	at java.base/java.lang.reflect.Method.invoke(Method.java:568)
	at org.testng.internal.MethodInvocationHelper.invokeMethod(MethodInvocationHelper.java:133)
	at org.testng.internal.TestInvoker.invokeMethod(TestInvoker.java:598)
	at org.testng.internal.TestInvoker.invokeTestMethod(TestInvoker.java:173)
	at org.testng.internal.MethodRunner.runInSequence(MethodRunner.java:46)
	at org.testng.internal.TestInvoker$MethodInvocationAgent.invoke(TestInvoker.java:824)
	at org.testng.internal.TestInvoker.invokeTestMethods(TestInvoker.java:146)
	at org.testng.internal.TestMethodWorker.invokeTestMethods(TestMethodWorker.java:146)
	at org.testng.internal.TestMethodWorker.run(TestMethodWorker.java:128)
	at java.base/java.util.ArrayList.forEach(ArrayList.java:1511)
	at org.testng.TestRunner.privateRun(TestRunner.java:794)
	at org.testng.TestRunner.run(TestRunner.java:596)
	at org.testng.SuiteRunner.runTest(SuiteRunner.java:377)
	at org.testng.SuiteRunner.runSequentially(SuiteRunner.java:371)
	at org.testng.SuiteRunner.privateRun(SuiteRunner.java:332)
	at org.testng.SuiteRunner.run(SuiteRunner.java:276)
	at org.testng.SuiteRunnerWorker.runSuite(SuiteRunnerWorker.java:53)
	at org.testng.SuiteRunnerWorker.run(SuiteRunnerWorker.java:96)
	at org.testng.TestNG.runSuitesSequentially(TestNG.java:1212)
	at org.testng.TestNG.runSuitesLocally(TestNG.java:1134)
	at org.testng.TestNG.runSuites(TestNG.java:1063)
	at org.testng.TestNG.run(TestNG.java:1031)
	at org.testng.remote.AbstractRemoteTestNG.run(AbstractRemoteTestNG.java:115)
	at org.testng.remote.RemoteTestNG.initAndRun(RemoteTestNG.java:251)
	at org.testng.remote.RemoteTestNG.main(RemoteTestNG.java:77)
</pre></div></td>
<td>0</td>
<td>com.wolvesres.haotn.nhanvien.TestValidFullname@2f9f7dcf</td></tr>
<tr>
<td title='com.wolvesres.haotn.nhanvien.TestValidFullname.testValidFullnameSuccess()'><b>testValidFullnameSuccess</b><br>Test class: com.wolvesres.haotn.nhanvien.TestValidFullname<br>Parameters: [Ljava.lang.Object;@70c0a3d5</td>
<td><div><pre>java.lang.AssertionError: expected [true] but found [false]
	at com.wolvesres.haotn.nhanvien.TestValidFullname.testValidFullnameSuccess(TestValidFullname.java:91)
	at java.base/java.util.ArrayList.forEach(ArrayList.java:1511)
... Removed 32 stack frames</pre></div><a href='#' onClick='toggleBox("stack-trace109175108", this, "Click to show all stack frames", "Click to hide stack frames")'>Click to show all stack frames</a>
<div class='stack-trace' id='stack-trace109175108'><pre>java.lang.AssertionError: expected [true] but found [false]
	at org.testng.Assert.fail(Assert.java:99)
	at org.testng.Assert.failNotEquals(Assert.java:1037)
	at org.testng.Assert.assertEqualsImpl(Assert.java:140)
	at org.testng.Assert.assertEquals(Assert.java:122)
	at org.testng.Assert.assertEquals(Assert.java:617)
	at com.wolvesres.haotn.nhanvien.TestValidFullname.testValidFullnameSuccess(TestValidFullname.java:91)
	at java.base/jdk.internal.reflect.NativeMethodAccessorImpl.invoke0(Native Method)
	at java.base/jdk.internal.reflect.NativeMethodAccessorImpl.invoke(NativeMethodAccessorImpl.java:77)
	at java.base/jdk.internal.reflect.DelegatingMethodAccessorImpl.invoke(DelegatingMethodAccessorImpl.java:43)
	at java.base/java.lang.reflect.Method.invoke(Method.java:568)
	at org.testng.internal.MethodInvocationHelper.invokeMethod(MethodInvocationHelper.java:133)
	at org.testng.internal.TestInvoker.invokeMethod(TestInvoker.java:598)
	at org.testng.internal.TestInvoker.invokeTestMethod(TestInvoker.java:173)
	at org.testng.internal.MethodRunner.runInSequence(MethodRunner.java:46)
	at org.testng.internal.TestInvoker$MethodInvocationAgent.invoke(TestInvoker.java:824)
	at org.testng.internal.TestInvoker.invokeTestMethods(TestInvoker.java:146)
	at org.testng.internal.TestMethodWorker.invokeTestMethods(TestMethodWorker.java:146)
	at org.testng.internal.TestMethodWorker.run(TestMethodWorker.java:128)
	at java.base/java.util.ArrayList.forEach(ArrayList.java:1511)
	at org.testng.TestRunner.privateRun(TestRunner.java:794)
	at org.testng.TestRunner.run(TestRunner.java:596)
	at org.testng.SuiteRunner.runTest(SuiteRunner.java:377)
	at org.testng.SuiteRunner.runSequentially(SuiteRunner.java:371)
	at org.testng.SuiteRunner.privateRun(SuiteRunner.java:332)
	at org.testng.SuiteRunner.run(SuiteRunner.java:276)
	at org.testng.SuiteRunnerWorker.runSuite(SuiteRunnerWorker.java:53)
	at org.testng.SuiteRunnerWorker.run(SuiteRunnerWorker.java:96)
	at org.testng.TestNG.runSuitesSequentially(TestNG.java:1212)
	at org.testng.TestNG.runSuitesLocally(TestNG.java:1134)
	at org.testng.TestNG.runSuites(TestNG.java:1063)
	at org.testng.TestNG.run(TestNG.java:1031)
	at org.testng.remote.AbstractRemoteTestNG.run(AbstractRemoteTestNG.java:115)
	at org.testng.remote.RemoteTestNG.initAndRun(RemoteTestNG.java:251)
	at org.testng.remote.RemoteTestNG.main(RemoteTestNG.java:77)
</pre></div></td>
<td>0</td>
<td>com.wolvesres.haotn.nhanvien.TestValidFullname@2f9f7dcf</td></tr>
<tr>
<td title='com.wolvesres.haotn.nhanvien.TestValidFullname.testValidFullnameSuccess()'><b>testValidFullnameSuccess</b><br>Test class: com.wolvesres.haotn.nhanvien.TestValidFullname<br>Parameters: [Ljava.lang.Object;@5c8e67b9</td>
<td><div><pre>java.lang.AssertionError: expected [true] but found [false]
	at com.wolvesres.haotn.nhanvien.TestValidFullname.testValidFullnameSuccess(TestValidFullname.java:91)
	at java.base/java.util.ArrayList.forEach(ArrayList.java:1511)
... Removed 32 stack frames</pre></div><a href='#' onClick='toggleBox("stack-trace1689723487", this, "Click to show all stack frames", "Click to hide stack frames")'>Click to show all stack frames</a>
<div class='stack-trace' id='stack-trace1689723487'><pre>java.lang.AssertionError: expected [true] but found [false]
	at org.testng.Assert.fail(Assert.java:99)
	at org.testng.Assert.failNotEquals(Assert.java:1037)
	at org.testng.Assert.assertEqualsImpl(Assert.java:140)
	at org.testng.Assert.assertEquals(Assert.java:122)
	at org.testng.Assert.assertEquals(Assert.java:617)
	at com.wolvesres.haotn.nhanvien.TestValidFullname.testValidFullnameSuccess(TestValidFullname.java:91)
	at java.base/jdk.internal.reflect.NativeMethodAccessorImpl.invoke0(Native Method)
	at java.base/jdk.internal.reflect.NativeMethodAccessorImpl.invoke(NativeMethodAccessorImpl.java:77)
	at java.base/jdk.internal.reflect.DelegatingMethodAccessorImpl.invoke(DelegatingMethodAccessorImpl.java:43)
	at java.base/java.lang.reflect.Method.invoke(Method.java:568)
	at org.testng.internal.MethodInvocationHelper.invokeMethod(MethodInvocationHelper.java:133)
	at org.testng.internal.TestInvoker.invokeMethod(TestInvoker.java:598)
	at org.testng.internal.TestInvoker.invokeTestMethod(TestInvoker.java:173)
	at org.testng.internal.MethodRunner.runInSequence(MethodRunner.java:46)
	at org.testng.internal.TestInvoker$MethodInvocationAgent.invoke(TestInvoker.java:824)
	at org.testng.internal.TestInvoker.invokeTestMethods(TestInvoker.java:146)
	at org.testng.internal.TestMethodWorker.invokeTestMethods(TestMethodWorker.java:146)
	at org.testng.internal.TestMethodWorker.run(TestMethodWorker.java:128)
	at java.base/java.util.ArrayList.forEach(ArrayList.java:1511)
	at org.testng.TestRunner.privateRun(TestRunner.java:794)
	at org.testng.TestRunner.run(TestRunner.java:596)
	at org.testng.SuiteRunner.runTest(SuiteRunner.java:377)
	at org.testng.SuiteRunner.runSequentially(SuiteRunner.java:371)
	at org.testng.SuiteRunner.privateRun(SuiteRunner.java:332)
	at org.testng.SuiteRunner.run(SuiteRunner.java:276)
	at org.testng.SuiteRunnerWorker.runSuite(SuiteRunnerWorker.java:53)
	at org.testng.SuiteRunnerWorker.run(SuiteRunnerWorker.java:96)
	at org.testng.TestNG.runSuitesSequentially(TestNG.java:1212)
	at org.testng.TestNG.runSuitesLocally(TestNG.java:1134)
	at org.testng.TestNG.runSuites(TestNG.java:1063)
	at org.testng.TestNG.run(TestNG.java:1031)
	at org.testng.remote.AbstractRemoteTestNG.run(AbstractRemoteTestNG.java:115)
	at org.testng.remote.RemoteTestNG.initAndRun(RemoteTestNG.java:251)
	at org.testng.remote.RemoteTestNG.main(RemoteTestNG.java:77)
</pre></div></td>
<td>0</td>
<td>com.wolvesres.haotn.nhanvien.TestValidFullname@2f9f7dcf</td></tr>
<tr>
<td title='com.wolvesres.ducvh.matkhau.PasswordEmptyTestFail.f()'><b>f</b><br>Test class: com.wolvesres.ducvh.matkhau.PasswordEmptyTestFail<br>Parameters: null, false</td>
<td><div><pre>java.lang.NullPointerException: Cannot invoke &quot;java.lang.CharSequence.length()&quot; because &quot;this.text&quot; is null
	at java.base/java.util.regex.Matcher.getTextLength(Matcher.java:1769)
	at java.base/java.util.regex.Matcher.reset(Matcher.java:415)
	at java.base/java.util.regex.Matcher.&lt;init&gt;(Matcher.java:252)
	at java.base/java.util.regex.Pattern.matcher(Pattern.java:1134)
	at com.wolvesres.form.taikhoan.EditTaiKhoan.validatePass(EditTaiKhoan.java:165)
	at com.wolvesres.ducvh.matkhau.PasswordEmptyTestFail.f(PasswordEmptyTestFail.java:14)
	at java.base/java.util.ArrayList.forEach(ArrayList.java:1511)
... Removed 27 stack frames</pre></div><a href='#' onClick='toggleBox("stack-trace1595472338", this, "Click to show all stack frames", "Click to hide stack frames")'>Click to show all stack frames</a>
<div class='stack-trace' id='stack-trace1595472338'><pre>java.lang.NullPointerException: Cannot invoke &quot;java.lang.CharSequence.length()&quot; because &quot;this.text&quot; is null
	at java.base/java.util.regex.Matcher.getTextLength(Matcher.java:1769)
	at java.base/java.util.regex.Matcher.reset(Matcher.java:415)
	at java.base/java.util.regex.Matcher.&lt;init&gt;(Matcher.java:252)
	at java.base/java.util.regex.Pattern.matcher(Pattern.java:1134)
	at com.wolvesres.form.taikhoan.EditTaiKhoan.validatePass(EditTaiKhoan.java:165)
	at com.wolvesres.ducvh.matkhau.PasswordEmptyTestFail.f(PasswordEmptyTestFail.java:14)
	at java.base/jdk.internal.reflect.NativeMethodAccessorImpl.invoke0(Native Method)
	at java.base/jdk.internal.reflect.NativeMethodAccessorImpl.invoke(NativeMethodAccessorImpl.java:77)
	at java.base/jdk.internal.reflect.DelegatingMethodAccessorImpl.invoke(DelegatingMethodAccessorImpl.java:43)
	at java.base/java.lang.reflect.Method.invoke(Method.java:568)
	at org.testng.internal.MethodInvocationHelper.invokeMethod(MethodInvocationHelper.java:133)
	at org.testng.internal.TestInvoker.invokeMethod(TestInvoker.java:598)
	at org.testng.internal.TestInvoker.invokeTestMethod(TestInvoker.java:173)
	at org.testng.internal.MethodRunner.runInSequence(MethodRunner.java:46)
	at org.testng.internal.TestInvoker$MethodInvocationAgent.invoke(TestInvoker.java:824)
	at org.testng.internal.TestInvoker.invokeTestMethods(TestInvoker.java:146)
	at org.testng.internal.TestMethodWorker.invokeTestMethods(TestMethodWorker.java:146)
	at org.testng.internal.TestMethodWorker.run(TestMethodWorker.java:128)
	at java.base/java.util.ArrayList.forEach(ArrayList.java:1511)
	at org.testng.TestRunner.privateRun(TestRunner.java:794)
	at org.testng.TestRunner.run(TestRunner.java:596)
	at org.testng.SuiteRunner.runTest(SuiteRunner.java:377)
	at org.testng.SuiteRunner.runSequentially(SuiteRunner.java:371)
	at org.testng.SuiteRunner.privateRun(SuiteRunner.java:332)
	at org.testng.SuiteRunner.run(SuiteRunner.java:276)
	at org.testng.SuiteRunnerWorker.runSuite(SuiteRunnerWorker.java:53)
	at org.testng.SuiteRunnerWorker.run(SuiteRunnerWorker.java:96)
	at org.testng.TestNG.runSuitesSequentially(TestNG.java:1212)
	at org.testng.TestNG.runSuitesLocally(TestNG.java:1134)
	at org.testng.TestNG.runSuites(TestNG.java:1063)
	at org.testng.TestNG.run(TestNG.java:1031)
	at org.testng.remote.AbstractRemoteTestNG.run(AbstractRemoteTestNG.java:115)
	at org.testng.remote.RemoteTestNG.initAndRun(RemoteTestNG.java:251)
	at org.testng.remote.RemoteTestNG.main(RemoteTestNG.java:77)
</pre></div></td>
<td>0</td>
<td>com.wolvesres.ducvh.matkhau.PasswordEmptyTestFail@67c27493</td></tr>
<tr>
<td title='com.wolvesres.haotn.nhanvien.TestValidFullname.testValidFullnameSuccess()'><b>testValidFullnameSuccess</b><br>Test class: com.wolvesres.haotn.nhanvien.TestValidFullname<br>Parameters: [Ljava.lang.Object;@260a3a5e</td>
<td><div><pre>java.lang.AssertionError: expected [true] but found [false]
	at com.wolvesres.haotn.nhanvien.TestValidFullname.testValidFullnameSuccess(TestValidFullname.java:91)
	at java.base/java.util.ArrayList.forEach(ArrayList.java:1511)
... Removed 32 stack frames</pre></div><a href='#' onClick='toggleBox("stack-trace62156248", this, "Click to show all stack frames", "Click to hide stack frames")'>Click to show all stack frames</a>
<div class='stack-trace' id='stack-trace62156248'><pre>java.lang.AssertionError: expected [true] but found [false]
	at org.testng.Assert.fail(Assert.java:99)
	at org.testng.Assert.failNotEquals(Assert.java:1037)
	at org.testng.Assert.assertEqualsImpl(Assert.java:140)
	at org.testng.Assert.assertEquals(Assert.java:122)
	at org.testng.Assert.assertEquals(Assert.java:617)
	at com.wolvesres.haotn.nhanvien.TestValidFullname.testValidFullnameSuccess(TestValidFullname.java:91)
	at java.base/jdk.internal.reflect.NativeMethodAccessorImpl.invoke0(Native Method)
	at java.base/jdk.internal.reflect.NativeMethodAccessorImpl.invoke(NativeMethodAccessorImpl.java:77)
	at java.base/jdk.internal.reflect.DelegatingMethodAccessorImpl.invoke(DelegatingMethodAccessorImpl.java:43)
	at java.base/java.lang.reflect.Method.invoke(Method.java:568)
	at org.testng.internal.MethodInvocationHelper.invokeMethod(MethodInvocationHelper.java:133)
	at org.testng.internal.TestInvoker.invokeMethod(TestInvoker.java:598)
	at org.testng.internal.TestInvoker.invokeTestMethod(TestInvoker.java:173)
	at org.testng.internal.MethodRunner.runInSequence(MethodRunner.java:46)
	at org.testng.internal.TestInvoker$MethodInvocationAgent.invoke(TestInvoker.java:824)
	at org.testng.internal.TestInvoker.invokeTestMethods(TestInvoker.java:146)
	at org.testng.internal.TestMethodWorker.invokeTestMethods(TestMethodWorker.java:146)
	at org.testng.internal.TestMethodWorker.run(TestMethodWorker.java:128)
	at java.base/java.util.ArrayList.forEach(ArrayList.java:1511)
	at org.testng.TestRunner.privateRun(TestRunner.java:794)
	at org.testng.TestRunner.run(TestRunner.java:596)
	at org.testng.SuiteRunner.runTest(SuiteRunner.java:377)
	at org.testng.SuiteRunner.runSequentially(SuiteRunner.java:371)
	at org.testng.SuiteRunner.privateRun(SuiteRunner.java:332)
	at org.testng.SuiteRunner.run(SuiteRunner.java:276)
	at org.testng.SuiteRunnerWorker.runSuite(SuiteRunnerWorker.java:53)
	at org.testng.SuiteRunnerWorker.run(SuiteRunnerWorker.java:96)
	at org.testng.TestNG.runSuitesSequentially(TestNG.java:1212)
	at org.testng.TestNG.runSuitesLocally(TestNG.java:1134)
	at org.testng.TestNG.runSuites(TestNG.java:1063)
	at org.testng.TestNG.run(TestNG.java:1031)
	at org.testng.remote.AbstractRemoteTestNG.run(AbstractRemoteTestNG.java:115)
	at org.testng.remote.RemoteTestNG.initAndRun(RemoteTestNG.java:251)
	at org.testng.remote.RemoteTestNG.main(RemoteTestNG.java:77)
</pre></div></td>
<td>0</td>
<td>com.wolvesres.haotn.nhanvien.TestValidFullname@2f9f7dcf</td></tr>
<tr>
<td title='com.wolvesres.haotn.nhanvien.TestValidFullname.testValidFullnameSuccess()'><b>testValidFullnameSuccess</b><br>Test class: com.wolvesres.haotn.nhanvien.TestValidFullname<br>Parameters: [Ljava.lang.Object;@49206065</td>
<td><div><pre>java.lang.AssertionError: expected [true] but found [false]
	at com.wolvesres.haotn.nhanvien.TestValidFullname.testValidFullnameSuccess(TestValidFullname.java:91)
	at java.base/java.util.ArrayList.forEach(ArrayList.java:1511)
... Removed 32 stack frames</pre></div><a href='#' onClick='toggleBox("stack-trace963768574", this, "Click to show all stack frames", "Click to hide stack frames")'>Click to show all stack frames</a>
<div class='stack-trace' id='stack-trace963768574'><pre>java.lang.AssertionError: expected [true] but found [false]
	at org.testng.Assert.fail(Assert.java:99)
	at org.testng.Assert.failNotEquals(Assert.java:1037)
	at org.testng.Assert.assertEqualsImpl(Assert.java:140)
	at org.testng.Assert.assertEquals(Assert.java:122)
	at org.testng.Assert.assertEquals(Assert.java:617)
	at com.wolvesres.haotn.nhanvien.TestValidFullname.testValidFullnameSuccess(TestValidFullname.java:91)
	at java.base/jdk.internal.reflect.NativeMethodAccessorImpl.invoke0(Native Method)
	at java.base/jdk.internal.reflect.NativeMethodAccessorImpl.invoke(NativeMethodAccessorImpl.java:77)
	at java.base/jdk.internal.reflect.DelegatingMethodAccessorImpl.invoke(DelegatingMethodAccessorImpl.java:43)
	at java.base/java.lang.reflect.Method.invoke(Method.java:568)
	at org.testng.internal.MethodInvocationHelper.invokeMethod(MethodInvocationHelper.java:133)
	at org.testng.internal.TestInvoker.invokeMethod(TestInvoker.java:598)
	at org.testng.internal.TestInvoker.invokeTestMethod(TestInvoker.java:173)
	at org.testng.internal.MethodRunner.runInSequence(MethodRunner.java:46)
	at org.testng.internal.TestInvoker$MethodInvocationAgent.invoke(TestInvoker.java:824)
	at org.testng.internal.TestInvoker.invokeTestMethods(TestInvoker.java:146)
	at org.testng.internal.TestMethodWorker.invokeTestMethods(TestMethodWorker.java:146)
	at org.testng.internal.TestMethodWorker.run(TestMethodWorker.java:128)
	at java.base/java.util.ArrayList.forEach(ArrayList.java:1511)
	at org.testng.TestRunner.privateRun(TestRunner.java:794)
	at org.testng.TestRunner.run(TestRunner.java:596)
	at org.testng.SuiteRunner.runTest(SuiteRunner.java:377)
	at org.testng.SuiteRunner.runSequentially(SuiteRunner.java:371)
	at org.testng.SuiteRunner.privateRun(SuiteRunner.java:332)
	at org.testng.SuiteRunner.run(SuiteRunner.java:276)
	at org.testng.SuiteRunnerWorker.runSuite(SuiteRunnerWorker.java:53)
	at org.testng.SuiteRunnerWorker.run(SuiteRunnerWorker.java:96)
	at org.testng.TestNG.runSuitesSequentially(TestNG.java:1212)
	at org.testng.TestNG.runSuitesLocally(TestNG.java:1134)
	at org.testng.TestNG.runSuites(TestNG.java:1063)
	at org.testng.TestNG.run(TestNG.java:1031)
	at org.testng.remote.AbstractRemoteTestNG.run(AbstractRemoteTestNG.java:115)
	at org.testng.remote.RemoteTestNG.initAndRun(RemoteTestNG.java:251)
	at org.testng.remote.RemoteTestNG.main(RemoteTestNG.java:77)
</pre></div></td>
<td>0</td>
<td>com.wolvesres.haotn.nhanvien.TestValidFullname@2f9f7dcf</td></tr>
<tr>
<td title='com.wolvesres.haotn.nhanvien.TestValidFullname.testValidFullnameSuccess()'><b>testValidFullnameSuccess</b><br>Test class: com.wolvesres.haotn.nhanvien.TestValidFullname<br>Parameters: [Ljava.lang.Object;@3c0bbc9f</td>
<td><div><pre>java.lang.AssertionError: expected [true] but found [false]
	at com.wolvesres.haotn.nhanvien.TestValidFullname.testValidFullnameSuccess(TestValidFullname.java:91)
	at java.base/java.util.ArrayList.forEach(ArrayList.java:1511)
... Removed 32 stack frames</pre></div><a href='#' onClick='toggleBox("stack-trace302059473", this, "Click to show all stack frames", "Click to hide stack frames")'>Click to show all stack frames</a>
<div class='stack-trace' id='stack-trace302059473'><pre>java.lang.AssertionError: expected [true] but found [false]
	at org.testng.Assert.fail(Assert.java:99)
	at org.testng.Assert.failNotEquals(Assert.java:1037)
	at org.testng.Assert.assertEqualsImpl(Assert.java:140)
	at org.testng.Assert.assertEquals(Assert.java:122)
	at org.testng.Assert.assertEquals(Assert.java:617)
	at com.wolvesres.haotn.nhanvien.TestValidFullname.testValidFullnameSuccess(TestValidFullname.java:91)
	at java.base/jdk.internal.reflect.NativeMethodAccessorImpl.invoke0(Native Method)
	at java.base/jdk.internal.reflect.NativeMethodAccessorImpl.invoke(NativeMethodAccessorImpl.java:77)
	at java.base/jdk.internal.reflect.DelegatingMethodAccessorImpl.invoke(DelegatingMethodAccessorImpl.java:43)
	at java.base/java.lang.reflect.Method.invoke(Method.java:568)
	at org.testng.internal.MethodInvocationHelper.invokeMethod(MethodInvocationHelper.java:133)
	at org.testng.internal.TestInvoker.invokeMethod(TestInvoker.java:598)
	at org.testng.internal.TestInvoker.invokeTestMethod(TestInvoker.java:173)
	at org.testng.internal.MethodRunner.runInSequence(MethodRunner.java:46)
	at org.testng.internal.TestInvoker$MethodInvocationAgent.invoke(TestInvoker.java:824)
	at org.testng.internal.TestInvoker.invokeTestMethods(TestInvoker.java:146)
	at org.testng.internal.TestMethodWorker.invokeTestMethods(TestMethodWorker.java:146)
	at org.testng.internal.TestMethodWorker.run(TestMethodWorker.java:128)
	at java.base/java.util.ArrayList.forEach(ArrayList.java:1511)
	at org.testng.TestRunner.privateRun(TestRunner.java:794)
	at org.testng.TestRunner.run(TestRunner.java:596)
	at org.testng.SuiteRunner.runTest(SuiteRunner.java:377)
	at org.testng.SuiteRunner.runSequentially(SuiteRunner.java:371)
	at org.testng.SuiteRunner.privateRun(SuiteRunner.java:332)
	at org.testng.SuiteRunner.run(SuiteRunner.java:276)
	at org.testng.SuiteRunnerWorker.runSuite(SuiteRunnerWorker.java:53)
	at org.testng.SuiteRunnerWorker.run(SuiteRunnerWorker.java:96)
	at org.testng.TestNG.runSuitesSequentially(TestNG.java:1212)
	at org.testng.TestNG.runSuitesLocally(TestNG.java:1134)
	at org.testng.TestNG.runSuites(TestNG.java:1063)
	at org.testng.TestNG.run(TestNG.java:1031)
	at org.testng.remote.AbstractRemoteTestNG.run(AbstractRemoteTestNG.java:115)
	at org.testng.remote.RemoteTestNG.initAndRun(RemoteTestNG.java:251)
	at org.testng.remote.RemoteTestNG.main(RemoteTestNG.java:77)
</pre></div></td>
<td>0</td>
<td>com.wolvesres.haotn.nhanvien.TestValidFullname@2f9f7dcf</td></tr>
<tr>
<td title='com.wolvesres.haotn.nhanvien.TestValidFullname.testValidFullnameSuccess()'><b>testValidFullnameSuccess</b><br>Test class: com.wolvesres.haotn.nhanvien.TestValidFullname<br>Parameters: [Ljava.lang.Object;@1317b708</td>
<td><div><pre>java.lang.AssertionError: expected [true] but found [false]
	at com.wolvesres.haotn.nhanvien.TestValidFullname.testValidFullnameSuccess(TestValidFullname.java:91)
	at java.base/java.util.ArrayList.forEach(ArrayList.java:1511)
... Removed 32 stack frames</pre></div><a href='#' onClick='toggleBox("stack-trace836782867", this, "Click to show all stack frames", "Click to hide stack frames")'>Click to show all stack frames</a>
<div class='stack-trace' id='stack-trace836782867'><pre>java.lang.AssertionError: expected [true] but found [false]
	at org.testng.Assert.fail(Assert.java:99)
	at org.testng.Assert.failNotEquals(Assert.java:1037)
	at org.testng.Assert.assertEqualsImpl(Assert.java:140)
	at org.testng.Assert.assertEquals(Assert.java:122)
	at org.testng.Assert.assertEquals(Assert.java:617)
	at com.wolvesres.haotn.nhanvien.TestValidFullname.testValidFullnameSuccess(TestValidFullname.java:91)
	at java.base/jdk.internal.reflect.NativeMethodAccessorImpl.invoke0(Native Method)
	at java.base/jdk.internal.reflect.NativeMethodAccessorImpl.invoke(NativeMethodAccessorImpl.java:77)
	at java.base/jdk.internal.reflect.DelegatingMethodAccessorImpl.invoke(DelegatingMethodAccessorImpl.java:43)
	at java.base/java.lang.reflect.Method.invoke(Method.java:568)
	at org.testng.internal.MethodInvocationHelper.invokeMethod(MethodInvocationHelper.java:133)
	at org.testng.internal.TestInvoker.invokeMethod(TestInvoker.java:598)
	at org.testng.internal.TestInvoker.invokeTestMethod(TestInvoker.java:173)
	at org.testng.internal.MethodRunner.runInSequence(MethodRunner.java:46)
	at org.testng.internal.TestInvoker$MethodInvocationAgent.invoke(TestInvoker.java:824)
	at org.testng.internal.TestInvoker.invokeTestMethods(TestInvoker.java:146)
	at org.testng.internal.TestMethodWorker.invokeTestMethods(TestMethodWorker.java:146)
	at org.testng.internal.TestMethodWorker.run(TestMethodWorker.java:128)
	at java.base/java.util.ArrayList.forEach(ArrayList.java:1511)
	at org.testng.TestRunner.privateRun(TestRunner.java:794)
	at org.testng.TestRunner.run(TestRunner.java:596)
	at org.testng.SuiteRunner.runTest(SuiteRunner.java:377)
	at org.testng.SuiteRunner.runSequentially(SuiteRunner.java:371)
	at org.testng.SuiteRunner.privateRun(SuiteRunner.java:332)
	at org.testng.SuiteRunner.run(SuiteRunner.java:276)
	at org.testng.SuiteRunnerWorker.runSuite(SuiteRunnerWorker.java:53)
	at org.testng.SuiteRunnerWorker.run(SuiteRunnerWorker.java:96)
	at org.testng.TestNG.runSuitesSequentially(TestNG.java:1212)
	at org.testng.TestNG.runSuitesLocally(TestNG.java:1134)
	at org.testng.TestNG.runSuites(TestNG.java:1063)
	at org.testng.TestNG.run(TestNG.java:1031)
	at org.testng.remote.AbstractRemoteTestNG.run(AbstractRemoteTestNG.java:115)
	at org.testng.remote.RemoteTestNG.initAndRun(RemoteTestNG.java:251)
	at org.testng.remote.RemoteTestNG.main(RemoteTestNG.java:77)
</pre></div></td>
<td>0</td>
<td>com.wolvesres.haotn.nhanvien.TestValidFullname@2f9f7dcf</td></tr>
<tr>
<td title='com.wolvesres.haotn.nhanvien.TestValidFullname.testValidFullnameSuccess()'><b>testValidFullnameSuccess</b><br>Test class: com.wolvesres.haotn.nhanvien.TestValidFullname<br>Parameters: [Ljava.lang.Object;@6438a7fe</td>
<td><div><pre>java.lang.AssertionError: expected [true] but found [false]
	at com.wolvesres.haotn.nhanvien.TestValidFullname.testValidFullnameSuccess(TestValidFullname.java:91)
	at java.base/java.util.ArrayList.forEach(ArrayList.java:1511)
... Removed 32 stack frames</pre></div><a href='#' onClick='toggleBox("stack-trace1163404461", this, "Click to show all stack frames", "Click to hide stack frames")'>Click to show all stack frames</a>
<div class='stack-trace' id='stack-trace1163404461'><pre>java.lang.AssertionError: expected [true] but found [false]
	at org.testng.Assert.fail(Assert.java:99)
	at org.testng.Assert.failNotEquals(Assert.java:1037)
	at org.testng.Assert.assertEqualsImpl(Assert.java:140)
	at org.testng.Assert.assertEquals(Assert.java:122)
	at org.testng.Assert.assertEquals(Assert.java:617)
	at com.wolvesres.haotn.nhanvien.TestValidFullname.testValidFullnameSuccess(TestValidFullname.java:91)
	at java.base/jdk.internal.reflect.NativeMethodAccessorImpl.invoke0(Native Method)
	at java.base/jdk.internal.reflect.NativeMethodAccessorImpl.invoke(NativeMethodAccessorImpl.java:77)
	at java.base/jdk.internal.reflect.DelegatingMethodAccessorImpl.invoke(DelegatingMethodAccessorImpl.java:43)
	at java.base/java.lang.reflect.Method.invoke(Method.java:568)
	at org.testng.internal.MethodInvocationHelper.invokeMethod(MethodInvocationHelper.java:133)
	at org.testng.internal.TestInvoker.invokeMethod(TestInvoker.java:598)
	at org.testng.internal.TestInvoker.invokeTestMethod(TestInvoker.java:173)
	at org.testng.internal.MethodRunner.runInSequence(MethodRunner.java:46)
	at org.testng.internal.TestInvoker$MethodInvocationAgent.invoke(TestInvoker.java:824)
	at org.testng.internal.TestInvoker.invokeTestMethods(TestInvoker.java:146)
	at org.testng.internal.TestMethodWorker.invokeTestMethods(TestMethodWorker.java:146)
	at org.testng.internal.TestMethodWorker.run(TestMethodWorker.java:128)
	at java.base/java.util.ArrayList.forEach(ArrayList.java:1511)
	at org.testng.TestRunner.privateRun(TestRunner.java:794)
	at org.testng.TestRunner.run(TestRunner.java:596)
	at org.testng.SuiteRunner.runTest(SuiteRunner.java:377)
	at org.testng.SuiteRunner.runSequentially(SuiteRunner.java:371)
	at org.testng.SuiteRunner.privateRun(SuiteRunner.java:332)
	at org.testng.SuiteRunner.run(SuiteRunner.java:276)
	at org.testng.SuiteRunnerWorker.runSuite(SuiteRunnerWorker.java:53)
	at org.testng.SuiteRunnerWorker.run(SuiteRunnerWorker.java:96)
	at org.testng.TestNG.runSuitesSequentially(TestNG.java:1212)
	at org.testng.TestNG.runSuitesLocally(TestNG.java:1134)
	at org.testng.TestNG.runSuites(TestNG.java:1063)
	at org.testng.TestNG.run(TestNG.java:1031)
	at org.testng.remote.AbstractRemoteTestNG.run(AbstractRemoteTestNG.java:115)
	at org.testng.remote.RemoteTestNG.initAndRun(RemoteTestNG.java:251)
	at org.testng.remote.RemoteTestNG.main(RemoteTestNG.java:77)
</pre></div></td>
<td>0</td>
<td>com.wolvesres.haotn.nhanvien.TestValidFullname@2f9f7dcf</td></tr>
<tr>
<td title='com.wolvesres.login.testclass.TestLogin.testLoginFail()'><b>testLoginFail</b><br>Test class: com.wolvesres.login.testclass.TestLogin<br>Parameters: BOSS01, 12345678, false</td>
<td><div><pre>junit.framework.AssertionFailedError: expected:&lt;false&gt; but was:&lt;true&gt;
	at junit.framework.Assert.fail(Assert.java:47)
	at junit.framework.Assert.failNotEquals(Assert.java:282)
	at junit.framework.Assert.assertEquals(Assert.java:64)
	at junit.framework.Assert.assertEquals(Assert.java:149)
	at junit.framework.Assert.assertEquals(Assert.java:155)
	at com.wolvesres.login.testclass.TestLogin.testLoginFail(TestLogin.java:50)
	at java.base/java.util.ArrayList.forEach(ArrayList.java:1511)
... Removed 27 stack frames</pre></div><a href='#' onClick='toggleBox("stack-trace1163189762", this, "Click to show all stack frames", "Click to hide stack frames")'>Click to show all stack frames</a>
<div class='stack-trace' id='stack-trace1163189762'><pre>junit.framework.AssertionFailedError: expected:&lt;false&gt; but was:&lt;true&gt;
	at junit.framework.Assert.fail(Assert.java:47)
	at junit.framework.Assert.failNotEquals(Assert.java:282)
	at junit.framework.Assert.assertEquals(Assert.java:64)
	at junit.framework.Assert.assertEquals(Assert.java:149)
	at junit.framework.Assert.assertEquals(Assert.java:155)
	at com.wolvesres.login.testclass.TestLogin.testLoginFail(TestLogin.java:50)
	at java.base/jdk.internal.reflect.NativeMethodAccessorImpl.invoke0(Native Method)
	at java.base/jdk.internal.reflect.NativeMethodAccessorImpl.invoke(NativeMethodAccessorImpl.java:77)
	at java.base/jdk.internal.reflect.DelegatingMethodAccessorImpl.invoke(DelegatingMethodAccessorImpl.java:43)
	at java.base/java.lang.reflect.Method.invoke(Method.java:568)
	at org.testng.internal.MethodInvocationHelper.invokeMethod(MethodInvocationHelper.java:133)
	at org.testng.internal.TestInvoker.invokeMethod(TestInvoker.java:598)
	at org.testng.internal.TestInvoker.invokeTestMethod(TestInvoker.java:173)
	at org.testng.internal.MethodRunner.runInSequence(MethodRunner.java:46)
	at org.testng.internal.TestInvoker$MethodInvocationAgent.invoke(TestInvoker.java:824)
	at org.testng.internal.TestInvoker.invokeTestMethods(TestInvoker.java:146)
	at org.testng.internal.TestMethodWorker.invokeTestMethods(TestMethodWorker.java:146)
	at org.testng.internal.TestMethodWorker.run(TestMethodWorker.java:128)
	at java.base/java.util.ArrayList.forEach(ArrayList.java:1511)
	at org.testng.TestRunner.privateRun(TestRunner.java:794)
	at org.testng.TestRunner.run(TestRunner.java:596)
	at org.testng.SuiteRunner.runTest(SuiteRunner.java:377)
	at org.testng.SuiteRunner.runSequentially(SuiteRunner.java:371)
	at org.testng.SuiteRunner.privateRun(SuiteRunner.java:332)
	at org.testng.SuiteRunner.run(SuiteRunner.java:276)
	at org.testng.SuiteRunnerWorker.runSuite(SuiteRunnerWorker.java:53)
	at org.testng.SuiteRunnerWorker.run(SuiteRunnerWorker.java:96)
	at org.testng.TestNG.runSuitesSequentially(TestNG.java:1212)
	at org.testng.TestNG.runSuitesLocally(TestNG.java:1134)
	at org.testng.TestNG.runSuites(TestNG.java:1063)
	at org.testng.TestNG.run(TestNG.java:1031)
	at org.testng.remote.AbstractRemoteTestNG.run(AbstractRemoteTestNG.java:115)
	at org.testng.remote.RemoteTestNG.initAndRun(RemoteTestNG.java:251)
	at org.testng.remote.RemoteTestNG.main(RemoteTestNG.java:77)
</pre></div></td>
<td>0</td>
<td>com.wolvesres.login.testclass.TestLogin@3349e9bb</td></tr>
<tr>
<td title='com.wolvesres.haotn.nhanvien.TestValidFullname.testValidFullnameSuccess()'><b>testValidFullnameSuccess</b><br>Test class: com.wolvesres.haotn.nhanvien.TestValidFullname<br>Parameters: [Ljava.lang.Object;@2e51d054</td>
<td><div><pre>java.lang.AssertionError: expected [true] but found [false]
	at com.wolvesres.haotn.nhanvien.TestValidFullname.testValidFullnameSuccess(TestValidFullname.java:91)
	at java.base/java.util.ArrayList.forEach(ArrayList.java:1511)
... Removed 32 stack frames</pre></div><a href='#' onClick='toggleBox("stack-trace1952194564", this, "Click to show all stack frames", "Click to hide stack frames")'>Click to show all stack frames</a>
<div class='stack-trace' id='stack-trace1952194564'><pre>java.lang.AssertionError: expected [true] but found [false]
	at org.testng.Assert.fail(Assert.java:99)
	at org.testng.Assert.failNotEquals(Assert.java:1037)
	at org.testng.Assert.assertEqualsImpl(Assert.java:140)
	at org.testng.Assert.assertEquals(Assert.java:122)
	at org.testng.Assert.assertEquals(Assert.java:617)
	at com.wolvesres.haotn.nhanvien.TestValidFullname.testValidFullnameSuccess(TestValidFullname.java:91)
	at java.base/jdk.internal.reflect.NativeMethodAccessorImpl.invoke0(Native Method)
	at java.base/jdk.internal.reflect.NativeMethodAccessorImpl.invoke(NativeMethodAccessorImpl.java:77)
	at java.base/jdk.internal.reflect.DelegatingMethodAccessorImpl.invoke(DelegatingMethodAccessorImpl.java:43)
	at java.base/java.lang.reflect.Method.invoke(Method.java:568)
	at org.testng.internal.MethodInvocationHelper.invokeMethod(MethodInvocationHelper.java:133)
	at org.testng.internal.TestInvoker.invokeMethod(TestInvoker.java:598)
	at org.testng.internal.TestInvoker.invokeTestMethod(TestInvoker.java:173)
	at org.testng.internal.MethodRunner.runInSequence(MethodRunner.java:46)
	at org.testng.internal.TestInvoker$MethodInvocationAgent.invoke(TestInvoker.java:824)
	at org.testng.internal.TestInvoker.invokeTestMethods(TestInvoker.java:146)
	at org.testng.internal.TestMethodWorker.invokeTestMethods(TestMethodWorker.java:146)
	at org.testng.internal.TestMethodWorker.run(TestMethodWorker.java:128)
	at java.base/java.util.ArrayList.forEach(ArrayList.java:1511)
	at org.testng.TestRunner.privateRun(TestRunner.java:794)
	at org.testng.TestRunner.run(TestRunner.java:596)
	at org.testng.SuiteRunner.runTest(SuiteRunner.java:377)
	at org.testng.SuiteRunner.runSequentially(SuiteRunner.java:371)
	at org.testng.SuiteRunner.privateRun(SuiteRunner.java:332)
	at org.testng.SuiteRunner.run(SuiteRunner.java:276)
	at org.testng.SuiteRunnerWorker.runSuite(SuiteRunnerWorker.java:53)
	at org.testng.SuiteRunnerWorker.run(SuiteRunnerWorker.java:96)
	at org.testng.TestNG.runSuitesSequentially(TestNG.java:1212)
	at org.testng.TestNG.runSuitesLocally(TestNG.java:1134)
	at org.testng.TestNG.runSuites(TestNG.java:1063)
	at org.testng.TestNG.run(TestNG.java:1031)
	at org.testng.remote.AbstractRemoteTestNG.run(AbstractRemoteTestNG.java:115)
	at org.testng.remote.RemoteTestNG.initAndRun(RemoteTestNG.java:251)
	at org.testng.remote.RemoteTestNG.main(RemoteTestNG.java:77)
</pre></div></td>
<td>0</td>
<td>com.wolvesres.haotn.nhanvien.TestValidFullname@2f9f7dcf</td></tr>
<tr>
<td title='com.wolvesres.haotn.kho.TestDateImport.testDateProductImportFail()'><b>testDateProductImportFail</b><br>Test class: com.wolvesres.haotn.kho.TestDateImport<br>Parameters: [Ljava.lang.Object;@4f5f6e45</td>
<td><div><pre>java.lang.AssertionError: expected [false] but found [true]
	at com.wolvesres.haotn.kho.TestDateImport.testDateProductImportFail(TestDateImport.java:70)
	at java.base/java.util.ArrayList.forEach(ArrayList.java:1511)
... Removed 32 stack frames</pre></div><a href='#' onClick='toggleBox("stack-trace244229783", this, "Click to show all stack frames", "Click to hide stack frames")'>Click to show all stack frames</a>
<div class='stack-trace' id='stack-trace244229783'><pre>java.lang.AssertionError: expected [false] but found [true]
	at org.testng.Assert.fail(Assert.java:99)
	at org.testng.Assert.failNotEquals(Assert.java:1037)
	at org.testng.Assert.assertEqualsImpl(Assert.java:140)
	at org.testng.Assert.assertEquals(Assert.java:122)
	at org.testng.Assert.assertEquals(Assert.java:617)
	at com.wolvesres.haotn.kho.TestDateImport.testDateProductImportFail(TestDateImport.java:70)
	at java.base/jdk.internal.reflect.NativeMethodAccessorImpl.invoke0(Native Method)
	at java.base/jdk.internal.reflect.NativeMethodAccessorImpl.invoke(NativeMethodAccessorImpl.java:77)
	at java.base/jdk.internal.reflect.DelegatingMethodAccessorImpl.invoke(DelegatingMethodAccessorImpl.java:43)
	at java.base/java.lang.reflect.Method.invoke(Method.java:568)
	at org.testng.internal.MethodInvocationHelper.invokeMethod(MethodInvocationHelper.java:133)
	at org.testng.internal.TestInvoker.invokeMethod(TestInvoker.java:598)
	at org.testng.internal.TestInvoker.invokeTestMethod(TestInvoker.java:173)
	at org.testng.internal.MethodRunner.runInSequence(MethodRunner.java:46)
	at org.testng.internal.TestInvoker$MethodInvocationAgent.invoke(TestInvoker.java:824)
	at org.testng.internal.TestInvoker.invokeTestMethods(TestInvoker.java:146)
	at org.testng.internal.TestMethodWorker.invokeTestMethods(TestMethodWorker.java:146)
	at org.testng.internal.TestMethodWorker.run(TestMethodWorker.java:128)
	at java.base/java.util.ArrayList.forEach(ArrayList.java:1511)
	at org.testng.TestRunner.privateRun(TestRunner.java:794)
	at org.testng.TestRunner.run(TestRunner.java:596)
	at org.testng.SuiteRunner.runTest(SuiteRunner.java:377)
	at org.testng.SuiteRunner.runSequentially(SuiteRunner.java:371)
	at org.testng.SuiteRunner.privateRun(SuiteRunner.java:332)
	at org.testng.SuiteRunner.run(SuiteRunner.java:276)
	at org.testng.SuiteRunnerWorker.runSuite(SuiteRunnerWorker.java:53)
	at org.testng.SuiteRunnerWorker.run(SuiteRunnerWorker.java:96)
	at org.testng.TestNG.runSuitesSequentially(TestNG.java:1212)
	at org.testng.TestNG.runSuitesLocally(TestNG.java:1134)
	at org.testng.TestNG.runSuites(TestNG.java:1063)
	at org.testng.TestNG.run(TestNG.java:1031)
	at org.testng.remote.AbstractRemoteTestNG.run(AbstractRemoteTestNG.java:115)
	at org.testng.remote.RemoteTestNG.initAndRun(RemoteTestNG.java:251)
	at org.testng.remote.RemoteTestNG.main(RemoteTestNG.java:77)
</pre></div></td>
<td>0</td>
<td>com.wolvesres.haotn.kho.TestDateImport@409bf450</td></tr>
<tr>
<td title='com.wolvesres.haotn.nhanvien.TestValidFullname.testValidFullnameSuccess()'><b>testValidFullnameSuccess</b><br>Test class: com.wolvesres.haotn.nhanvien.TestValidFullname<br>Parameters: [Ljava.lang.Object;@615e3f51</td>
<td><div><pre>java.lang.AssertionError: expected [true] but found [false]
	at com.wolvesres.haotn.nhanvien.TestValidFullname.testValidFullnameSuccess(TestValidFullname.java:91)
	at java.base/java.util.ArrayList.forEach(ArrayList.java:1511)
... Removed 32 stack frames</pre></div><a href='#' onClick='toggleBox("stack-trace1854577712", this, "Click to show all stack frames", "Click to hide stack frames")'>Click to show all stack frames</a>
<div class='stack-trace' id='stack-trace1854577712'><pre>java.lang.AssertionError: expected [true] but found [false]
	at org.testng.Assert.fail(Assert.java:99)
	at org.testng.Assert.failNotEquals(Assert.java:1037)
	at org.testng.Assert.assertEqualsImpl(Assert.java:140)
	at org.testng.Assert.assertEquals(Assert.java:122)
	at org.testng.Assert.assertEquals(Assert.java:617)
	at com.wolvesres.haotn.nhanvien.TestValidFullname.testValidFullnameSuccess(TestValidFullname.java:91)
	at java.base/jdk.internal.reflect.NativeMethodAccessorImpl.invoke0(Native Method)
	at java.base/jdk.internal.reflect.NativeMethodAccessorImpl.invoke(NativeMethodAccessorImpl.java:77)
	at java.base/jdk.internal.reflect.DelegatingMethodAccessorImpl.invoke(DelegatingMethodAccessorImpl.java:43)
	at java.base/java.lang.reflect.Method.invoke(Method.java:568)
	at org.testng.internal.MethodInvocationHelper.invokeMethod(MethodInvocationHelper.java:133)
	at org.testng.internal.TestInvoker.invokeMethod(TestInvoker.java:598)
	at org.testng.internal.TestInvoker.invokeTestMethod(TestInvoker.java:173)
	at org.testng.internal.MethodRunner.runInSequence(MethodRunner.java:46)
	at org.testng.internal.TestInvoker$MethodInvocationAgent.invoke(TestInvoker.java:824)
	at org.testng.internal.TestInvoker.invokeTestMethods(TestInvoker.java:146)
	at org.testng.internal.TestMethodWorker.invokeTestMethods(TestMethodWorker.java:146)
	at org.testng.internal.TestMethodWorker.run(TestMethodWorker.java:128)
	at java.base/java.util.ArrayList.forEach(ArrayList.java:1511)
	at org.testng.TestRunner.privateRun(TestRunner.java:794)
	at org.testng.TestRunner.run(TestRunner.java:596)
	at org.testng.SuiteRunner.runTest(SuiteRunner.java:377)
	at org.testng.SuiteRunner.runSequentially(SuiteRunner.java:371)
	at org.testng.SuiteRunner.privateRun(SuiteRunner.java:332)
	at org.testng.SuiteRunner.run(SuiteRunner.java:276)
	at org.testng.SuiteRunnerWorker.runSuite(SuiteRunnerWorker.java:53)
	at org.testng.SuiteRunnerWorker.run(SuiteRunnerWorker.java:96)
	at org.testng.TestNG.runSuitesSequentially(TestNG.java:1212)
	at org.testng.TestNG.runSuitesLocally(TestNG.java:1134)
	at org.testng.TestNG.runSuites(TestNG.java:1063)
	at org.testng.TestNG.run(TestNG.java:1031)
	at org.testng.remote.AbstractRemoteTestNG.run(AbstractRemoteTestNG.java:115)
	at org.testng.remote.RemoteTestNG.initAndRun(RemoteTestNG.java:251)
	at org.testng.remote.RemoteTestNG.main(RemoteTestNG.java:77)
</pre></div></td>
<td>0</td>
<td>com.wolvesres.haotn.nhanvien.TestValidFullname@2f9f7dcf</td></tr>
<tr>
<td title='com.wolvesres.haotn.nhanvien.TestValidFullname.testValidFullnameSuccess()'><b>testValidFullnameSuccess</b><br>Test class: com.wolvesres.haotn.nhanvien.TestValidFullname<br>Parameters: [Ljava.lang.Object;@407873d3</td>
<td><div><pre>java.lang.AssertionError: expected [true] but found [false]
	at com.wolvesres.haotn.nhanvien.TestValidFullname.testValidFullnameSuccess(TestValidFullname.java:91)
	at java.base/java.util.ArrayList.forEach(ArrayList.java:1511)
... Removed 32 stack frames</pre></div><a href='#' onClick='toggleBox("stack-trace1058921154", this, "Click to show all stack frames", "Click to hide stack frames")'>Click to show all stack frames</a>
<div class='stack-trace' id='stack-trace1058921154'><pre>java.lang.AssertionError: expected [true] but found [false]
	at org.testng.Assert.fail(Assert.java:99)
	at org.testng.Assert.failNotEquals(Assert.java:1037)
	at org.testng.Assert.assertEqualsImpl(Assert.java:140)
	at org.testng.Assert.assertEquals(Assert.java:122)
	at org.testng.Assert.assertEquals(Assert.java:617)
	at com.wolvesres.haotn.nhanvien.TestValidFullname.testValidFullnameSuccess(TestValidFullname.java:91)
	at java.base/jdk.internal.reflect.NativeMethodAccessorImpl.invoke0(Native Method)
	at java.base/jdk.internal.reflect.NativeMethodAccessorImpl.invoke(NativeMethodAccessorImpl.java:77)
	at java.base/jdk.internal.reflect.DelegatingMethodAccessorImpl.invoke(DelegatingMethodAccessorImpl.java:43)
	at java.base/java.lang.reflect.Method.invoke(Method.java:568)
	at org.testng.internal.MethodInvocationHelper.invokeMethod(MethodInvocationHelper.java:133)
	at org.testng.internal.TestInvoker.invokeMethod(TestInvoker.java:598)
	at org.testng.internal.TestInvoker.invokeTestMethod(TestInvoker.java:173)
	at org.testng.internal.MethodRunner.runInSequence(MethodRunner.java:46)
	at org.testng.internal.TestInvoker$MethodInvocationAgent.invoke(TestInvoker.java:824)
	at org.testng.internal.TestInvoker.invokeTestMethods(TestInvoker.java:146)
	at org.testng.internal.TestMethodWorker.invokeTestMethods(TestMethodWorker.java:146)
	at org.testng.internal.TestMethodWorker.run(TestMethodWorker.java:128)
	at java.base/java.util.ArrayList.forEach(ArrayList.java:1511)
	at org.testng.TestRunner.privateRun(TestRunner.java:794)
	at org.testng.TestRunner.run(TestRunner.java:596)
	at org.testng.SuiteRunner.runTest(SuiteRunner.java:377)
	at org.testng.SuiteRunner.runSequentially(SuiteRunner.java:371)
	at org.testng.SuiteRunner.privateRun(SuiteRunner.java:332)
	at org.testng.SuiteRunner.run(SuiteRunner.java:276)
	at org.testng.SuiteRunnerWorker.runSuite(SuiteRunnerWorker.java:53)
	at org.testng.SuiteRunnerWorker.run(SuiteRunnerWorker.java:96)
	at org.testng.TestNG.runSuitesSequentially(TestNG.java:1212)
	at org.testng.TestNG.runSuitesLocally(TestNG.java:1134)
	at org.testng.TestNG.runSuites(TestNG.java:1063)
	at org.testng.TestNG.run(TestNG.java:1031)
	at org.testng.remote.AbstractRemoteTestNG.run(AbstractRemoteTestNG.java:115)
	at org.testng.remote.RemoteTestNG.initAndRun(RemoteTestNG.java:251)
	at org.testng.remote.RemoteTestNG.main(RemoteTestNG.java:77)
</pre></div></td>
<td>0</td>
<td>com.wolvesres.haotn.nhanvien.TestValidFullname@2f9f7dcf</td></tr>
</table><p>
<table width='100%' border='1' class='invocation-passed'>
<tr><td colspan='4' align='center'><b>PASSED TESTS</b></td></tr>
<tr><td><b>Test method</b></td>
<td width="30%"><b>Exception</b></td>
<td width="10%"><b>Time (seconds)</b></td>
<td><b>Instance</b></td>
</tr>
<tr>
<td title='com.wolvesres.haotn.voucher.TestVoucherDiscount.testVoucherDiscount()'><b>testVoucherDiscount</b><br>Test class: com.wolvesres.haotn.voucher.TestVoucherDiscount<br>Parameters: 50.5, true</td>
<td></td>
<td>0</td>
<td>com.wolvesres.haotn.voucher.TestVoucherDiscount@799f10e1</td></tr>
<tr>
<td title='com.wolvesres.haotn.kho.TestExportPrice.testProductExportPrice()'><b>testProductExportPrice</b><br>Test class: com.wolvesres.haotn.kho.TestExportPrice<br>Parameters: -50000.000005, false</td>
<td></td>
<td>0</td>
<td>com.wolvesres.haotn.kho.TestExportPrice@223d2c72</td></tr>
<tr>
<td title='com.wolvesres.haotn.sanpham.TestValidProductPrice.testProductPriceNegative()'><b>testProductPriceNegative</b><br>Test class: com.wolvesres.haotn.sanpham.TestValidProductPrice<br>Parameters: -2.5E7, false</td>
<td></td>
<td>0</td>
<td>com.wolvesres.haotn.sanpham.TestValidProductPrice@564fabc8</td></tr>
<tr>
<td title='com.wolvesres.quanghn.danhmuc.TestValidDanhMuc.testValidFullNameFail()'><b>testValidFullNameFail</b><br>Test class: com.wolvesres.quanghn.danhmuc.TestValidDanhMuc<br>Parameters: R??u, false</td>
<td></td>
<td>0</td>
<td>com.wolvesres.quanghn.danhmuc.TestValidDanhMuc@72967906</td></tr>
<tr>
<td title='com.wolvesres.truongnvn.nhanvien.TestisValidCCCD.testValidCCCD()'><b>testValidCCCD</b><br>Test class: com.wolvesres.truongnvn.nhanvien.TestisValidCCCD<br>Parameters: 038141027183, true</td>
<td></td>
<td>0</td>
<td>com.wolvesres.truongnvn.nhanvien.TestisValidCCCD@2a3b5b47</td></tr>
<tr>
<td title='com.wolvesres.truongnvn.nhanvien.TestisValidCCCD.testValidCCCDDu()'><b>testValidCCCDDu</b><br>Test class: com.wolvesres.truongnvn.nhanvien.TestisValidCCCD<br>Parameters: 09623372741234718356, false</td>
<td></td>
<td>0</td>
<td>com.wolvesres.truongnvn.nhanvien.TestisValidCCCD@2a3b5b47</td></tr>
<tr>
<td title='com.wolvesres.ducvh.kho.StockQuanExportTestSuccess.f()'><b>f</b><br>Test class: com.wolvesres.ducvh.kho.StockQuanExportTestSuccess<br>Parameters: 100000, false</td>
<td></td>
<td>0</td>
<td>com.wolvesres.ducvh.kho.StockQuanExportTestSuccess@4550bb58</td></tr>
<tr>
<td title='com.wolvesres.truongnvn.voucher.TestSoluongVouvherBoTrong.testValidSoLuongEmpty()'><b>testValidSoLuongEmpty</b><br>Test class: com.wolvesres.truongnvn.voucher.TestSoluongVouvherBoTrong<br>Parameters:  , false</td>
<td></td>
<td>0</td>
<td>com.wolvesres.truongnvn.voucher.TestSoluongVouvherBoTrong@4f83df68</td></tr>
<tr>
<td title='com.wolvesres.haotn.voucher.TestVoucherDiscount.testVoucherDiscountLetter()'><b>testVoucherDiscountLetter</b><br>Test class: com.wolvesres.haotn.voucher.TestVoucherDiscount<br>Parameters: 72.033p93435185, false</td>
<td></td>
<td>0</td>
<td>com.wolvesres.haotn.voucher.TestVoucherDiscount@799f10e1</td></tr>
<tr>
<td title='com.wolvesres.truongnvn.nhanvien.TetAutoCreateIDNhanVien.testAutoGenerateIdNhanVien()'><b>testAutoGenerateIdNhanVien</b><br>Test class: com.wolvesres.truongnvn.nhanvien.TetAutoCreateIDNhanVien</td>
<td></td>
<td>0</td>
<td>com.wolvesres.truongnvn.nhanvien.TetAutoCreateIDNhanVien@689604d9</td></tr>
<tr>
<td title='com.wolvesres.quanghn.nhanvien.TestValidSDT.testValidSDTFail()'><b>testValidSDTFail</b><br>Test class: com.wolvesres.quanghn.nhanvien.TestValidSDT<br>Parameters: 09d1784n33, false</td>
<td></td>
<td>0</td>
<td>com.wolvesres.quanghn.nhanvien.TestValidSDT@3c19aaa5</td></tr>
<tr>
<td title='com.wolvesres.truongnvn.nhanvien.TestisValidCCCD.testValidCCCD()'><b>testValidCCCD</b><br>Test class: com.wolvesres.truongnvn.nhanvien.TestisValidCCCD<br>Parameters: 077110022856, true</td>
<td></td>
<td>0</td>
<td>com.wolvesres.truongnvn.nhanvien.TestisValidCCCD@2a3b5b47</td></tr>
<tr>
<td title='com.wolvesres.quanghn.voucher.TestValidVoucher.testValidVoucherChonNgayFail()'><b>testValidVoucherChonNgayFail</b><br>Test class: com.wolvesres.quanghn.voucher.TestValidVoucher<br>Parameters: 02-12-2020, false</td>
<td></td>
<td>0</td>
<td>com.wolvesres.quanghn.voucher.TestValidVoucher@1bd4fdd</td></tr>
<tr>
<td title='com.wolvesres.quanghn.nhanvien.TestValidCCCD.testValidCCCDFail()'><b>testValidCCCDFail</b><br>Test class: com.wolvesres.quanghn.nhanvien.TestValidCCCD<br>Parameters: 	, false</td>
<td></td>
<td>0</td>
<td>com.wolvesres.quanghn.nhanvien.TestValidCCCD@55183b20</td></tr>
<tr>
<td title='com.wolvesres.haotn.kho.TestExportPrice.testProductExportPrice()'><b>testProductExportPrice</b><br>Test class: com.wolvesres.haotn.kho.TestExportPrice<br>Parameters: -100000.000001, false</td>
<td></td>
<td>0</td>
<td>com.wolvesres.haotn.kho.TestExportPrice@223d2c72</td></tr>
<tr>
<td title='com.wolvesres.haotn.khuban.TestValidTableAreaName.testInvalidTableAreaName()'><b>testInvalidTableAreaName</b><br>Test class: com.wolvesres.haotn.khuban.TestValidTableAreaName<br>Parameters: , false</td>
<td></td>
<td>0</td>
<td>com.wolvesres.haotn.khuban.TestValidTableAreaName@9597028</td></tr>
<tr>
<td title='com.wolvesres.ducvh.danhmuc.CategoryEmptyTestFail.f()'><b>f</b><br>Test class: com.wolvesres.ducvh.danhmuc.CategoryEmptyTestFail<br>Parameters: true, null, Ten Danh Muc 1, true, false</td>
<td></td>
<td>0</td>
<td>com.wolvesres.ducvh.danhmuc.CategoryEmptyTestFail@351d00c0</td></tr>
<tr>
<td title='com.wolvesres.haotn.sanpham.TestValidProductPrice.testProductPriceEmpty()'><b>testProductPriceEmpty</b><br>Test class: com.wolvesres.haotn.sanpham.TestValidProductPrice<br>Parameters: 	, false</td>
<td></td>
<td>0</td>
<td>com.wolvesres.haotn.sanpham.TestValidProductPrice@564fabc8</td></tr>
<tr>
<td title='com.wolvesres.quanghn.nhanvien.TestValidEmail.testValidEmailSuccess()'><b>testValidEmailSuccess</b><br>Test class: com.wolvesres.quanghn.nhanvien.TestValidEmail<br>Parameters: ducvhpc01395@fpt.edu.vn, true</td>
<td></td>
<td>0</td>
<td>com.wolvesres.quanghn.nhanvien.TestValidEmail@55b699ef</td></tr>
<tr>
<td title='com.wolvesres.quanghn.banhang.TestValidNhapTien.testValidNhapTienBoTrongFail()'><b>testValidNhapTienBoTrongFail</b><br>Test class: com.wolvesres.quanghn.banhang.TestValidNhapTien<br>Parameters: null, false</td>
<td></td>
<td>0</td>
<td>com.wolvesres.quanghn.banhang.TestValidNhapTien@10e31a9a</td></tr>
<tr>
<td title='com.wolvesres.quanghn.voucher.TestValidVoucher.testValidVoucherChonNgayFail()'><b>testValidVoucherChonNgayFail</b><br>Test class: com.wolvesres.quanghn.voucher.TestValidVoucher<br>Parameters: 09-09-2021, false</td>
<td></td>
<td>0</td>
<td>com.wolvesres.quanghn.voucher.TestValidVoucher@1bd4fdd</td></tr>
<tr>
<td title='com.wolvesres.haotn.taikhoan.TestValidPassword.testPasswordFailSpace()'><b>testPasswordFailSpace</b><br>Test class: com.wolvesres.haotn.taikhoan.TestValidPassword<br>Parameters: AQ@v^Iph +s, false</td>
<td></td>
<td>0</td>
<td>com.wolvesres.haotn.taikhoan.TestValidPassword@5c33f1a9</td></tr>
<tr>
<td title='com.wolvesres.truongnvn.nhanvien.TestisValidCCCD.testValidCCCD()'><b>testValidCCCD</b><br>Test class: com.wolvesres.truongnvn.nhanvien.TestisValidCCCD<br>Parameters: 006290638923, true</td>
<td></td>
<td>0</td>
<td>com.wolvesres.truongnvn.nhanvien.TestisValidCCCD@2a3b5b47</td></tr>
<tr>
<td title='com.wolvesres.truongnvn.nhanvien.TestisValidCCCD.testValidCCCD()'><b>testValidCCCD</b><br>Test class: com.wolvesres.truongnvn.nhanvien.TestisValidCCCD<br>Parameters: 067346529534, true</td>
<td></td>
<td>0</td>
<td>com.wolvesres.truongnvn.nhanvien.TestisValidCCCD@2a3b5b47</td></tr>
<tr>
<td title='com.wolvesres.ducvh.kho.StockPriceImportABCTestFail.f()'><b>f</b><br>Test class: com.wolvesres.ducvh.kho.StockPriceImportABCTestFail<br>Parameters: abc, false</td>
<td></td>
<td>0</td>
<td>com.wolvesres.ducvh.kho.StockPriceImportABCTestFail@5b8dfcc1</td></tr>
<tr>
<td title='com.wolvesres.truongnvn.nhanvien.TestisValidCCCD.testValidCCCD()'><b>testValidCCCD</b><br>Test class: com.wolvesres.truongnvn.nhanvien.TestisValidCCCD<br>Parameters: 010353570594, true</td>
<td></td>
<td>0</td>
<td>com.wolvesres.truongnvn.nhanvien.TestisValidCCCD@2a3b5b47</td></tr>
<tr>
<td title='com.wolvesres.truongnvn.nhanvien.TestisValidCCCD.testValidCCCD()'><b>testValidCCCD</b><br>Test class: com.wolvesres.truongnvn.nhanvien.TestisValidCCCD<br>Parameters: 046061887343, true</td>
<td></td>
<td>0</td>
<td>com.wolvesres.truongnvn.nhanvien.TestisValidCCCD@2a3b5b47</td></tr>
<tr>
<td title='com.wolvesres.quanghn.nhanvien.TestValidSDT.testValidSDTFail()'><b>testValidSDTFail</b><br>Test class: com.wolvesres.quanghn.nhanvien.TestValidSDT<br>Parameters: 09qq784933, false</td>
<td></td>
<td>0</td>
<td>com.wolvesres.quanghn.nhanvien.TestValidSDT@3c19aaa5</td></tr>
<tr>
<td title='com.wolvesres.haotn.sanpham.TestValidProductName.testValidProductName()'><b>testValidProductName</b><br>Test class: com.wolvesres.haotn.sanpham.TestValidProductName<br>Parameters: G n??ng, true</td>
<td></td>
<td>0</td>
<td>com.wolvesres.haotn.sanpham.TestValidProductName@8f4ea7c</td></tr>
<tr>
<td title='com.wolvesres.quanghn.nhanvien.TestValidCCCD.testValidCCCDMaTinhFail()'><b>testValidCCCDMaTinhFail</b><br>Test class: com.wolvesres.quanghn.nhanvien.TestValidCCCD<br>Parameters: 091202014730, false</td>
<td></td>
<td>0</td>
<td>com.wolvesres.quanghn.nhanvien.TestValidCCCD@55183b20</td></tr>
<tr>
<td title='com.wolvesres.truongnvn.nhanvien.TestisValidCCCD.testValidCCCD()'><b>testValidCCCD</b><br>Test class: com.wolvesres.truongnvn.nhanvien.TestisValidCCCD<br>Parameters: 044084857255, true</td>
<td></td>
<td>0</td>
<td>com.wolvesres.truongnvn.nhanvien.TestisValidCCCD@2a3b5b47</td></tr>
<tr>
<td title='com.wolvesres.quanghn.sanpham.TestValidGiaSP.testValidGiaSPFail()'><b>testValidGiaSPFail</b><br>Test class: com.wolvesres.quanghn.sanpham.TestValidGiaSP<br>Parameters: bnmc, false</td>
<td></td>
<td>0</td>
<td>com.wolvesres.quanghn.sanpham.TestValidGiaSP@293a5bf6</td></tr>
<tr>
<td title='com.wolvesres.haotn.sanpham.TestValidProductPrice.testProductPriceNegative()'><b>testProductPriceNegative</b><br>Test class: com.wolvesres.haotn.sanpham.TestValidProductPrice<br>Parameters: -7500000.0, false</td>
<td></td>
<td>0</td>
<td>com.wolvesres.haotn.sanpham.TestValidProductPrice@564fabc8</td></tr>
<tr>
<td title='com.wolvesres.ducvh.donvitinh.CalcUnitEmptyTestFail.f()'><b>f</b><br>Test class: com.wolvesres.ducvh.donvitinh.CalcUnitEmptyTestFail<br>Parameters: true, null, false</td>
<td></td>
<td>0</td>
<td>com.wolvesres.ducvh.donvitinh.CalcUnitEmptyTestFail@223191a6</td></tr>
<tr>
<td title='com.wolvesres.haotn.taikhoan.TestValidPassword.testValidPasswordFailLength()'><b>testValidPasswordFailLength</b><br>Test class: com.wolvesres.haotn.taikhoan.TestValidPassword<br>Parameters: A$328W9t0WoDh9]G&[3, false</td>
<td></td>
<td>0</td>
<td>com.wolvesres.haotn.taikhoan.TestValidPassword@5c33f1a9</td></tr>
<tr>
<td title='com.wolvesres.quanghn.danhmuc.TestValidDanhMuc.testValidFullNameFail()'><b>testValidFullNameFail</b><br>Test class: com.wolvesres.quanghn.danhmuc.TestValidDanhMuc<br>Parameters: N??c ng?t, false</td>
<td></td>
<td>0</td>
<td>com.wolvesres.quanghn.danhmuc.TestValidDanhMuc@72967906</td></tr>
<tr>
<td title='com.wolvesres.truongnvn.nhanvien.TestisValidCCCD.testValidCCCD()'><b>testValidCCCD</b><br>Test class: com.wolvesres.truongnvn.nhanvien.TestisValidCCCD<br>Parameters: 058243923726, true</td>
<td></td>
<td>0</td>
<td>com.wolvesres.truongnvn.nhanvien.TestisValidCCCD@2a3b5b47</td></tr>
<tr>
<td title='com.wolvesres.truongnvn.nhanvien.TestisValidCCCD.testValidCCCD()'><b>testValidCCCD</b><br>Test class: com.wolvesres.truongnvn.nhanvien.TestisValidCCCD<br>Parameters: 079251828233, true</td>
<td></td>
<td>0</td>
<td>com.wolvesres.truongnvn.nhanvien.TestisValidCCCD@2a3b5b47</td></tr>
<tr>
<td title='com.wolvesres.truongnvn.nhanvien.TestisValidCCCD.testValidCCCDDu()'><b>testValidCCCDDu</b><br>Test class: com.wolvesres.truongnvn.nhanvien.TestisValidCCCD<br>Parameters: 0830742495082342341341421324, false</td>
<td></td>
<td>0</td>
<td>com.wolvesres.truongnvn.nhanvien.TestisValidCCCD@2a3b5b47</td></tr>
<tr>
<td title='com.wolvesres.ducvh.danhmuc.CategoryEmptyTestFail.f()'><b>f</b><br>Test class: com.wolvesres.ducvh.danhmuc.CategoryEmptyTestFail<br>Parameters: true, 	, Ten Danh Muc 1, true, false</td>
<td></td>
<td>0</td>
<td>com.wolvesres.ducvh.danhmuc.CategoryEmptyTestFail@351d00c0</td></tr>
<tr>
<td title='com.wolvesres.haotn.nhanvien.TestValidIdNational.testIdNationalFail()'><b>testIdNationalFail</b><br>Test class: com.wolvesres.haotn.nhanvien.TestValidIdNational<br>Parameters: [Ljava.lang.Object;@608bc8f8</td>
<td></td>
<td>0</td>
<td>com.wolvesres.haotn.nhanvien.TestValidIdNational@18078bef</td></tr>
<tr>
<td title='com.wolvesres.haotn.voucher.TestVoucherCode.testVoucherCodeLength()'><b>testVoucherCodeLength</b><br>Test class: com.wolvesres.haotn.voucher.TestVoucherCode<br>Parameters: 0, false</td>
<td></td>
<td>0</td>
<td>com.wolvesres.haotn.voucher.TestVoucherCode@49e53c76</td></tr>
<tr>
<td title='com.wolvesres.haotn.voucher.TestVoucherDiscount.testVoucherDiscount()'><b>testVoucherDiscount</b><br>Test class: com.wolvesres.haotn.voucher.TestVoucherDiscount<br>Parameters: 25.25, true</td>
<td></td>
<td>0</td>
<td>com.wolvesres.haotn.voucher.TestVoucherDiscount@799f10e1</td></tr>
<tr>
<td title='com.wolvesres.ducvh.kho.StockQuanImportABCTestFail.f()'><b>f</b><br>Test class: com.wolvesres.ducvh.kho.StockQuanImportABCTestFail<br>Parameters: a1b2c3, false</td>
<td></td>
<td>0</td>
<td>com.wolvesres.ducvh.kho.StockQuanImportABCTestFail@436813f3</td></tr>
<tr>
<td title='com.wolvesres.truongnvn.nhanvien.TestValidSDT.testValidSDTSuccess()'><b>testValidSDTSuccess</b><br>Test class: com.wolvesres.truongnvn.nhanvien.TestValidSDT<br>Parameters: 0918612068, true</td>
<td></td>
<td>0</td>
<td>com.wolvesres.truongnvn.nhanvien.TestValidSDT@77fbd92c</td></tr>
<tr>
<td title='com.wolvesres.quanghn.sanpham.TestValidGiaSP.testValidGiaSPFail()'><b>testValidGiaSPFail</b><br>Test class: com.wolvesres.quanghn.sanpham.TestValidGiaSP<br>Parameters: abcdi, false</td>
<td></td>
<td>0</td>
<td>com.wolvesres.quanghn.sanpham.TestValidGiaSP@293a5bf6</td></tr>
<tr>
<td title='com.wolvesres.haotn.kho.TestDateImport.testDateProductImportFail()'><b>testDateProductImportFail</b><br>Test class: com.wolvesres.haotn.kho.TestDateImport<br>Parameters: [Ljava.lang.Object;@5412bfea</td>
<td></td>
<td>0</td>
<td>com.wolvesres.haotn.kho.TestDateImport@409bf450</td></tr>
<tr>
<td title='com.wolvesres.truongnvn.sanpham.TestNameSanPham.testValidSpDoBoTrong()'><b>testValidSpDoBoTrong</b><br>Test class: com.wolvesres.truongnvn.sanpham.TestNameSanPham<br>Parameters: , false</td>
<td></td>
<td>0</td>
<td>com.wolvesres.truongnvn.sanpham.TestNameSanPham@38d8f54a</td></tr>
<tr>
<td title='com.wolvesres.ducvh.voucher.VoucherQuanRealTestFail.f()'><b>f</b><br>Test class: com.wolvesres.ducvh.voucher.VoucherQuanRealTestFail<br>Parameters: true, v0001, 0.00001, 14-04-2022, 17-02-2022, 1, false</td>
<td></td>
<td>0</td>
<td>com.wolvesres.ducvh.voucher.VoucherQuanRealTestFail@747ddf94</td></tr>
<tr>
<td title='com.wolvesres.truongnvn.nhanvien.TestisValidCCCD.testValidCCCD()'><b>testValidCCCD</b><br>Test class: com.wolvesres.truongnvn.nhanvien.TestisValidCCCD<br>Parameters: 060159954191, true</td>
<td></td>
<td>0</td>
<td>com.wolvesres.truongnvn.nhanvien.TestisValidCCCD@2a3b5b47</td></tr>
<tr>
<td title='com.wolvesres.quanghn.nhanvien.TestValidCCCD.testValidCCCDMaTinhFail()'><b>testValidCCCDMaTinhFail</b><br>Test class: com.wolvesres.quanghn.nhanvien.TestValidCCCD<br>Parameters: 099162763975, false</td>
<td></td>
<td>0</td>
<td>com.wolvesres.quanghn.nhanvien.TestValidCCCD@55183b20</td></tr>
<tr>
<td title='com.wolvesres.haotn.sanpham.TestValidProductName.testValidProductName()'><b>testValidProductName</b><br>Test class: com.wolvesres.haotn.sanpham.TestValidProductName<br>Parameters: B kho, true</td>
<td></td>
<td>0</td>
<td>com.wolvesres.haotn.sanpham.TestValidProductName@8f4ea7c</td></tr>
<tr>
<td title='com.wolvesres.ducvh.matkhau.PasswordLengthTestFail.f()'><b>f</b><br>Test class: com.wolvesres.ducvh.matkhau.PasswordLengthTestFail<br>Parameters:    , false</td>
<td></td>
<td>0</td>
<td>com.wolvesres.ducvh.matkhau.PasswordLengthTestFail@f6efaab</td></tr>
<tr>
<td title='com.wolvesres.quanghn.sanpham.TestValidGiaSP.testValidGiaSPKiTuDacBietFail()'><b>testValidGiaSPKiTuDacBietFail</b><br>Test class: com.wolvesres.quanghn.sanpham.TestValidGiaSP<br>Parameters: 23@#42@!, false</td>
<td></td>
<td>0</td>
<td>com.wolvesres.quanghn.sanpham.TestValidGiaSP@293a5bf6</td></tr>
<tr>
<td title='com.wolvesres.quanghn.voucher.TestValidVoucher.testValidVoucherChonNgayFail()'><b>testValidVoucherChonNgayFail</b><br>Test class: com.wolvesres.quanghn.voucher.TestValidVoucher<br>Parameters: 11-03-2021, false</td>
<td></td>
<td>0</td>
<td>com.wolvesres.quanghn.voucher.TestValidVoucher@1bd4fdd</td></tr>
<tr>
<td title='com.wolvesres.truongnvn.nhanvien.TestValidSDT.testValidSDTSuccess()'><b>testValidSDTSuccess</b><br>Test class: com.wolvesres.truongnvn.nhanvien.TestValidSDT<br>Parameters: 0737407958, true</td>
<td></td>
<td>0</td>
<td>com.wolvesres.truongnvn.nhanvien.TestValidSDT@77fbd92c</td></tr>
<tr>
<td title='com.wolvesres.truongnvn.nhanvien.TestValidSDT.testValidSDTSuccess()'><b>testValidSDTSuccess</b><br>Test class: com.wolvesres.truongnvn.nhanvien.TestValidSDT<br>Parameters: 0905594022, true</td>
<td></td>
<td>0</td>
<td>com.wolvesres.truongnvn.nhanvien.TestValidSDT@77fbd92c</td></tr>
<tr>
<td title='com.wolvesres.ducvh.kho.StockPriceImportMinusTestFail.f()'><b>f</b><br>Test class: com.wolvesres.ducvh.kho.StockPriceImportMinusTestFail<br>Parameters: -999, false</td>
<td></td>
<td>0</td>
<td>com.wolvesres.ducvh.kho.StockPriceImportMinusTestFail@1a482e36</td></tr>
<tr>
<td title='com.wolvesres.haotn.khuban.TestValidTableAreaName.testInvalidTableAreaName()'><b>testInvalidTableAreaName</b><br>Test class: com.wolvesres.haotn.khuban.TestValidTableAreaName<br>Parameters: 	, false</td>
<td></td>
<td>0</td>
<td>com.wolvesres.haotn.khuban.TestValidTableAreaName@9597028</td></tr>
<tr>
<td title='com.wolvesres.truongnvn.nhanvien.TestValidSDT.testValidSDTSuccess()'><b>testValidSDTSuccess</b><br>Test class: com.wolvesres.truongnvn.nhanvien.TestValidSDT<br>Parameters: 0728964517, true</td>
<td></td>
<td>0</td>
<td>com.wolvesres.truongnvn.nhanvien.TestValidSDT@77fbd92c</td></tr>
<tr>
<td title='com.wolvesres.haotn.voucher.TestEndDateVoucher.testEndDateVoucherFail()'><b>testEndDateVoucherFail</b><br>Test class: com.wolvesres.haotn.voucher.TestEndDateVoucher<br>Parameters: Fri Aug 24 00:00:00 ICT 2018, Tue Sep 22 00:00:00 ICT 2020, false</td>
<td></td>
<td>0</td>
<td>com.wolvesres.haotn.voucher.TestEndDateVoucher@36bc55de</td></tr>
<tr>
<td title='com.wolvesres.truongnvn.nhanvien.TestValidSDT.testValidSDTSuccess()'><b>testValidSDTSuccess</b><br>Test class: com.wolvesres.truongnvn.nhanvien.TestValidSDT<br>Parameters: 0808852020, true</td>
<td></td>
<td>0</td>
<td>com.wolvesres.truongnvn.nhanvien.TestValidSDT@77fbd92c</td></tr>
<tr>
<td title='com.wolvesres.haotn.kho.TestDateImport.testDateProductImportFail()'><b>testDateProductImportFail</b><br>Test class: com.wolvesres.haotn.kho.TestDateImport<br>Parameters: [Ljava.lang.Object;@44a6a68e</td>
<td></td>
<td>0</td>
<td>com.wolvesres.haotn.kho.TestDateImport@409bf450</td></tr>
<tr>
<td title='com.wolvesres.haotn.kho.TestDateImport.testDateProductImportFail()'><b>testDateProductImportFail</b><br>Test class: com.wolvesres.haotn.kho.TestDateImport<br>Parameters: [Ljava.lang.Object;@4743a322</td>
<td></td>
<td>0</td>
<td>com.wolvesres.haotn.kho.TestDateImport@409bf450</td></tr>
<tr>
<td title='com.wolvesres.ducvh.voucher.VoucherQuanMinusTestFail.f()'><b>f</b><br>Test class: com.wolvesres.ducvh.voucher.VoucherQuanMinusTestFail<br>Parameters: true, v0001, -1, 14-04-2022, 17-02-2022, 1, false</td>
<td></td>
<td>0</td>
<td>com.wolvesres.ducvh.voucher.VoucherQuanMinusTestFail@49ec71f8</td></tr>
<tr>
<td title='com.wolvesres.haotn.taikhoan.TestValidPassword.testPasswordFailSpace()'><b>testPasswordFailSpace</b><br>Test class: com.wolvesres.haotn.taikhoan.TestValidPassword<br>Parameters: sP= 8B, false</td>
<td></td>
<td>0</td>
<td>com.wolvesres.haotn.taikhoan.TestValidPassword@5c33f1a9</td></tr>
<tr>
<td title='com.wolvesres.truongnvn.nhanvien.TestValidSDT.testValidSDTFails()'><b>testValidSDTFails</b><br>Test class: com.wolvesres.truongnvn.nhanvien.TestValidSDT<br>Parameters: 0266254712, false</td>
<td></td>
<td>0</td>
<td>com.wolvesres.truongnvn.nhanvien.TestValidSDT@77fbd92c</td></tr>
<tr>
<td title='com.wolvesres.quanghn.nhanvien.TestValidCCCD.testValidCCCDFail()'><b>testValidCCCDFail</b><br>Test class: com.wolvesres.quanghn.nhanvien.TestValidCCCD<br>Parameters:  , false</td>
<td></td>
<td>0</td>
<td>com.wolvesres.quanghn.nhanvien.TestValidCCCD@55183b20</td></tr>
<tr>
<td title='com.wolvesres.truongnvn.nhanvien.TestisValidCCCD.testValidCCCD()'><b>testValidCCCD</b><br>Test class: com.wolvesres.truongnvn.nhanvien.TestisValidCCCD<br>Parameters: 042007972780, true</td>
<td></td>
<td>0</td>
<td>com.wolvesres.truongnvn.nhanvien.TestisValidCCCD@2a3b5b47</td></tr>
<tr>
<td title='com.wolvesres.quanghn.nhanvien.TestValidCCCD.testValidCCCDMaTinhFail()'><b>testValidCCCDMaTinhFail</b><br>Test class: com.wolvesres.quanghn.nhanvien.TestValidCCCD<br>Parameters: 093091826874, false</td>
<td></td>
<td>0</td>
<td>com.wolvesres.quanghn.nhanvien.TestValidCCCD@55183b20</td></tr>
<tr>
<td title='com.wolvesres.login.testclass.TestLoginSuccessWithBossRole.testLogin()'><b>testLogin</b><br>Test class: com.wolvesres.login.testclass.TestLoginSuccessWithBossRole<br>Parameters: BOSS02, 123456, true</td>
<td></td>
<td>0</td>
<td>com.wolvesres.login.testclass.TestLoginSuccessWithBossRole@49139829</td></tr>
<tr>
<td title='com.wolvesres.haotn.voucher.TestVoucherCode.testVoucherCodeLength()'><b>testVoucherCodeLength</b><br>Test class: com.wolvesres.haotn.voucher.TestVoucherCode<br>Parameters: Tog, false</td>
<td></td>
<td>0</td>
<td>com.wolvesres.haotn.voucher.TestVoucherCode@49e53c76</td></tr>
<tr>
<td title='com.wolvesres.haotn.nhanvien.TestValidIdNational.testIdNationalFail()'><b>testIdNationalFail</b><br>Test class: com.wolvesres.haotn.nhanvien.TestValidIdNational<br>Parameters: [Ljava.lang.Object;@79316f3a</td>
<td></td>
<td>0</td>
<td>com.wolvesres.haotn.nhanvien.TestValidIdNational@18078bef</td></tr>
<tr>
<td title='com.wolvesres.haotn.voucher.TestVoucherCode.testVoucherCodeEmpty()'><b>testVoucherCodeEmpty</b><br>Test class: com.wolvesres.haotn.voucher.TestVoucherCode<br>Parameters: 	, false</td>
<td></td>
<td>0</td>
<td>com.wolvesres.haotn.voucher.TestVoucherCode@49e53c76</td></tr>
<tr>
<td title='com.wolvesres.truongnvn.nhanvien.TestValidSDT.testValidSDTSuccess()'><b>testValidSDTSuccess</b><br>Test class: com.wolvesres.truongnvn.nhanvien.TestValidSDT<br>Parameters: 0833254572, true</td>
<td></td>
<td>0</td>
<td>com.wolvesres.truongnvn.nhanvien.TestValidSDT@77fbd92c</td></tr>
<tr>
<td title='com.wolvesres.truongnvn.nhanvien.TestValidSDT.testValidSDTSuccess()'><b>testValidSDTSuccess</b><br>Test class: com.wolvesres.truongnvn.nhanvien.TestValidSDT<br>Parameters: 0854991025, true</td>
<td></td>
<td>0</td>
<td>com.wolvesres.truongnvn.nhanvien.TestValidSDT@77fbd92c</td></tr>
<tr>
<td title='com.wolvesres.haotn.voucher.TestVoucherDiscount.testVoucherDiscountLetter()'><b>testVoucherDiscountLetter</b><br>Test class: com.wolvesres.haotn.voucher.TestVoucherDiscount<br>Parameters: 75.1739964430645b, false</td>
<td></td>
<td>0</td>
<td>com.wolvesres.haotn.voucher.TestVoucherDiscount@799f10e1</td></tr>
<tr>
<td title='com.wolvesres.quanghn.nhanvien.TestValidHoTen.testValidFullNameNhapSoFail()'><b>testValidFullNameNhapSoFail</b><br>Test class: com.wolvesres.quanghn.nhanvien.TestValidHoTen<br>Parameters: 12368, false</td>
<td></td>
<td>0</td>
<td>com.wolvesres.quanghn.nhanvien.TestValidHoTen@1623b78d</td></tr>
<tr>
<td title='com.wolvesres.haotn.voucher.TestEndDateVoucher.testEndDateVoucherFail()'><b>testEndDateVoucherFail</b><br>Test class: com.wolvesres.haotn.voucher.TestEndDateVoucher<br>Parameters: Fri Dec 15 00:00:00 ICT 2017, Thu Sep 16 00:00:00 ICT 2021, false</td>
<td></td>
<td>0</td>
<td>com.wolvesres.haotn.voucher.TestEndDateVoucher@36bc55de</td></tr>
<tr>
<td title='com.wolvesres.haotn.khuban.TestValidTableAreaName.testInvalidTableAreaName()'><b>testInvalidTableAreaName</b><br>Test class: com.wolvesres.haotn.khuban.TestValidTableAreaName<br>Parameters:  , false</td>
<td></td>
<td>0</td>
<td>com.wolvesres.haotn.khuban.TestValidTableAreaName@9597028</td></tr>
<tr>
<td title='com.wolvesres.haotn.kho.TestDateImport.testDateProductImportFail()'><b>testDateProductImportFail</b><br>Test class: com.wolvesres.haotn.kho.TestDateImport<br>Parameters: [Ljava.lang.Object;@381d7219</td>
<td></td>
<td>0</td>
<td>com.wolvesres.haotn.kho.TestDateImport@409bf450</td></tr>
<tr>
<td title='com.wolvesres.quanghn.voucher.TestValidVoucher.testValidVoucherChonNgayFail()'><b>testValidVoucherChonNgayFail</b><br>Test class: com.wolvesres.quanghn.voucher.TestValidVoucher<br>Parameters: 04-06-2020, false</td>
<td></td>
<td>0</td>
<td>com.wolvesres.quanghn.voucher.TestValidVoucher@1bd4fdd</td></tr>
<tr>
<td title='com.wolvesres.truongnvn.nhanvien.TestValidEmail.testValidEmailCoKhoangTrangFalse()'><b>testValidEmailCoKhoangTrangFalse</b><br>Test class: com.wolvesres.truongnvn.nhanvien.TestValidEmail<br>Parameters:  t e s t e m a i l 1 2 3 @gmail.com, false</td>
<td></td>
<td>0</td>
<td>com.wolvesres.truongnvn.nhanvien.TestValidEmail@35d019a3</td></tr>
<tr>
<td title='com.wolvesres.ducvh.kho.StockPriceImportTestSuccess.f()'><b>f</b><br>Test class: com.wolvesres.ducvh.kho.StockPriceImportTestSuccess<br>Parameters: 100, true</td>
<td></td>
<td>0</td>
<td>com.wolvesres.ducvh.kho.StockPriceImportTestSuccess@32eff876</td></tr>
<tr>
<td title='com.wolvesres.haotn.taikhoan.TestValidPassword.tesConfirmPasswordNotMath()'><b>tesConfirmPasswordNotMath</b><br>Test class: com.wolvesres.haotn.taikhoan.TestValidPassword<br>Parameters: 88japt, @&76igbd=9672, false</td>
<td></td>
<td>0</td>
<td>com.wolvesres.haotn.taikhoan.TestValidPassword@5c33f1a9</td></tr>
<tr>
<td title='com.wolvesres.ducvh.matkhau.PasswordLengthTestFail.f()'><b>f</b><br>Test class: com.wolvesres.ducvh.matkhau.PasswordLengthTestFail<br>Parameters: 12345, false</td>
<td></td>
<td>0</td>
<td>com.wolvesres.ducvh.matkhau.PasswordLengthTestFail@f6efaab</td></tr>
<tr>
<td title='com.wolvesres.haotn.sanpham.TestValidProductPrice.testProductPriceEmpty()'><b>testProductPriceEmpty</b><br>Test class: com.wolvesres.haotn.sanpham.TestValidProductPrice<br>Parameters:  , false</td>
<td></td>
<td>0</td>
<td>com.wolvesres.haotn.sanpham.TestValidProductPrice@564fabc8</td></tr>
<tr>
<td title='com.wolvesres.truongnvn.nhanvien.TestisValidCCCD.testValidCCCD()'><b>testValidCCCD</b><br>Test class: com.wolvesres.truongnvn.nhanvien.TestisValidCCCD<br>Parameters: 001145173592, true</td>
<td></td>
<td>0</td>
<td>com.wolvesres.truongnvn.nhanvien.TestisValidCCCD@2a3b5b47</td></tr>
<tr>
<td title='com.wolvesres.login.testclass.TestLogin.testLoginFail()'><b>testLoginFail</b><br>Test class: com.wolvesres.login.testclass.TestLogin<br>Parameters: nguoidungnn, 123456, false</td>
<td></td>
<td>0</td>
<td>com.wolvesres.login.testclass.TestLogin@3349e9bb</td></tr>
<tr>
<td title='com.wolvesres.quanghn.banhang.TestValidNhapTien.testValidNhapTienFail()'><b>testValidNhapTienFail</b><br>Test class: com.wolvesres.quanghn.banhang.TestValidNhapTien<br>Parameters: 349$#234@424234, false</td>
<td></td>
<td>0</td>
<td>com.wolvesres.quanghn.banhang.TestValidNhapTien@10e31a9a</td></tr>
<tr>
<td title='com.wolvesres.login.testclass.TestLogin.testLoginFail()'><b>testLoginFail</b><br>Test class: com.wolvesres.login.testclass.TestLogin<br>Parameters: user00002, 123456, false</td>
<td></td>
<td>0</td>
<td>com.wolvesres.login.testclass.TestLogin@3349e9bb</td></tr>
<tr>
<td title='com.wolvesres.truongnvn.nhanvien.TestisValidCCCD.testValidCCCD()'><b>testValidCCCD</b><br>Test class: com.wolvesres.truongnvn.nhanvien.TestisValidCCCD<br>Parameters: 093351748579, true</td>
<td></td>
<td>0</td>
<td>com.wolvesres.truongnvn.nhanvien.TestisValidCCCD@2a3b5b47</td></tr>
<tr>
<td title='com.wolvesres.truongnvn.nhanvien.TestisValidCCCD.testValidCCCD()'><b>testValidCCCD</b><br>Test class: com.wolvesres.truongnvn.nhanvien.TestisValidCCCD<br>Parameters: 054029602979, true</td>
<td></td>
<td>0</td>
<td>com.wolvesres.truongnvn.nhanvien.TestisValidCCCD@2a3b5b47</td></tr>
<tr>
<td title='com.wolvesres.ducvh.kho.StockPriceExportEmptyTestFail.f()'><b>f</b><br>Test class: com.wolvesres.ducvh.kho.StockPriceExportEmptyTestFail<br>Parameters: null, false</td>
<td></td>
<td>0</td>
<td>com.wolvesres.ducvh.kho.StockPriceExportEmptyTestFail@1fa268de</td></tr>
<tr>
<td title='com.wolvesres.truongnvn.nhanvien.TestValidSDT.testValidSDTSuccess()'><b>testValidSDTSuccess</b><br>Test class: com.wolvesres.truongnvn.nhanvien.TestValidSDT<br>Parameters: 0342843301, true</td>
<td></td>
<td>0</td>
<td>com.wolvesres.truongnvn.nhanvien.TestValidSDT@77fbd92c</td></tr>
<tr>
<td title='com.wolvesres.haotn.sanpham.TestValidProductPrice.testProductPriceEmpty()'><b>testProductPriceEmpty</b><br>Test class: com.wolvesres.haotn.sanpham.TestValidProductPrice<br>Parameters: , false</td>
<td></td>
<td>0</td>
<td>com.wolvesres.haotn.sanpham.TestValidProductPrice@564fabc8</td></tr>
<tr>
<td title='com.wolvesres.quanghn.voucher.TestValidVoucher.testValidVoucherSuccess()'><b>testValidVoucherSuccess</b><br>Test class: com.wolvesres.quanghn.voucher.TestValidVoucher<br>Parameters: 6754, true</td>
<td></td>
<td>0</td>
<td>com.wolvesres.quanghn.voucher.TestValidVoucher@1bd4fdd</td></tr>
<tr>
<td title='com.wolvesres.quanghn.kho.TestValidXuatKho.testValidXuatKhoNhapChuFail()'><b>testValidXuatKhoNhapChuFail</b><br>Test class: com.wolvesres.quanghn.kho.TestValidXuatKho<br>Parameters: hgjdsf, false</td>
<td></td>
<td>0</td>
<td>com.wolvesres.quanghn.kho.TestValidXuatKho@3febb011</td></tr>
<tr>
<td title='com.wolvesres.quanghn.kho.TestValidNhapKho.testValidNhapKhoSoAmFail()'><b>testValidNhapKhoSoAmFail</b><br>Test class: com.wolvesres.quanghn.kho.TestValidNhapKho<br>Parameters: -5, false</td>
<td></td>
<td>0</td>
<td>com.wolvesres.quanghn.kho.TestValidNhapKho@74f0ea28</td></tr>
<tr>
<td title='com.wolvesres.haotn.sanpham.TestValidProductPrice.testProductPriceNegative()'><b>testProductPriceNegative</b><br>Test class: com.wolvesres.haotn.sanpham.TestValidProductPrice<br>Parameters: -0.1, false</td>
<td></td>
<td>0</td>
<td>com.wolvesres.haotn.sanpham.TestValidProductPrice@564fabc8</td></tr>
<tr>
<td title='com.wolvesres.ducvh.kho.StockPriceImportABCTestFail.f()'><b>f</b><br>Test class: com.wolvesres.ducvh.kho.StockPriceImportABCTestFail<br>Parameters: a, false</td>
<td></td>
<td>0</td>
<td>com.wolvesres.ducvh.kho.StockPriceImportABCTestFail@5b8dfcc1</td></tr>
<tr>
<td title='com.wolvesres.truongnvn.khuban.TestEqualsKhuBan.testTrungTenKhuBan()'><b>testTrungTenKhuBan</b><br>Test class: com.wolvesres.truongnvn.khuban.TestEqualsKhuBan<br>Parameters: S?nh Chnh, false</td>
<td></td>
<td>0</td>
<td>com.wolvesres.truongnvn.khuban.TestEqualsKhuBan@4ec4f3a0</td></tr>
<tr>
<td title='com.wolvesres.truongnvn.nhanvien.TestisValidCCCD.testValidCCCD()'><b>testValidCCCD</b><br>Test class: com.wolvesres.truongnvn.nhanvien.TestisValidCCCD<br>Parameters: 062361157768, true</td>
<td></td>
<td>0</td>
<td>com.wolvesres.truongnvn.nhanvien.TestisValidCCCD@2a3b5b47</td></tr>
<tr>
<td title='com.wolvesres.ducvh.danhmuc.CategoryTestSuccess.f()'><b>f</b><br>Test class: com.wolvesres.ducvh.danhmuc.CategoryTestSuccess<br>Parameters: true, DM1, Ten Danh Muc 1, true, true</td>
<td></td>
<td>0</td>
<td>com.wolvesres.ducvh.danhmuc.CategoryTestSuccess@6adbc9d</td></tr>
<tr>
<td title='com.wolvesres.truongnvn.nhanvien.TestValidEmail.testValidEmailCoKhoangTrangFalse()'><b>testValidEmailCoKhoangTrangFalse</b><br>Test class: com.wolvesres.truongnvn.nhanvien.TestValidEmail<br>Parameters:  t e s t e m a i l 1 2 3 @ g m a i l . c o m , false</td>
<td></td>
<td>0</td>
<td>com.wolvesres.truongnvn.nhanvien.TestValidEmail@35d019a3</td></tr>
<tr>
<td title='com.wolvesres.ducvh.kho.StockPriceImportTestSuccess.f()'><b>f</b><br>Test class: com.wolvesres.ducvh.kho.StockPriceImportTestSuccess<br>Parameters: 999, true</td>
<td></td>
<td>0</td>
<td>com.wolvesres.ducvh.kho.StockPriceImportTestSuccess@32eff876</td></tr>
<tr>
<td title='com.wolvesres.truongnvn.nhanvien.TestisValidCCCD.testValidCCCD()'><b>testValidCCCD</b><br>Test class: com.wolvesres.truongnvn.nhanvien.TestisValidCCCD<br>Parameters: 044124044834, true</td>
<td></td>
<td>0</td>
<td>com.wolvesres.truongnvn.nhanvien.TestisValidCCCD@2a3b5b47</td></tr>
<tr>
<td title='com.wolvesres.truongnvn.nhanvien.TestValidFullname.testFullNameNoSpace()'><b>testFullNameNoSpace</b><br>Test class: com.wolvesres.truongnvn.nhanvien.TestValidFullname<br>Parameters: huynhnhatquang, false</td>
<td></td>
<td>0</td>
<td>com.wolvesres.truongnvn.nhanvien.TestValidFullname@6cf0e0ba</td></tr>
<tr>
<td title='com.wolvesres.quanghn.sanpham.TestValidGiaSP.testValidGiaSPKiTuDacBietFail()'><b>testValidGiaSPKiTuDacBietFail</b><br>Test class: com.wolvesres.quanghn.sanpham.TestValidGiaSP<br>Parameters: $%#1234@, false</td>
<td></td>
<td>0</td>
<td>com.wolvesres.quanghn.sanpham.TestValidGiaSP@293a5bf6</td></tr>
<tr>
<td title='com.wolvesres.quanghn.sanpham.TestValidGiaSP.testValidGiaSPKiTuDacBietFail()'><b>testValidGiaSPKiTuDacBietFail</b><br>Test class: com.wolvesres.quanghn.sanpham.TestValidGiaSP<br>Parameters: @#123@#@#4, false</td>
<td></td>
<td>0</td>
<td>com.wolvesres.quanghn.sanpham.TestValidGiaSP@293a5bf6</td></tr>
<tr>
<td title='com.wolvesres.haotn.taikhoan.TestValidPassword.testValidPasswordFailLength()'><b>testValidPasswordFailLength</b><br>Test class: com.wolvesres.haotn.taikhoan.TestValidPassword<br>Parameters: Zo#&HM4q^I73*189[)IL?oyw, false</td>
<td></td>
<td>0</td>
<td>com.wolvesres.haotn.taikhoan.TestValidPassword@5c33f1a9</td></tr>
<tr>
<td title='com.wolvesres.quanghn.voucher.TestValidVoucher.testValidVoucherFail()'><b>testValidVoucherFail</b><br>Test class: com.wolvesres.quanghn.voucher.TestValidVoucher<br>Parameters: -23412, false</td>
<td></td>
<td>0</td>
<td>com.wolvesres.quanghn.voucher.TestValidVoucher@1bd4fdd</td></tr>
<tr>
<td title='com.wolvesres.ducvh.matkhau.PasswordLengthTestFail.f()'><b>f</b><br>Test class: com.wolvesres.ducvh.matkhau.PasswordLengthTestFail<br>Parameters: 123, false</td>
<td></td>
<td>0</td>
<td>com.wolvesres.ducvh.matkhau.PasswordLengthTestFail@f6efaab</td></tr>
<tr>
<td title='com.wolvesres.ducvh.matkhau.PasswordLengthTestFail.f()'><b>f</b><br>Test class: com.wolvesres.ducvh.matkhau.PasswordLengthTestFail<br>Parameters: , false</td>
<td></td>
<td>0</td>
<td>com.wolvesres.ducvh.matkhau.PasswordLengthTestFail@f6efaab</td></tr>
<tr>
<td title='com.wolvesres.haotn.login.ThemNhanVien.f()'><b>f</b><br>Test class: com.wolvesres.haotn.login.ThemNhanVien</td>
<td></td>
<td>0</td>
<td>com.wolvesres.haotn.login.ThemNhanVien@4efbca5a</td></tr>
<tr>
<td title='com.wolvesres.truongnvn.nhanvien.TestValidSDT.testValidSDTFails()'><b>testValidSDTFails</b><br>Test class: com.wolvesres.truongnvn.nhanvien.TestValidSDT<br>Parameters: 0456154812, false</td>
<td></td>
<td>0</td>
<td>com.wolvesres.truongnvn.nhanvien.TestValidSDT@77fbd92c</td></tr>
<tr>
<td title='com.wolvesres.ducvh.voucher.VoucherEndPastTestFail.f()'><b>f</b><br>Test class: com.wolvesres.ducvh.voucher.VoucherEndPastTestFail<br>Parameters: true, v0001, 1, 13-04-2022, 14-04-2022, 1, false</td>
<td></td>
<td>0</td>
<td>com.wolvesres.ducvh.voucher.VoucherEndPastTestFail@1283bb96</td></tr>
<tr>
<td title='com.wolvesres.haotn.voucher.TestVoucherDiscount.testVoucherDiscountGreaterThan100()'><b>testVoucherDiscountGreaterThan100</b><br>Test class: com.wolvesres.haotn.voucher.TestVoucherDiscount<br>Parameters: 769.2506658683194, false</td>
<td></td>
<td>0</td>
<td>com.wolvesres.haotn.voucher.TestVoucherDiscount@799f10e1</td></tr>
<tr>
<td title='com.wolvesres.quanghn.banhang.TestValidNhapTien.testValidNhapTienBoTrongFail()'><b>testValidNhapTienBoTrongFail</b><br>Test class: com.wolvesres.quanghn.banhang.TestValidNhapTien<br>Parameters:  , false</td>
<td></td>
<td>0</td>
<td>com.wolvesres.quanghn.banhang.TestValidNhapTien@10e31a9a</td></tr>
<tr>
<td title='com.wolvesres.truongnvn.nhanvien.TestisValidCCCD.testValidCCCDNamTheoTheKi()'><b>testValidCCCDNamTheoTheKi</b><br>Test class: com.wolvesres.truongnvn.nhanvien.TestisValidCCCD<br>Parameters: 2001, 20, false</td>
<td></td>
<td>0</td>
<td>com.wolvesres.truongnvn.nhanvien.TestisValidCCCD@2a3b5b47</td></tr>
<tr>
<td title='com.wolvesres.quanghn.nhanvien.TestValidCCCD.testValidCCCDFail()'><b>testValidCCCDFail</b><br>Test class: com.wolvesres.quanghn.nhanvien.TestValidCCCD<br>Parameters: null, false</td>
<td></td>
<td>0</td>
<td>com.wolvesres.quanghn.nhanvien.TestValidCCCD@55183b20</td></tr>
<tr>
<td title='com.wolvesres.ducvh.matkhau.PasswordLengthTestFail.f()'><b>f</b><br>Test class: com.wolvesres.ducvh.matkhau.PasswordLengthTestFail<br>Parameters: -_-, false</td>
<td></td>
<td>0</td>
<td>com.wolvesres.ducvh.matkhau.PasswordLengthTestFail@f6efaab</td></tr>
<tr>
<td title='com.wolvesres.truongnvn.nhanvien.TestisValidCCCD.testValidCCCD()'><b>testValidCCCD</b><br>Test class: com.wolvesres.truongnvn.nhanvien.TestisValidCCCD<br>Parameters: 074321751373, true</td>
<td></td>
<td>0</td>
<td>com.wolvesres.truongnvn.nhanvien.TestisValidCCCD@2a3b5b47</td></tr>
<tr>
<td title='com.wolvesres.haotn.taikhoan.TestValidPassword.tesConfirmPasswordNotMath()'><b>tesConfirmPasswordNotMath</b><br>Test class: com.wolvesres.haotn.taikhoan.TestValidPassword<br>Parameters: 687W6IiM56$, 7hdwf7&, false</td>
<td></td>
<td>0</td>
<td>com.wolvesres.haotn.taikhoan.TestValidPassword@5c33f1a9</td></tr>
<tr>
<td title='com.wolvesres.ducvh.donvitinh.CalcUnitEmptyTestFail.f()'><b>f</b><br>Test class: com.wolvesres.ducvh.donvitinh.CalcUnitEmptyTestFail<br>Parameters: true, 	, false</td>
<td></td>
<td>0</td>
<td>com.wolvesres.ducvh.donvitinh.CalcUnitEmptyTestFail@223191a6</td></tr>
<tr>
<td title='com.wolvesres.ducvh.kho.StockPriceImportMinusTestFail.f()'><b>f</b><br>Test class: com.wolvesres.ducvh.kho.StockPriceImportMinusTestFail<br>Parameters: -1, false</td>
<td></td>
<td>0</td>
<td>com.wolvesres.ducvh.kho.StockPriceImportMinusTestFail@1a482e36</td></tr>
<tr>
<td title='com.wolvesres.truongnvn.voucher.TestSoluongVouvherBoTrong.testValidSoLuongEmpty()'><b>testValidSoLuongEmpty</b><br>Test class: com.wolvesres.truongnvn.voucher.TestSoluongVouvherBoTrong<br>Parameters: 	, false</td>
<td></td>
<td>0</td>
<td>com.wolvesres.truongnvn.voucher.TestSoluongVouvherBoTrong@4f83df68</td></tr>
<tr>
<td title='com.wolvesres.haotn.voucher.TestVoucherDiscount.testVoucherDiscountLetter()'><b>testVoucherDiscountLetter</b><br>Test class: com.wolvesres.haotn.voucher.TestVoucherDiscount<br>Parameters: 45.04068560o37528, false</td>
<td></td>
<td>0</td>
<td>com.wolvesres.haotn.voucher.TestVoucherDiscount@799f10e1</td></tr>
<tr>
<td title='com.wolvesres.truongnvn.nhanvien.TestValidSDT.testValidSDTSuccess()'><b>testValidSDTSuccess</b><br>Test class: com.wolvesres.truongnvn.nhanvien.TestValidSDT<br>Parameters: 0954056866, true</td>
<td></td>
<td>0</td>
<td>com.wolvesres.truongnvn.nhanvien.TestValidSDT@77fbd92c</td></tr>
<tr>
<td title='com.wolvesres.quanghn.kho.TestValidNhapKho.testValidNhapKhoSoAmFail()'><b>testValidNhapKhoSoAmFail</b><br>Test class: com.wolvesres.quanghn.kho.TestValidNhapKho<br>Parameters: -231, false</td>
<td></td>
<td>0</td>
<td>com.wolvesres.quanghn.kho.TestValidNhapKho@74f0ea28</td></tr>
<tr>
<td title='com.wolvesres.ducvh.kho.StockQuanExportOverTestFail.f()'><b>f</b><br>Test class: com.wolvesres.ducvh.kho.StockQuanExportOverTestFail<br>Parameters: 2, true</td>
<td></td>
<td>0</td>
<td>com.wolvesres.ducvh.kho.StockQuanExportOverTestFail@16d04d3d</td></tr>
<tr>
<td title='com.wolvesres.haotn.voucher.TestVoucherDiscount.testVoucherDiscount()'><b>testVoucherDiscount</b><br>Test class: com.wolvesres.haotn.voucher.TestVoucherDiscount<br>Parameters: 0.1, true</td>
<td></td>
<td>0</td>
<td>com.wolvesres.haotn.voucher.TestVoucherDiscount@799f10e1</td></tr>
<tr>
<td title='com.wolvesres.quanghn.banhang.TestValidNhapTien.testValidNhapTienFail()'><b>testValidNhapTienFail</b><br>Test class: com.wolvesres.quanghn.banhang.TestValidNhapTien<br>Parameters: @@312321%45, false</td>
<td></td>
<td>0</td>
<td>com.wolvesres.quanghn.banhang.TestValidNhapTien@10e31a9a</td></tr>
<tr>
<td title='com.wolvesres.truongnvn.nhanvien.TestisValidCCCD.testValidCCCDNamTheoTheKi()'><b>testValidCCCDNamTheoTheKi</b><br>Test class: com.wolvesres.truongnvn.nhanvien.TestisValidCCCD<br>Parameters: 2012, 20, false</td>
<td></td>
<td>0</td>
<td>com.wolvesres.truongnvn.nhanvien.TestisValidCCCD@2a3b5b47</td></tr>
<tr>
<td title='com.wolvesres.quanghn.kho.TestValidXuatKho.testValidXuatKhoNhapChuFail()'><b>testValidXuatKhoNhapChuFail</b><br>Test class: com.wolvesres.quanghn.kho.TestValidXuatKho<br>Parameters: jlhj, false</td>
<td></td>
<td>0</td>
<td>com.wolvesres.quanghn.kho.TestValidXuatKho@3febb011</td></tr>
<tr>
<td title='com.wolvesres.quanghn.hoadon.TestAutoMaHoaDon.testAutoGenerateIdProduct()'><b>testAutoGenerateIdProduct</b><br>Test class: com.wolvesres.quanghn.hoadon.TestAutoMaHoaDon</td>
<td></td>
<td>0</td>
<td>com.wolvesres.quanghn.hoadon.TestAutoMaHoaDon@1b7cc17c</td></tr>
<tr>
<td title='com.wolvesres.ducvh.ban.checkTableSuccess.f()'><b>f</b><br>Test class: com.wolvesres.ducvh.ban.checkTableSuccess<br>Parameters: Ten Ban 2, true</td>
<td></td>
<td>0</td>
<td>com.wolvesres.ducvh.ban.checkTableSuccess@6069db50</td></tr>
<tr>
<td title='com.wolvesres.truongnvn.nhanvien.TestisValidCCCD.testValidCCCD()'><b>testValidCCCD</b><br>Test class: com.wolvesres.truongnvn.nhanvien.TestisValidCCCD<br>Parameters: 079227869645, true</td>
<td></td>
<td>0</td>
<td>com.wolvesres.truongnvn.nhanvien.TestisValidCCCD@2a3b5b47</td></tr>
<tr>
<td title='com.wolvesres.truongnvn.nhanvien.TestisValidCCCD.testValidCCCD()'><b>testValidCCCD</b><br>Test class: com.wolvesres.truongnvn.nhanvien.TestisValidCCCD<br>Parameters: 068335440019, true</td>
<td></td>
<td>0</td>
<td>com.wolvesres.truongnvn.nhanvien.TestisValidCCCD@2a3b5b47</td></tr>
<tr>
<td title='com.wolvesres.haotn.voucher.TestVoucherDiscount.testVoucherDiscountLetter()'><b>testVoucherDiscountLetter</b><br>Test class: com.wolvesres.haotn.voucher.TestVoucherDiscount<br>Parameters: 1.325171283725o31, false</td>
<td></td>
<td>0</td>
<td>com.wolvesres.haotn.voucher.TestVoucherDiscount@799f10e1</td></tr>
<tr>
<td title='com.wolvesres.quanghn.kho.TestValidNhapKho.testValidNhapKhoSoAmFail()'><b>testValidNhapKhoSoAmFail</b><br>Test class: com.wolvesres.quanghn.kho.TestValidNhapKho<br>Parameters: -56, false</td>
<td></td>
<td>0</td>
<td>com.wolvesres.quanghn.kho.TestValidNhapKho@74f0ea28</td></tr>
<tr>
<td title='com.wolvesres.ducvh.kho.StockQuanExportOverTestFail.f()'><b>f</b><br>Test class: com.wolvesres.ducvh.kho.StockQuanExportOverTestFail<br>Parameters: 100, true</td>
<td></td>
<td>0</td>
<td>com.wolvesres.ducvh.kho.StockQuanExportOverTestFail@16d04d3d</td></tr>
<tr>
<td title='com.wolvesres.quanghn.voucher.TestValidVoucher.testValidVoucherSuccess()'><b>testValidVoucherSuccess</b><br>Test class: com.wolvesres.quanghn.voucher.TestValidVoucher<br>Parameters: 232, true</td>
<td></td>
<td>0</td>
<td>com.wolvesres.quanghn.voucher.TestValidVoucher@1bd4fdd</td></tr>
<tr>
<td title='com.wolvesres.ducvh.ban.checkTableSuccess.f()'><b>f</b><br>Test class: com.wolvesres.ducvh.ban.checkTableSuccess<br>Parameters: Ten Ban 1, true</td>
<td></td>
<td>0</td>
<td>com.wolvesres.ducvh.ban.checkTableSuccess@6069db50</td></tr>
<tr>
<td title='com.wolvesres.haotn.sanpham.TestValidProductPrice.testProductPriceNegative()'><b>testProductPriceNegative</b><br>Test class: com.wolvesres.haotn.sanpham.TestValidProductPrice<br>Parameters: -5.0E7, false</td>
<td></td>
<td>0</td>
<td>com.wolvesres.haotn.sanpham.TestValidProductPrice@564fabc8</td></tr>
<tr>
<td title='com.wolvesres.truongnvn.nhanvien.TestisValidCCCD.testValidCCCD()'><b>testValidCCCD</b><br>Test class: com.wolvesres.truongnvn.nhanvien.TestisValidCCCD<br>Parameters: 082000143844, true</td>
<td></td>
<td>0</td>
<td>com.wolvesres.truongnvn.nhanvien.TestisValidCCCD@2a3b5b47</td></tr>
<tr>
<td title='com.wolvesres.quanghn.nhanvien.TestValidSDT.testValidSDTFail()'><b>testValidSDTFail</b><br>Test class: com.wolvesres.quanghn.nhanvien.TestValidSDT<br>Parameters: 0v11m84933, false</td>
<td></td>
<td>0</td>
<td>com.wolvesres.quanghn.nhanvien.TestValidSDT@3c19aaa5</td></tr>
<tr>
<td title='com.wolvesres.truongnvn.nhanvien.TestValidEmail.testValidEmailEmpty()'><b>testValidEmailEmpty</b><br>Test class: com.wolvesres.truongnvn.nhanvien.TestValidEmail<br>Parameters:  , false</td>
<td></td>
<td>0</td>
<td>com.wolvesres.truongnvn.nhanvien.TestValidEmail@35d019a3</td></tr>
<tr>
<td title='com.wolvesres.quanghn.nhanvien.TestValidHoTen.testValidFullNameFail()'><b>testValidFullNameFail</b><br>Test class: com.wolvesres.quanghn.nhanvien.TestValidHoTen<br>Parameters: null, false</td>
<td></td>
<td>0</td>
<td>com.wolvesres.quanghn.nhanvien.TestValidHoTen@1623b78d</td></tr>
<tr>
<td title='com.wolvesres.haotn.taikhoan.TestValidPassword.tesConfirmPasswordNotMath()'><b>tesConfirmPasswordNotMath</b><br>Test class: com.wolvesres.haotn.taikhoan.TestValidPassword<br>Parameters: DMVu7@g2R2811C2, GN25l}37>[Fm?, false</td>
<td></td>
<td>0</td>
<td>com.wolvesres.haotn.taikhoan.TestValidPassword@5c33f1a9</td></tr>
<tr>
<td title='com.wolvesres.haotn.voucher.TestVoucherDiscount.testVoucherDiscountGreaterThan100()'><b>testVoucherDiscountGreaterThan100</b><br>Test class: com.wolvesres.haotn.voucher.TestVoucherDiscount<br>Parameters: 283.23443848622145, false</td>
<td></td>
<td>0</td>
<td>com.wolvesres.haotn.voucher.TestVoucherDiscount@799f10e1</td></tr>
<tr>
<td title='com.wolvesres.haotn.voucher.TestVoucherDiscount.testVoucherDiscountGreaterThan100()'><b>testVoucherDiscountGreaterThan100</b><br>Test class: com.wolvesres.haotn.voucher.TestVoucherDiscount<br>Parameters: 807.5648313041723, false</td>
<td></td>
<td>0</td>
<td>com.wolvesres.haotn.voucher.TestVoucherDiscount@799f10e1</td></tr>
<tr>
<td title='com.wolvesres.haotn.taikhoan.TestValidPassword.testValidPasswordFailLength()'><b>testValidPasswordFailLength</b><br>Test class: com.wolvesres.haotn.taikhoan.TestValidPassword<br>Parameters: oeuC{qBtyGq$!H3@T$, false</td>
<td></td>
<td>0</td>
<td>com.wolvesres.haotn.taikhoan.TestValidPassword@5c33f1a9</td></tr>
<tr>
<td title='com.wolvesres.haotn.sanpham.TestValidProductPrice.testProductPriceNegative()'><b>testProductPriceNegative</b><br>Test class: com.wolvesres.haotn.sanpham.TestValidProductPrice<br>Parameters: -1.0E-13, false</td>
<td></td>
<td>0</td>
<td>com.wolvesres.haotn.sanpham.TestValidProductPrice@564fabc8</td></tr>
<tr>
<td title='com.wolvesres.haotn.voucher.TestVoucherCode.testVoucherCodeEmpty()'><b>testVoucherCodeEmpty</b><br>Test class: com.wolvesres.haotn.voucher.TestVoucherCode<br>Parameters:  , false</td>
<td></td>
<td>0</td>
<td>com.wolvesres.haotn.voucher.TestVoucherCode@49e53c76</td></tr>
<tr>
<td title='com.wolvesres.haotn.taikhoan.TestValidPassword.testValidPasswordFailLength()'><b>testValidPasswordFailLength</b><br>Test class: com.wolvesres.haotn.taikhoan.TestValidPassword<br>Parameters: ???YZHbeR]hZW4H+7JqL17Q*, false</td>
<td></td>
<td>0</td>
<td>com.wolvesres.haotn.taikhoan.TestValidPassword@5c33f1a9</td></tr>
<tr>
<td title='com.wolvesres.truongnvn.nhanvien.TestisValidCCCD.testValidCCCD()'><b>testValidCCCD</b><br>Test class: com.wolvesres.truongnvn.nhanvien.TestisValidCCCD<br>Parameters: 083361690025, true</td>
<td></td>
<td>0</td>
<td>com.wolvesres.truongnvn.nhanvien.TestisValidCCCD@2a3b5b47</td></tr>
<tr>
<td title='com.wolvesres.haotn.voucher.TestVoucherDiscount.testVoucherDiscount()'><b>testVoucherDiscount</b><br>Test class: com.wolvesres.haotn.voucher.TestVoucherDiscount<br>Parameters: 75.75, true</td>
<td></td>
<td>0</td>
<td>com.wolvesres.haotn.voucher.TestVoucherDiscount@799f10e1</td></tr>
<tr>
<td title='com.wolvesres.truongnvn.nhanvien.TestisValidCCCD.testValidCCCD()'><b>testValidCCCD</b><br>Test class: com.wolvesres.truongnvn.nhanvien.TestisValidCCCD<br>Parameters: 002090788724, true</td>
<td></td>
<td>0</td>
<td>com.wolvesres.truongnvn.nhanvien.TestisValidCCCD@2a3b5b47</td></tr>
<tr>
<td title='com.wolvesres.quanghn.banhang.TestValidNhapTien.testValidNhapTienFail()'><b>testValidNhapTienFail</b><br>Test class: com.wolvesres.quanghn.banhang.TestValidNhapTien<br>Parameters: 324@#$#42324@#4, false</td>
<td></td>
<td>0</td>
<td>com.wolvesres.quanghn.banhang.TestValidNhapTien@10e31a9a</td></tr>
<tr>
<td title='com.wolvesres.truongnvn.nhanvien.TestisValidCCCD.testValidCCCD()'><b>testValidCCCD</b><br>Test class: com.wolvesres.truongnvn.nhanvien.TestisValidCCCD<br>Parameters: 089045498413, true</td>
<td></td>
<td>0</td>
<td>com.wolvesres.truongnvn.nhanvien.TestisValidCCCD@2a3b5b47</td></tr>
<tr>
<td title='com.wolvesres.ducvh.kho.StockPriceImportABCTestFail.f()'><b>f</b><br>Test class: com.wolvesres.ducvh.kho.StockPriceImportABCTestFail<br>Parameters: a1b2bc, false</td>
<td></td>
<td>0</td>
<td>com.wolvesres.ducvh.kho.StockPriceImportABCTestFail@5b8dfcc1</td></tr>
<tr>
<td title='com.wolvesres.truongnvn.kho.TestSoluongXuatKho.testValidGia()'><b>testValidGia</b><br>Test class: com.wolvesres.truongnvn.kho.TestSoluongXuatKho<br>Parameters: 9000, false</td>
<td></td>
<td>1</td>
<td>com.wolvesres.truongnvn.kho.TestSoluongXuatKho@42a48628</td></tr>
<tr>
<td title='com.wolvesres.truongnvn.nhanvien.TestValidEmail.testValidEmailCoKhoangTrangFalse()'><b>testValidEmailCoKhoangTrangFalse</b><br>Test class: com.wolvesres.truongnvn.nhanvien.TestValidEmail<br>Parameters:  testemail123@gmail.com, false</td>
<td></td>
<td>0</td>
<td>com.wolvesres.truongnvn.nhanvien.TestValidEmail@35d019a3</td></tr>
<tr>
<td title='com.wolvesres.haotn.sanpham.TestValidProductPrice.testProductPriceNegative()'><b>testProductPriceNegative</b><br>Test class: com.wolvesres.haotn.sanpham.TestValidProductPrice<br>Parameters: -11.0, false</td>
<td></td>
<td>0</td>
<td>com.wolvesres.haotn.sanpham.TestValidProductPrice@564fabc8</td></tr>
<tr>
<td title='com.wolvesres.quanghn.banhang.TestValidNhapTien.testValidNhapTienBoTrongFail()'><b>testValidNhapTienBoTrongFail</b><br>Test class: com.wolvesres.quanghn.banhang.TestValidNhapTien<br>Parameters: 	, false</td>
<td></td>
<td>0</td>
<td>com.wolvesres.quanghn.banhang.TestValidNhapTien@10e31a9a</td></tr>
<tr>
<td title='com.wolvesres.truongnvn.nhanvien.TestValidSDT.testValidSDTFails()'><b>testValidSDTFails</b><br>Test class: com.wolvesres.truongnvn.nhanvien.TestValidSDT<br>Parameters: 0155425546, false</td>
<td></td>
<td>0</td>
<td>com.wolvesres.truongnvn.nhanvien.TestValidSDT@77fbd92c</td></tr>
<tr>
<td title='com.wolvesres.truongnvn.khuban.TestEqualsKhuBan.testTrungTenKhuBan()'><b>testTrungTenKhuBan</b><br>Test class: com.wolvesres.truongnvn.khuban.TestEqualsKhuBan<br>Parameters: Tr?ch, false</td>
<td></td>
<td>0</td>
<td>com.wolvesres.truongnvn.khuban.TestEqualsKhuBan@4ec4f3a0</td></tr>
<tr>
<td title='com.wolvesres.truongnvn.nhanvien.TestisValidCCCD.testValidCCCD()'><b>testValidCCCD</b><br>Test class: com.wolvesres.truongnvn.nhanvien.TestisValidCCCD<br>Parameters: 094237611150, true</td>
<td></td>
<td>0</td>
<td>com.wolvesres.truongnvn.nhanvien.TestisValidCCCD@2a3b5b47</td></tr>
<tr>
<td title='com.wolvesres.ducvh.voucher.VoucherQuanMinusTestFail.f()'><b>f</b><br>Test class: com.wolvesres.ducvh.voucher.VoucherQuanMinusTestFail<br>Parameters: true, v0001, -1000, 14-04-2022, 17-02-2022, 1, false</td>
<td></td>
<td>0</td>
<td>com.wolvesres.ducvh.voucher.VoucherQuanMinusTestFail@49ec71f8</td></tr>
<tr>
<td title='com.wolvesres.truongnvn.nhanvien.TestisValidCCCD.testValidCCCD()'><b>testValidCCCD</b><br>Test class: com.wolvesres.truongnvn.nhanvien.TestisValidCCCD<br>Parameters: 049075410135, true</td>
<td></td>
<td>0</td>
<td>com.wolvesres.truongnvn.nhanvien.TestisValidCCCD@2a3b5b47</td></tr>
<tr>
<td title='com.wolvesres.truongnvn.nhanvien.TestValidSDT.testValidSDTSuccess()'><b>testValidSDTSuccess</b><br>Test class: com.wolvesres.truongnvn.nhanvien.TestValidSDT<br>Parameters: 0854730618, true</td>
<td></td>
<td>0</td>
<td>com.wolvesres.truongnvn.nhanvien.TestValidSDT@77fbd92c</td></tr>
<tr>
<td title='com.wolvesres.quanghn.voucher.TestValidVoucher.testValidVoucherFail()'><b>testValidVoucherFail</b><br>Test class: com.wolvesres.quanghn.voucher.TestValidVoucher<br>Parameters: -456223, false</td>
<td></td>
<td>0</td>
<td>com.wolvesres.quanghn.voucher.TestValidVoucher@1bd4fdd</td></tr>
<tr>
<td title='com.wolvesres.truongnvn.nhanvien.TestValidSDT.testValidSDTFails()'><b>testValidSDTFails</b><br>Test class: com.wolvesres.truongnvn.nhanvien.TestValidSDT<br>Parameters: 0615986345, false</td>
<td></td>
<td>0</td>
<td>com.wolvesres.truongnvn.nhanvien.TestValidSDT@77fbd92c</td></tr>
<tr>
<td title='com.wolvesres.haotn.nhanvien.TestValidIdNational.testIdNationalFail()'><b>testIdNationalFail</b><br>Test class: com.wolvesres.haotn.nhanvien.TestValidIdNational<br>Parameters: [Ljava.lang.Object;@49fe3142</td>
<td></td>
<td>0</td>
<td>com.wolvesres.haotn.nhanvien.TestValidIdNational@18078bef</td></tr>
<tr>
<td title='com.wolvesres.haotn.taikhoan.TestValidPassword.testPasswordFailSpace()'><b>testPasswordFailSpace</b><br>Test class: com.wolvesres.haotn.taikhoan.TestValidPassword<br>Parameters: &&Ou) Y4z2/t1AIg, false</td>
<td></td>
<td>0</td>
<td>com.wolvesres.haotn.taikhoan.TestValidPassword@5c33f1a9</td></tr>
<tr>
<td title='com.wolvesres.truongnvn.voucher.TestDateVoucher.testDateVoucherAfer()'><b>testDateVoucherAfer</b><br>Test class: com.wolvesres.truongnvn.voucher.TestDateVoucher<br>Parameters: Tue Apr 12 00:00:00 ICT 2022, Thu Apr 14 00:00:00 ICT 2022, false</td>
<td></td>
<td>0</td>
<td>com.wolvesres.truongnvn.voucher.TestDateVoucher@c8c12ac</td></tr>
<tr>
<td title='com.wolvesres.quanghn.taikhoan.TestValidXacNhanMatKhau.testValidXacNhanMatKhauSuccess()'><b>testValidXacNhanMatKhauSuccess</b><br>Test class: com.wolvesres.quanghn.taikhoan.TestValidXacNhanMatKhau<br>Parameters: 12345678, 12345678, true</td>
<td></td>
<td>0</td>
<td>com.wolvesres.quanghn.taikhoan.TestValidXacNhanMatKhau@7d8995e</td></tr>
<tr>
<td title='com.wolvesres.quanghn.kho.TestValidXuatKho.testValidXuatKhoNhapChuFail()'><b>testValidXuatKhoNhapChuFail</b><br>Test class: com.wolvesres.quanghn.kho.TestValidXuatKho<br>Parameters: reytu, false</td>
<td></td>
<td>0</td>
<td>com.wolvesres.quanghn.kho.TestValidXuatKho@3febb011</td></tr>
<tr>
<td title='com.wolvesres.ducvh.matkhau.PasswordEmptyTestFail.f()'><b>f</b><br>Test class: com.wolvesres.ducvh.matkhau.PasswordEmptyTestFail<br>Parameters:  , false</td>
<td></td>
<td>0</td>
<td>com.wolvesres.ducvh.matkhau.PasswordEmptyTestFail@67c27493</td></tr>
<tr>
<td title='com.wolvesres.haotn.taikhoan.TestValidPassword.testPasswordFailSpace()'><b>testPasswordFailSpace</b><br>Test class: com.wolvesres.haotn.taikhoan.TestValidPassword<br>Parameters: 2 }S1^}5pRt, false</td>
<td></td>
<td>0</td>
<td>com.wolvesres.haotn.taikhoan.TestValidPassword@5c33f1a9</td></tr>
<tr>
<td title='com.wolvesres.quanghn.banhang.TestValidNhapTien.testValidNhapTienBoTrongFail()'><b>testValidNhapTienBoTrongFail</b><br>Test class: com.wolvesres.quanghn.banhang.TestValidNhapTien<br>Parameters: , false</td>
<td></td>
<td>0</td>
<td>com.wolvesres.quanghn.banhang.TestValidNhapTien@10e31a9a</td></tr>
<tr>
<td title='com.wolvesres.haotn.voucher.TestEndDateVoucher.testEndDateVoucherFail()'><b>testEndDateVoucherFail</b><br>Test class: com.wolvesres.haotn.voucher.TestEndDateVoucher<br>Parameters: Sun Apr 14 00:00:00 ICT 2019, Thu Jun 10 00:00:00 ICT 2021, false</td>
<td></td>
<td>0</td>
<td>com.wolvesres.haotn.voucher.TestEndDateVoucher@36bc55de</td></tr>
<tr>
<td title='com.wolvesres.ducvh.matkhau.PasswordLengthTestFail.f()'><b>f</b><br>Test class: com.wolvesres.ducvh.matkhau.PasswordLengthTestFail<br>Parameters: 1, false</td>
<td></td>
<td>0</td>
<td>com.wolvesres.ducvh.matkhau.PasswordLengthTestFail@f6efaab</td></tr>
<tr>
<td title='com.wolvesres.truongnvn.nhanvien.TestisValidCCCD.testValidCCCDDu()'><b>testValidCCCDDu</b><br>Test class: com.wolvesres.truongnvn.nhanvien.TestisValidCCCD<br>Parameters: 034002211636312312312323, false</td>
<td></td>
<td>0</td>
<td>com.wolvesres.truongnvn.nhanvien.TestisValidCCCD@2a3b5b47</td></tr>
<tr>
<td title='com.wolvesres.truongnvn.kho.TestSoluongXuatKho.testValidSoLuongEmpty()'><b>testValidSoLuongEmpty</b><br>Test class: com.wolvesres.truongnvn.kho.TestSoluongXuatKho<br>Parameters: , false</td>
<td></td>
<td>0</td>
<td>com.wolvesres.truongnvn.kho.TestSoluongXuatKho@42a48628</td></tr>
<tr>
<td title='com.wolvesres.quanghn.banhang.TestValidNhapTien.testValidNhapTienFail()'><b>testValidNhapTienFail</b><br>Test class: com.wolvesres.quanghn.banhang.TestValidNhapTien<br>Parameters: 678^*78^*785685, false</td>
<td></td>
<td>0</td>
<td>com.wolvesres.quanghn.banhang.TestValidNhapTien@10e31a9a</td></tr>
<tr>
<td title='com.wolvesres.quanghn.sanpham.TestValidGiaSP.testValidGiaSPKiTuDacBietFail()'><b>testValidGiaSPKiTuDacBietFail</b><br>Test class: com.wolvesres.quanghn.sanpham.TestValidGiaSP<br>Parameters: 0@#034@#, false</td>
<td></td>
<td>0</td>
<td>com.wolvesres.quanghn.sanpham.TestValidGiaSP@293a5bf6</td></tr>
<tr>
<td title='com.wolvesres.quanghn.kho.TestValidNhapKho.testValidNhapKhoSoAmFail()'><b>testValidNhapKhoSoAmFail</b><br>Test class: com.wolvesres.quanghn.kho.TestValidNhapKho<br>Parameters: -593485, false</td>
<td></td>
<td>0</td>
<td>com.wolvesres.quanghn.kho.TestValidNhapKho@74f0ea28</td></tr>
<tr>
<td title='com.wolvesres.truongnvn.nhanvien.TestisValidCCCD.testValidCCCD()'><b>testValidCCCD</b><br>Test class: com.wolvesres.truongnvn.nhanvien.TestisValidCCCD<br>Parameters: 046030215035, true</td>
<td></td>
<td>0</td>
<td>com.wolvesres.truongnvn.nhanvien.TestisValidCCCD@2a3b5b47</td></tr>
<tr>
<td title='com.wolvesres.quanghn.nhanvien.TestValidHoTen.testValidFullNameFail()'><b>testValidFullNameFail</b><br>Test class: com.wolvesres.quanghn.nhanvien.TestValidHoTen<br>Parameters: 	, false</td>
<td></td>
<td>0</td>
<td>com.wolvesres.quanghn.nhanvien.TestValidHoTen@1623b78d</td></tr>
<tr>
<td title='com.wolvesres.truongnvn.voucher.TestDateVoucher.testDateVoucherBefore()'><b>testDateVoucherBefore</b><br>Test class: com.wolvesres.truongnvn.voucher.TestDateVoucher<br>Parameters: Tue Apr 12 00:00:00 ICT 2022, Mon Apr 11 00:00:00 ICT 2022, false</td>
<td></td>
<td>0</td>
<td>com.wolvesres.truongnvn.voucher.TestDateVoucher@c8c12ac</td></tr>
<tr>
<td title='com.wolvesres.quanghn.nhanvien.TestValidHoTen.testValidFullNameNhapSoFail()'><b>testValidFullNameNhapSoFail</b><br>Test class: com.wolvesres.quanghn.nhanvien.TestValidHoTen<br>Parameters: 345345435, false</td>
<td></td>
<td>0</td>
<td>com.wolvesres.quanghn.nhanvien.TestValidHoTen@1623b78d</td></tr>
<tr>
<td title='com.wolvesres.truongnvn.nhanvien.TestValidSDT.testValidSDTSuccess()'><b>testValidSDTSuccess</b><br>Test class: com.wolvesres.truongnvn.nhanvien.TestValidSDT<br>Parameters: 0750211114, true</td>
<td></td>
<td>0</td>
<td>com.wolvesres.truongnvn.nhanvien.TestValidSDT@77fbd92c</td></tr>
<tr>
<td title='com.wolvesres.quanghn.nhanvien.TestValidCCCD.testValidCCCDFail()'><b>testValidCCCDFail</b><br>Test class: com.wolvesres.quanghn.nhanvien.TestValidCCCD<br>Parameters: , false</td>
<td></td>
<td>0</td>
<td>com.wolvesres.quanghn.nhanvien.TestValidCCCD@55183b20</td></tr>
<tr>
<td title='com.wolvesres.quanghn.taikhoan.TestValidXacNhanMatKhau.testValidXacNhanMatKhauSuccess()'><b>testValidXacNhanMatKhauSuccess</b><br>Test class: com.wolvesres.quanghn.taikhoan.TestValidXacNhanMatKhau<br>Parameters: 345678, 345678, true</td>
<td></td>
<td>0</td>
<td>com.wolvesres.quanghn.taikhoan.TestValidXacNhanMatKhau@7d8995e</td></tr>
<tr>
<td title='com.wolvesres.quanghn.voucher.TestValidVoucher.testValidVoucherFail()'><b>testValidVoucherFail</b><br>Test class: com.wolvesres.quanghn.voucher.TestValidVoucher<br>Parameters: -56654, false</td>
<td></td>
<td>0</td>
<td>com.wolvesres.quanghn.voucher.TestValidVoucher@1bd4fdd</td></tr>
<tr>
<td title='com.wolvesres.haotn.voucher.TestVoucherDiscount.testVoucherDiscountGreaterThan100()'><b>testVoucherDiscountGreaterThan100</b><br>Test class: com.wolvesres.haotn.voucher.TestVoucherDiscount<br>Parameters: 263.1534034924497, false</td>
<td></td>
<td>0</td>
<td>com.wolvesres.haotn.voucher.TestVoucherDiscount@799f10e1</td></tr>
<tr>
<td title='com.wolvesres.ducvh.kho.StockPriceImportTestSuccess.f()'><b>f</b><br>Test class: com.wolvesres.ducvh.kho.StockPriceImportTestSuccess<br>Parameters: 1, true</td>
<td></td>
<td>0</td>
<td>com.wolvesres.ducvh.kho.StockPriceImportTestSuccess@32eff876</td></tr>
<tr>
<td title='com.wolvesres.quanghn.danhmuc.TestValidDanhMuc.testValidFullNameFail()'><b>testValidFullNameFail</b><br>Test class: com.wolvesres.quanghn.danhmuc.TestValidDanhMuc<br>Parameters: Salad, false</td>
<td></td>
<td>0</td>
<td>com.wolvesres.quanghn.danhmuc.TestValidDanhMuc@72967906</td></tr>
<tr>
<td title='com.wolvesres.truongnvn.nhanvien.TestisValidCCCD.testValidCCCDGioiTinhTheoNam()'><b>testValidCCCDGioiTinhTheoNam</b><br>Test class: com.wolvesres.truongnvn.nhanvien.TestisValidCCCD<br>Parameters: true, 2, 20, false</td>
<td></td>
<td>0</td>
<td>com.wolvesres.truongnvn.nhanvien.TestisValidCCCD@2a3b5b47</td></tr>
<tr>
<td title='com.wolvesres.truongnvn.nhanvien.TestisValidCCCD.testValidCCCD()'><b>testValidCCCD</b><br>Test class: com.wolvesres.truongnvn.nhanvien.TestisValidCCCD<br>Parameters: 035045525294, true</td>
<td></td>
<td>0</td>
<td>com.wolvesres.truongnvn.nhanvien.TestisValidCCCD@2a3b5b47</td></tr>
<tr>
<td title='com.wolvesres.quanghn.sanpham.TestValidGiaSP.testValidGiaSPFail()'><b>testValidGiaSPFail</b><br>Test class: com.wolvesres.quanghn.sanpham.TestValidGiaSP<br>Parameters: fhhfda, false</td>
<td></td>
<td>0</td>
<td>com.wolvesres.quanghn.sanpham.TestValidGiaSP@293a5bf6</td></tr>
<tr>
<td title='com.wolvesres.ducvh.voucher.VoucherDiscountEmptyTestFail.f()'><b>f</b><br>Test class: com.wolvesres.ducvh.voucher.VoucherDiscountEmptyTestFail<br>Parameters: true, v0001, 1, 14-04-2022, 17-02-2022, , false</td>
<td></td>
<td>0</td>
<td>com.wolvesres.ducvh.voucher.VoucherDiscountEmptyTestFail@130d63be</td></tr>
<tr>
<td title='com.wolvesres.truongnvn.nhanvien.TestValidEmail.testValidEmailCoKhoangTrangFalse()'><b>testValidEmailCoKhoangTrangFalse</b><br>Test class: com.wolvesres.truongnvn.nhanvien.TestValidEmail<br>Parameters: test email123@gmail.com, false</td>
<td></td>
<td>0</td>
<td>com.wolvesres.truongnvn.nhanvien.TestValidEmail@35d019a3</td></tr>
<tr>
<td title='com.wolvesres.ducvh.voucher.VoucherQuanRealTestFail.f()'><b>f</b><br>Test class: com.wolvesres.ducvh.voucher.VoucherQuanRealTestFail<br>Parameters: true, v0001, 999.999, 14-04-2022, 17-02-2022, 1, false</td>
<td></td>
<td>0</td>
<td>com.wolvesres.ducvh.voucher.VoucherQuanRealTestFail@747ddf94</td></tr>
<tr>
<td title='com.wolvesres.quanghn.nhanvien.TestValidCCCD.testValidCCCDMaTinhFail()'><b>testValidCCCDMaTinhFail</b><br>Test class: com.wolvesres.quanghn.nhanvien.TestValidCCCD<br>Parameters: 092091273586, false</td>
<td></td>
<td>0</td>
<td>com.wolvesres.quanghn.nhanvien.TestValidCCCD@55183b20</td></tr>
<tr>
<td title='com.wolvesres.truongnvn.nhanvien.TestValidSDT.testValidSDTFails()'><b>testValidSDTFails</b><br>Test class: com.wolvesres.truongnvn.nhanvien.TestValidSDT<br>Parameters: 1702154687, false</td>
<td></td>
<td>0</td>
<td>com.wolvesres.truongnvn.nhanvien.TestValidSDT@77fbd92c</td></tr>
<tr>
<td title='com.wolvesres.truongnvn.nhanvien.TestisValidCCCD.testValidCCCD()'><b>testValidCCCD</b><br>Test class: com.wolvesres.truongnvn.nhanvien.TestisValidCCCD<br>Parameters: 087296986511, true</td>
<td></td>
<td>0</td>
<td>com.wolvesres.truongnvn.nhanvien.TestisValidCCCD@2a3b5b47</td></tr>
<tr>
<td title='com.wolvesres.ducvh.kho.StockPriceExportEmptyTestFail.f()'><b>f</b><br>Test class: com.wolvesres.ducvh.kho.StockPriceExportEmptyTestFail<br>Parameters: 	, false</td>
<td></td>
<td>0</td>
<td>com.wolvesres.ducvh.kho.StockPriceExportEmptyTestFail@1fa268de</td></tr>
<tr>
<td title='com.wolvesres.quanghn.kho.TestValidNhapKho.testValidNhapKhoSoAmFail()'><b>testValidNhapKhoSoAmFail</b><br>Test class: com.wolvesres.quanghn.kho.TestValidNhapKho<br>Parameters: -12, false</td>
<td></td>
<td>0</td>
<td>com.wolvesres.quanghn.kho.TestValidNhapKho@74f0ea28</td></tr>
<tr>
<td title='com.wolvesres.truongnvn.nhanvien.TestisValidCCCD.testValidCCCD()'><b>testValidCCCD</b><br>Test class: com.wolvesres.truongnvn.nhanvien.TestisValidCCCD<br>Parameters: 040134843073, true</td>
<td></td>
<td>0</td>
<td>com.wolvesres.truongnvn.nhanvien.TestisValidCCCD@2a3b5b47</td></tr>
<tr>
<td title='com.wolvesres.quanghn.danhmuc.TestValidDanhMuc.testValidFullNameFail()'><b>testValidFullNameFail</b><br>Test class: com.wolvesres.quanghn.danhmuc.TestValidDanhMuc<br>Parameters: Bia, false</td>
<td></td>
<td>0</td>
<td>com.wolvesres.quanghn.danhmuc.TestValidDanhMuc@72967906</td></tr>
<tr>
<td title='com.wolvesres.truongnvn.nhanvien.TestisValidCCCD.testValidCCCDDu()'><b>testValidCCCDDu</b><br>Test class: com.wolvesres.truongnvn.nhanvien.TestisValidCCCD<br>Parameters: 034002211636312312312323, false</td>
<td></td>
<td>0</td>
<td>com.wolvesres.truongnvn.nhanvien.TestisValidCCCD@2a3b5b47</td></tr>
<tr>
<td title='com.wolvesres.ducvh.donvitinh.CalcUnitEmptyTestFail.f()'><b>f</b><br>Test class: com.wolvesres.ducvh.donvitinh.CalcUnitEmptyTestFail<br>Parameters: true, , false</td>
<td></td>
<td>0</td>
<td>com.wolvesres.ducvh.donvitinh.CalcUnitEmptyTestFail@223191a6</td></tr>
<tr>
<td title='com.wolvesres.quanghn.voucher.TestValidVoucher.testValidVoucherFail()'><b>testValidVoucherFail</b><br>Test class: com.wolvesres.quanghn.voucher.TestValidVoucher<br>Parameters: -76747, false</td>
<td></td>
<td>0</td>
<td>com.wolvesres.quanghn.voucher.TestValidVoucher@1bd4fdd</td></tr>
<tr>
<td title='com.wolvesres.truongnvn.nhanvien.TestisValidCCCD.testValidCCCD()'><b>testValidCCCD</b><br>Test class: com.wolvesres.truongnvn.nhanvien.TestisValidCCCD<br>Parameters: 070308165015, true</td>
<td></td>
<td>0</td>
<td>com.wolvesres.truongnvn.nhanvien.TestisValidCCCD@2a3b5b47</td></tr>
<tr>
<td title='com.wolvesres.truongnvn.kho.TestSoluongXuatKho.testValidSoLuongEmpty()'><b>testValidSoLuongEmpty</b><br>Test class: com.wolvesres.truongnvn.kho.TestSoluongXuatKho<br>Parameters: 	, false</td>
<td></td>
<td>0</td>
<td>com.wolvesres.truongnvn.kho.TestSoluongXuatKho@42a48628</td></tr>
<tr>
<td title='com.wolvesres.truongnvn.nhanvien.TestValidSDT.testValidSDTSuccess()'><b>testValidSDTSuccess</b><br>Test class: com.wolvesres.truongnvn.nhanvien.TestValidSDT<br>Parameters: 0310771384, true</td>
<td></td>
<td>0</td>
<td>com.wolvesres.truongnvn.nhanvien.TestValidSDT@77fbd92c</td></tr>
<tr>
<td title='com.wolvesres.truongnvn.nhanvien.TestisValidCCCD.testValidCCCDNamTheoTheKi()'><b>testValidCCCDNamTheoTheKi</b><br>Test class: com.wolvesres.truongnvn.nhanvien.TestisValidCCCD<br>Parameters: 1990, 21, false</td>
<td></td>
<td>0</td>
<td>com.wolvesres.truongnvn.nhanvien.TestisValidCCCD@2a3b5b47</td></tr>
<tr>
<td title='com.wolvesres.ducvh.voucher.VoucherDiscountEmptyTestFail.f()'><b>f</b><br>Test class: com.wolvesres.ducvh.voucher.VoucherDiscountEmptyTestFail<br>Parameters: true, v0001, 1, 14-04-2022, 17-02-2022, null, false</td>
<td></td>
<td>0</td>
<td>com.wolvesres.ducvh.voucher.VoucherDiscountEmptyTestFail@130d63be</td></tr>
<tr>
<td title='com.wolvesres.truongnvn.nhanvien.TestValidEmail.testValidEmailCoKhoangTrangFalse()'><b>testValidEmailCoKhoangTrangFalse</b><br>Test class: com.wolvesres.truongnvn.nhanvien.TestValidEmail<br>Parameters: test email 123 @gmail.com, false</td>
<td></td>
<td>0</td>
<td>com.wolvesres.truongnvn.nhanvien.TestValidEmail@35d019a3</td></tr>
<tr>
<td title='com.wolvesres.haotn.nhanvien.TestValidIdNational.testIdNationalFail()'><b>testIdNationalFail</b><br>Test class: com.wolvesres.haotn.nhanvien.TestValidIdNational<br>Parameters: [Ljava.lang.Object;@13fed1ec</td>
<td></td>
<td>0</td>
<td>com.wolvesres.haotn.nhanvien.TestValidIdNational@18078bef</td></tr>
<tr>
<td title='com.wolvesres.truongnvn.nhanvien.TestisValidCCCD.testValidCCCD()'><b>testValidCCCD</b><br>Test class: com.wolvesres.truongnvn.nhanvien.TestisValidCCCD<br>Parameters: 092021352901, true</td>
<td></td>
<td>0</td>
<td>com.wolvesres.truongnvn.nhanvien.TestisValidCCCD@2a3b5b47</td></tr>
<tr>
<td title='com.wolvesres.haotn.taikhoan.TestValidPassword.testValidPasswordFailLength()'><b>testValidPasswordFailLength</b><br>Test class: com.wolvesres.haotn.taikhoan.TestValidPassword<br>Parameters: [=ZpA1<8[Z0Ya3rt>dcYGR1a9, false</td>
<td></td>
<td>0</td>
<td>com.wolvesres.haotn.taikhoan.TestValidPassword@5c33f1a9</td></tr>
<tr>
<td title='com.wolvesres.ducvh.voucher.VoucherEndPastTestFail.f()'><b>f</b><br>Test class: com.wolvesres.ducvh.voucher.VoucherEndPastTestFail<br>Parameters: true, v0001, 1, 20-07-2019, 14-04-2022, 1, false</td>
<td></td>
<td>0</td>
<td>com.wolvesres.ducvh.voucher.VoucherEndPastTestFail@1283bb96</td></tr>
<tr>
<td title='com.wolvesres.haotn.voucher.TestVoucherCode.testVoucherCodeEmpty()'><b>testVoucherCodeEmpty</b><br>Test class: com.wolvesres.haotn.voucher.TestVoucherCode<br>Parameters: , false</td>
<td></td>
<td>0</td>
<td>com.wolvesres.haotn.voucher.TestVoucherCode@49e53c76</td></tr>
<tr>
<td title='com.wolvesres.haotn.voucher.TestVoucherCode.testVoucherCodeLength()'><b>testVoucherCodeLength</b><br>Test class: com.wolvesres.haotn.voucher.TestVoucherCode<br>Parameters: 9, false</td>
<td></td>
<td>0</td>
<td>com.wolvesres.haotn.voucher.TestVoucherCode@49e53c76</td></tr>
<tr>
<td title='com.wolvesres.quanghn.nhanvien.TestValidHoTen.testValidFullNameFail()'><b>testValidFullNameFail</b><br>Test class: com.wolvesres.quanghn.nhanvien.TestValidHoTen<br>Parameters:  , false</td>
<td></td>
<td>0</td>
<td>com.wolvesres.quanghn.nhanvien.TestValidHoTen@1623b78d</td></tr>
<tr>
<td title='com.wolvesres.truongnvn.nhanvien.TestValidSDT.testValidSDTSuccess()'><b>testValidSDTSuccess</b><br>Test class: com.wolvesres.truongnvn.nhanvien.TestValidSDT<br>Parameters: 0990305467, true</td>
<td></td>
<td>0</td>
<td>com.wolvesres.truongnvn.nhanvien.TestValidSDT@77fbd92c</td></tr>
<tr>
<td title='com.wolvesres.ducvh.voucher.VoucherDiscountEmptyTestFail.f()'><b>f</b><br>Test class: com.wolvesres.ducvh.voucher.VoucherDiscountEmptyTestFail<br>Parameters: true, v0001, 1, 14-04-2022, 17-02-2022,  , false</td>
<td></td>
<td>0</td>
<td>com.wolvesres.ducvh.voucher.VoucherDiscountEmptyTestFail@130d63be</td></tr>
<tr>
<td title='com.wolvesres.truongnvn.khuban.TestEqualsKhuBan.testTrungTenKhuBan()'><b>testTrungTenKhuBan</b><br>Test class: com.wolvesres.truongnvn.khuban.TestEqualsKhuBan<br>Parameters: Khu A, false</td>
<td></td>
<td>0</td>
<td>com.wolvesres.truongnvn.khuban.TestEqualsKhuBan@4ec4f3a0</td></tr>
<tr>
<td title='com.wolvesres.login.testclass.TestLogin.testLoginSuccess()'><b>testLoginSuccess</b><br>Test class: com.wolvesres.login.testclass.TestLogin<br>Parameters: BOSS02, 123456, true</td>
<td></td>
<td>0</td>
<td>com.wolvesres.login.testclass.TestLogin@3349e9bb</td></tr>
<tr>
<td title='com.wolvesres.truongnvn.nhanvien.TestisValidCCCD.testValidCCCD()'><b>testValidCCCD</b><br>Test class: com.wolvesres.truongnvn.nhanvien.TestisValidCCCD<br>Parameters: 011307787170, true</td>
<td></td>
<td>0</td>
<td>com.wolvesres.truongnvn.nhanvien.TestisValidCCCD@2a3b5b47</td></tr>
<tr>
<td title='com.wolvesres.haotn.sanpham.TestValidProductName.testValidProductName()'><b>testValidProductName</b><br>Test class: com.wolvesres.haotn.sanpham.TestValidProductName<br>Parameters: G ti?m thu?c b?c, true</td>
<td></td>
<td>0</td>
<td>com.wolvesres.haotn.sanpham.TestValidProductName@8f4ea7c</td></tr>
<tr>
<td title='com.wolvesres.haotn.kho.TestExportPrice.testProductExportPrice()'><b>testProductExportPrice</b><br>Test class: com.wolvesres.haotn.kho.TestExportPrice<br>Parameters: -1.0E-6, false</td>
<td></td>
<td>0</td>
<td>com.wolvesres.haotn.kho.TestExportPrice@223d2c72</td></tr>
<tr>
<td title='com.wolvesres.truongnvn.voucher.TestSoluongVouvherBoTrong.testValidSoLuongEmpty()'><b>testValidSoLuongEmpty</b><br>Test class: com.wolvesres.truongnvn.voucher.TestSoluongVouvherBoTrong<br>Parameters: , false</td>
<td></td>
<td>0</td>
<td>com.wolvesres.truongnvn.voucher.TestSoluongVouvherBoTrong@4f83df68</td></tr>
<tr>
<td title='com.wolvesres.quanghn.voucher.TestValidVoucher.testValidVoucherSuccess()'><b>testValidVoucherSuccess</b><br>Test class: com.wolvesres.quanghn.voucher.TestValidVoucher<br>Parameters: 1234, true</td>
<td></td>
<td>0</td>
<td>com.wolvesres.quanghn.voucher.TestValidVoucher@1bd4fdd</td></tr>
<tr>
<td title='com.wolvesres.ducvh.donvitinh.CalcUnitDuplicateTestFail.f()'><b>f</b><br>Test class: com.wolvesres.ducvh.donvitinh.CalcUnitDuplicateTestFail<br>Parameters: true, Ly, false</td>
<td></td>
<td>0</td>
<td>com.wolvesres.ducvh.donvitinh.CalcUnitDuplicateTestFail@35e2d654</td></tr>
<tr>
<td title='com.wolvesres.quanghn.nhanvien.TestValidHoTen.testValidFullNameNhapSoFail()'><b>testValidFullNameNhapSoFail</b><br>Test class: com.wolvesres.quanghn.nhanvien.TestValidHoTen<br>Parameters: 76796, false</td>
<td></td>
<td>0</td>
<td>com.wolvesres.quanghn.nhanvien.TestValidHoTen@1623b78d</td></tr>
<tr>
<td title='com.wolvesres.haotn.voucher.TestVoucherDiscount.testVoucherDiscount()'><b>testVoucherDiscount</b><br>Test class: com.wolvesres.haotn.voucher.TestVoucherDiscount<br>Parameters: 99.9, true</td>
<td></td>
<td>0</td>
<td>com.wolvesres.haotn.voucher.TestVoucherDiscount@799f10e1</td></tr>
<tr>
<td title='com.wolvesres.truongnvn.nhanvien.TestisValidCCCD.testValidCCCD()'><b>testValidCCCD</b><br>Test class: com.wolvesres.truongnvn.nhanvien.TestisValidCCCD<br>Parameters: 040016494536, true</td>
<td></td>
<td>0</td>
<td>com.wolvesres.truongnvn.nhanvien.TestisValidCCCD@2a3b5b47</td></tr>
<tr>
<td title='com.wolvesres.truongnvn.nhanvien.TestisValidCCCD.testValidCCCD()'><b>testValidCCCD</b><br>Test class: com.wolvesres.truongnvn.nhanvien.TestisValidCCCD<br>Parameters: 030099193171, true</td>
<td></td>
<td>0</td>
<td>com.wolvesres.truongnvn.nhanvien.TestisValidCCCD@2a3b5b47</td></tr>
<tr>
<td title='com.wolvesres.ducvh.voucher.VoucherQuanRealTestFail.f()'><b>f</b><br>Test class: com.wolvesres.ducvh.voucher.VoucherQuanRealTestFail<br>Parameters: true, v0001, 0.1, 14-04-2022, 17-02-2022, 1, false</td>
<td></td>
<td>0</td>
<td>com.wolvesres.ducvh.voucher.VoucherQuanRealTestFail@747ddf94</td></tr>
<tr>
<td title='com.wolvesres.ducvh.danhmuc.CategoryEmptyTestFail.f()'><b>f</b><br>Test class: com.wolvesres.ducvh.danhmuc.CategoryEmptyTestFail<br>Parameters: true,  , Ten Danh Muc 1, true, false</td>
<td></td>
<td>0</td>
<td>com.wolvesres.ducvh.danhmuc.CategoryEmptyTestFail@351d00c0</td></tr>
<tr>
<td title='com.wolvesres.quanghn.nhanvien.TestValidEmail.testValidEmailSuccess()'><b>testValidEmailSuccess</b><br>Test class: com.wolvesres.quanghn.nhanvien.TestValidEmail<br>Parameters: quanghnpc01597@fpt.edu.vn, true</td>
<td></td>
<td>0</td>
<td>com.wolvesres.quanghn.nhanvien.TestValidEmail@55b699ef</td></tr>
<tr>
<td title='com.wolvesres.quanghn.nhanvien.TestValidHoTen.testValidFullNameFail()'><b>testValidFullNameFail</b><br>Test class: com.wolvesres.quanghn.nhanvien.TestValidHoTen<br>Parameters: , false</td>
<td></td>
<td>0</td>
<td>com.wolvesres.quanghn.nhanvien.TestValidHoTen@1623b78d</td></tr>
<tr>
<td title='com.wolvesres.truongnvn.nhanvien.TestValidSDT.testValidSDTFails()'><b>testValidSDTFails</b><br>Test class: com.wolvesres.truongnvn.nhanvien.TestValidSDT<br>Parameters: 2315264812, false</td>
<td></td>
<td>0</td>
<td>com.wolvesres.truongnvn.nhanvien.TestValidSDT@77fbd92c</td></tr>
<tr>
<td title='com.wolvesres.truongnvn.nhanvien.TestisValidCCCD.testValidCCCDGioiTinhTheoNam()'><b>testValidCCCDGioiTinhTheoNam</b><br>Test class: com.wolvesres.truongnvn.nhanvien.TestisValidCCCD<br>Parameters: false, 5, 21, false</td>
<td></td>
<td>0</td>
<td>com.wolvesres.truongnvn.nhanvien.TestisValidCCCD@2a3b5b47</td></tr>
<tr>
<td title='com.wolvesres.quanghn.danhmuc.TestValidDanhMuc.testValidFullNameFail()'><b>testValidFullNameFail</b><br>Test class: com.wolvesres.quanghn.danhmuc.TestValidDanhMuc<br>Parameters: N??c Su?i, false</td>
<td></td>
<td>0</td>
<td>com.wolvesres.quanghn.danhmuc.TestValidDanhMuc@72967906</td></tr>
<tr>
<td title='com.wolvesres.quanghn.voucher.TestValidVoucher.testValidVoucherSuccess()'><b>testValidVoucherSuccess</b><br>Test class: com.wolvesres.quanghn.voucher.TestValidVoucher<br>Parameters: 456, true</td>
<td></td>
<td>0</td>
<td>com.wolvesres.quanghn.voucher.TestValidVoucher@1bd4fdd</td></tr>
<tr>
<td title='com.wolvesres.login.testclass.TestLogin.testLoginFail()'><b>testLoginFail</b><br>Test class: com.wolvesres.login.testclass.TestLogin<br>Parameters: user0001, 12345678, false</td>
<td></td>
<td>0</td>
<td>com.wolvesres.login.testclass.TestLogin@3349e9bb</td></tr>
<tr>
<td title='com.wolvesres.ducvh.kho.StockQuanExportTestSuccess.f()'><b>f</b><br>Test class: com.wolvesres.ducvh.kho.StockQuanExportTestSuccess<br>Parameters: 2000, false</td>
<td></td>
<td>0</td>
<td>com.wolvesres.ducvh.kho.StockQuanExportTestSuccess@4550bb58</td></tr>
<tr>
<td title='com.wolvesres.quanghn.voucher.TestValidVoucher.testValidVoucherSuccess()'><b>testValidVoucherSuccess</b><br>Test class: com.wolvesres.quanghn.voucher.TestValidVoucher<br>Parameters: 231, true</td>
<td></td>
<td>0</td>
<td>com.wolvesres.quanghn.voucher.TestValidVoucher@1bd4fdd</td></tr>
<tr>
<td title='com.wolvesres.haotn.sanpham.TestAutoGenerateIdProduct.testAutoGenerateIdProduct()'><b>testAutoGenerateIdProduct</b><br>Test class: com.wolvesres.haotn.sanpham.TestAutoGenerateIdProduct</td>
<td></td>
<td>0</td>
<td>com.wolvesres.haotn.sanpham.TestAutoGenerateIdProduct@74fe5c40</td></tr>
<tr>
<td title='com.wolvesres.haotn.nhanvien.TestValidIdNational.testIdNationalFail()'><b>testIdNationalFail</b><br>Test class: com.wolvesres.haotn.nhanvien.TestValidIdNational<br>Parameters: [Ljava.lang.Object;@61c42416</td>
<td></td>
<td>0</td>
<td>com.wolvesres.haotn.nhanvien.TestValidIdNational@18078bef</td></tr>
<tr>
<td title='com.wolvesres.haotn.sanpham.TestValidProductPrice.testProductPriceNegative()'><b>testProductPriceNegative</b><br>Test class: com.wolvesres.haotn.sanpham.TestValidProductPrice<br>Parameters: -1.0E9, false</td>
<td></td>
<td>0</td>
<td>com.wolvesres.haotn.sanpham.TestValidProductPrice@564fabc8</td></tr>
<tr>
<td title='com.wolvesres.truongnvn.ban.TestCreateAutoIDBan.testAutoGenerateIdProduct()'><b>testAutoGenerateIdProduct</b><br>Test class: com.wolvesres.truongnvn.ban.TestCreateAutoIDBan</td>
<td></td>
<td>0</td>
<td>com.wolvesres.truongnvn.ban.TestCreateAutoIDBan@6aeb35e6</td></tr>
<tr>
<td title='com.wolvesres.truongnvn.nhanvien.TestValidFullname.testFullNameNoSpace()'><b>testFullNameNoSpace</b><br>Test class: com.wolvesres.truongnvn.nhanvien.TestValidFullname<br>Parameters: tieunhuthao, false</td>
<td></td>
<td>0</td>
<td>com.wolvesres.truongnvn.nhanvien.TestValidFullname@6cf0e0ba</td></tr>
<tr>
<td title='com.wolvesres.truongnvn.nhanvien.TestisValidCCCD.testValidCCCD()'><b>testValidCCCD</b><br>Test class: com.wolvesres.truongnvn.nhanvien.TestisValidCCCD<br>Parameters: 036063297855, true</td>
<td></td>
<td>0</td>
<td>com.wolvesres.truongnvn.nhanvien.TestisValidCCCD@2a3b5b47</td></tr>
<tr>
<td title='com.wolvesres.ducvh.kho.StockQuanImportABCTestFail.f()'><b>f</b><br>Test class: com.wolvesres.ducvh.kho.StockQuanImportABCTestFail<br>Parameters: abc, false</td>
<td></td>
<td>0</td>
<td>com.wolvesres.ducvh.kho.StockQuanImportABCTestFail@436813f3</td></tr>
<tr>
<td title='com.wolvesres.truongnvn.nhanvien.TestisValidCCCD.testValidCCCDNamTheoTheKi()'><b>testValidCCCDNamTheoTheKi</b><br>Test class: com.wolvesres.truongnvn.nhanvien.TestisValidCCCD<br>Parameters: 2212, 20, false</td>
<td></td>
<td>0</td>
<td>com.wolvesres.truongnvn.nhanvien.TestisValidCCCD@2a3b5b47</td></tr>
<tr>
<td title='com.wolvesres.haotn.taikhoan.TestValidPassword.tesConfirmPasswordNotMath()'><b>tesConfirmPasswordNotMath</b><br>Test class: com.wolvesres.haotn.taikhoan.TestValidPassword<br>Parameters: e06FO7*s$, 4z(rt?$p!y, false</td>
<td></td>
<td>0</td>
<td>com.wolvesres.haotn.taikhoan.TestValidPassword@5c33f1a9</td></tr>
<tr>
<td title='com.wolvesres.ducvh.kho.StockQuanImportABCTestFail.f()'><b>f</b><br>Test class: com.wolvesres.ducvh.kho.StockQuanImportABCTestFail<br>Parameters: a, false</td>
<td></td>
<td>0</td>
<td>com.wolvesres.ducvh.kho.StockQuanImportABCTestFail@436813f3</td></tr>
<tr>
<td title='com.wolvesres.haotn.voucher.TestEndDateVoucher.testEndDateVoucherFail()'><b>testEndDateVoucherFail</b><br>Test class: com.wolvesres.haotn.voucher.TestEndDateVoucher<br>Parameters: Wed May 01 00:00:00 ICT 2019, Thu Apr 01 00:00:00 ICT 2021, false</td>
<td></td>
<td>0</td>
<td>com.wolvesres.haotn.voucher.TestEndDateVoucher@36bc55de</td></tr>
<tr>
<td title='com.wolvesres.login.testclass.TestLoginSuccessWithBossRole.testLogin()'><b>testLogin</b><br>Test class: com.wolvesres.login.testclass.TestLoginSuccessWithBossRole<br>Parameters: BOSS01, 12345678, true</td>
<td></td>
<td>0</td>
<td>com.wolvesres.login.testclass.TestLoginSuccessWithBossRole@49139829</td></tr>
<tr>
<td title='com.wolvesres.ducvh.matkhau.PasswordEmptyTestFail.f()'><b>f</b><br>Test class: com.wolvesres.ducvh.matkhau.PasswordEmptyTestFail<br>Parameters: , false</td>
<td></td>
<td>0</td>
<td>com.wolvesres.ducvh.matkhau.PasswordEmptyTestFail@67c27493</td></tr>
<tr>
<td title='com.wolvesres.quanghn.nhanvien.TestValidEmail.testValidEmailSuccess()'><b>testValidEmailSuccess</b><br>Test class: com.wolvesres.quanghn.nhanvien.TestValidEmail<br>Parameters: hottpc02096@fpt.edu.vn, true</td>
<td></td>
<td>0</td>
<td>com.wolvesres.quanghn.nhanvien.TestValidEmail@55b699ef</td></tr>
<tr>
<td title='com.wolvesres.quanghn.nhanvien.TestValidCCCD.testValidCCCDMaTinhFail()'><b>testValidCCCDMaTinhFail</b><br>Test class: com.wolvesres.quanghn.nhanvien.TestValidCCCD<br>Parameters: 096091276189, false</td>
<td></td>
<td>0</td>
<td>com.wolvesres.quanghn.nhanvien.TestValidCCCD@55183b20</td></tr>
<tr>
<td title='com.wolvesres.haotn.sanpham.TestValidProductName.testValidProductName()'><b>testValidProductName</b><br>Test class: com.wolvesres.haotn.sanpham.TestValidProductName<br>Parameters: Bnh bao, true</td>
<td></td>
<td>0</td>
<td>com.wolvesres.haotn.sanpham.TestValidProductName@8f4ea7c</td></tr>
<tr>
<td title='com.wolvesres.truongnvn.kho.TestSoluongXuatKho.testValidSoLuongEmpty()'><b>testValidSoLuongEmpty</b><br>Test class: com.wolvesres.truongnvn.kho.TestSoluongXuatKho<br>Parameters:  , false</td>
<td></td>
<td>0</td>
<td>com.wolvesres.truongnvn.kho.TestSoluongXuatKho@42a48628</td></tr>
<tr>
<td title='com.wolvesres.truongnvn.nhanvien.TestisValidCCCD.testValidCCCD()'><b>testValidCCCD</b><br>Test class: com.wolvesres.truongnvn.nhanvien.TestisValidCCCD<br>Parameters: 036054158149, true</td>
<td></td>
<td>0</td>
<td>com.wolvesres.truongnvn.nhanvien.TestisValidCCCD@2a3b5b47</td></tr>
<tr>
<td title='com.wolvesres.ducvh.kho.StockPriceExportEmptyTestFail.f()'><b>f</b><br>Test class: com.wolvesres.ducvh.kho.StockPriceExportEmptyTestFail<br>Parameters: , false</td>
<td></td>
<td>0</td>
<td>com.wolvesres.ducvh.kho.StockPriceExportEmptyTestFail@1fa268de</td></tr>
<tr>
<td title='com.wolvesres.truongnvn.nhanvien.TestisValidCCCD.testValidCCCD()'><b>testValidCCCD</b><br>Test class: com.wolvesres.truongnvn.nhanvien.TestisValidCCCD<br>Parameters: 054013921351, true</td>
<td></td>
<td>0</td>
<td>com.wolvesres.truongnvn.nhanvien.TestisValidCCCD@2a3b5b47</td></tr>
<tr>
<td title='com.wolvesres.haotn.voucher.TestEndDateVoucher.testEndDateVoucherFail()'><b>testEndDateVoucherFail</b><br>Test class: com.wolvesres.haotn.voucher.TestEndDateVoucher<br>Parameters: Fri Oct 25 00:00:00 ICT 2019, Sun Aug 08 00:00:00 ICT 2021, false</td>
<td></td>
<td>0</td>
<td>com.wolvesres.haotn.voucher.TestEndDateVoucher@36bc55de</td></tr>
<tr>
<td title='com.wolvesres.haotn.taikhoan.TestValidPassword.tesConfirmPasswordNotMath()'><b>tesConfirmPasswordNotMath</b><br>Test class: com.wolvesres.haotn.taikhoan.TestValidPassword<br>Parameters: 9cm[BY2*u3#, }B0/a[*pOwdw, false</td>
<td></td>
<td>0</td>
<td>com.wolvesres.haotn.taikhoan.TestValidPassword@5c33f1a9</td></tr>
<tr>
<td title='com.wolvesres.quanghn.taikhoan.TestValidXacNhanMatKhau.testValidXacNhanMatKhauSuccess()'><b>testValidXacNhanMatKhauSuccess</b><br>Test class: com.wolvesres.quanghn.taikhoan.TestValidXacNhanMatKhau<br>Parameters: 0987654, 0987654, true</td>
<td></td>
<td>0</td>
<td>com.wolvesres.quanghn.taikhoan.TestValidXacNhanMatKhau@7d8995e</td></tr>
<tr>
<td title='com.wolvesres.truongnvn.nhanvien.TestisValidCCCD.testValidCCCD()'><b>testValidCCCD</b><br>Test class: com.wolvesres.truongnvn.nhanvien.TestisValidCCCD<br>Parameters: 038198063626, true</td>
<td></td>
<td>0</td>
<td>com.wolvesres.truongnvn.nhanvien.TestisValidCCCD@2a3b5b47</td></tr>
<tr>
<td title='com.wolvesres.quanghn.nhanvien.TestValidEmail.testValidEmailSuccess()'><b>testValidEmailSuccess</b><br>Test class: com.wolvesres.quanghn.nhanvien.TestValidEmail<br>Parameters: haotnpc01545@fpt.edu.vn, true</td>
<td></td>
<td>0</td>
<td>com.wolvesres.quanghn.nhanvien.TestValidEmail@55b699ef</td></tr>
<tr>
<td title='com.wolvesres.haotn.voucher.TestVoucherDiscount.testVoucherDiscountLetter()'><b>testVoucherDiscountLetter</b><br>Test class: com.wolvesres.haotn.voucher.TestVoucherDiscount<br>Parameters: 2a.127277320754168, false</td>
<td></td>
<td>0</td>
<td>com.wolvesres.haotn.voucher.TestVoucherDiscount@799f10e1</td></tr>
<tr>
<td title='com.wolvesres.truongnvn.nhanvien.TestisValidCCCD.testValidCCCD()'><b>testValidCCCD</b><br>Test class: com.wolvesres.truongnvn.nhanvien.TestisValidCCCD<br>Parameters: 092012753155, true</td>
<td></td>
<td>0</td>
<td>com.wolvesres.truongnvn.nhanvien.TestisValidCCCD@2a3b5b47</td></tr>
<tr>
<td title='com.wolvesres.truongnvn.nhanvien.TestisValidCCCD.testValidCCCD()'><b>testValidCCCD</b><br>Test class: com.wolvesres.truongnvn.nhanvien.TestisValidCCCD<br>Parameters: 037183791702, true</td>
<td></td>
<td>0</td>
<td>com.wolvesres.truongnvn.nhanvien.TestisValidCCCD@2a3b5b47</td></tr>
<tr>
<td title='com.wolvesres.truongnvn.nhanvien.TestisValidCCCD.testValidCCCD()'><b>testValidCCCD</b><br>Test class: com.wolvesres.truongnvn.nhanvien.TestisValidCCCD<br>Parameters: 070370107289, true</td>
<td></td>
<td>0</td>
<td>com.wolvesres.truongnvn.nhanvien.TestisValidCCCD@2a3b5b47</td></tr>
<tr>
<td title='com.wolvesres.quanghn.taikhoan.TestValidXacNhanMatKhau.testValidXacNhanMatKhauSuccess()'><b>testValidXacNhanMatKhauSuccess</b><br>Test class: com.wolvesres.quanghn.taikhoan.TestValidXacNhanMatKhau<br>Parameters: 098123, 098123, true</td>
<td></td>
<td>0</td>
<td>com.wolvesres.quanghn.taikhoan.TestValidXacNhanMatKhau@7d8995e</td></tr>
<tr>
<td title='com.wolvesres.quanghn.nhanvien.TestValidHoTen.testValidFullNameNhapSoFail()'><b>testValidFullNameNhapSoFail</b><br>Test class: com.wolvesres.quanghn.nhanvien.TestValidHoTen<br>Parameters: 2343415, false</td>
<td></td>
<td>0</td>
<td>com.wolvesres.quanghn.nhanvien.TestValidHoTen@1623b78d</td></tr>
<tr>
<td title='com.wolvesres.quanghn.nhanvien.TestValidSDT.testValidSDTFail()'><b>testValidSDTFail</b><br>Test class: com.wolvesres.quanghn.nhanvien.TestValidSDT<br>Parameters: la11784933, false</td>
<td></td>
<td>0</td>
<td>com.wolvesres.quanghn.nhanvien.TestValidSDT@3c19aaa5</td></tr>
<tr>
<td title='com.wolvesres.quanghn.sanpham.TestValidGiaSP.testValidGiaSPFail()'><b>testValidGiaSPFail</b><br>Test class: com.wolvesres.quanghn.sanpham.TestValidGiaSP<br>Parameters: eeqqwr, false</td>
<td></td>
<td>0</td>
<td>com.wolvesres.quanghn.sanpham.TestValidGiaSP@293a5bf6</td></tr>
<tr>
<td title='com.wolvesres.ducvh.matkhau.PasswordEmptyTestFail.f()'><b>f</b><br>Test class: com.wolvesres.ducvh.matkhau.PasswordEmptyTestFail<br>Parameters: 	, false</td>
<td></td>
<td>0</td>
<td>com.wolvesres.ducvh.matkhau.PasswordEmptyTestFail@67c27493</td></tr>
<tr>
<td title='com.wolvesres.truongnvn.nhanvien.TestisValidCCCD.testValidCCCDGioiTinhTheoNam()'><b>testValidCCCDGioiTinhTheoNam</b><br>Test class: com.wolvesres.truongnvn.nhanvien.TestisValidCCCD<br>Parameters: true, 4, 21, false</td>
<td></td>
<td>0</td>
<td>com.wolvesres.truongnvn.nhanvien.TestisValidCCCD@2a3b5b47</td></tr>
<tr>
<td title='com.wolvesres.truongnvn.nhanvien.TestisValidCCCD.testValidCCCD()'><b>testValidCCCD</b><br>Test class: com.wolvesres.truongnvn.nhanvien.TestisValidCCCD<br>Parameters: 006283215185, true</td>
<td></td>
<td>0</td>
<td>com.wolvesres.truongnvn.nhanvien.TestisValidCCCD@2a3b5b47</td></tr>
<tr>
<td title='com.wolvesres.ducvh.voucher.VoucherDiscountEmptyTestFail.f()'><b>f</b><br>Test class: com.wolvesres.ducvh.voucher.VoucherDiscountEmptyTestFail<br>Parameters: true, v0001, 1, 14-04-2022, 17-02-2022, 	, false</td>
<td></td>
<td>0</td>
<td>com.wolvesres.ducvh.voucher.VoucherDiscountEmptyTestFail@130d63be</td></tr>
<tr>
<td title='com.wolvesres.truongnvn.nhanvien.TestValidFullname.testFullNameNoSpace()'><b>testFullNameNoSpace</b><br>Test class: com.wolvesres.truongnvn.nhanvien.TestValidFullname<br>Parameters: vanhuuduc, false</td>
<td></td>
<td>0</td>
<td>com.wolvesres.truongnvn.nhanvien.TestValidFullname@6cf0e0ba</td></tr>
<tr>
<td title='com.wolvesres.truongnvn.nhanvien.TestisValidCCCD.testValidCCCD()'><b>testValidCCCD</b><br>Test class: com.wolvesres.truongnvn.nhanvien.TestisValidCCCD<br>Parameters: 086101619606, true</td>
<td></td>
<td>0</td>
<td>com.wolvesres.truongnvn.nhanvien.TestisValidCCCD@2a3b5b47</td></tr>
<tr>
<td title='com.wolvesres.haotn.taikhoan.TestValidPassword.testPasswordFailSpace()'><b>testPasswordFailSpace</b><br>Test class: com.wolvesres.haotn.taikhoan.TestValidPassword<br>Parameters: D M5JK, false</td>
<td></td>
<td>0</td>
<td>com.wolvesres.haotn.taikhoan.TestValidPassword@5c33f1a9</td></tr>
<tr>
<td title='com.wolvesres.truongnvn.nhanvien.TestisValidCCCD.testValidCCCD()'><b>testValidCCCD</b><br>Test class: com.wolvesres.truongnvn.nhanvien.TestisValidCCCD<br>Parameters: 044175347233, true</td>
<td></td>
<td>0</td>
<td>com.wolvesres.truongnvn.nhanvien.TestisValidCCCD@2a3b5b47</td></tr>
<tr>
<td title='com.wolvesres.quanghn.nhanvien.TestValidHoTen.testValidFullNameNhapSoFail()'><b>testValidFullNameNhapSoFail</b><br>Test class: com.wolvesres.quanghn.nhanvien.TestValidHoTen<br>Parameters: 343424, false</td>
<td></td>
<td>0</td>
<td>com.wolvesres.quanghn.nhanvien.TestValidHoTen@1623b78d</td></tr>
<tr>
<td title='com.wolvesres.quanghn.voucher.TestValidVoucher.testValidVoucherFail()'><b>testValidVoucherFail</b><br>Test class: com.wolvesres.quanghn.voucher.TestValidVoucher<br>Parameters: -23324, false</td>
<td></td>
<td>0</td>
<td>com.wolvesres.quanghn.voucher.TestValidVoucher@1bd4fdd</td></tr>
<tr>
<td title='com.wolvesres.truongnvn.nhanvien.TestisValidCCCD.testValidCCCD()'><b>testValidCCCD</b><br>Test class: com.wolvesres.truongnvn.nhanvien.TestisValidCCCD<br>Parameters: 082080573007, true</td>
<td></td>
<td>0</td>
<td>com.wolvesres.truongnvn.nhanvien.TestisValidCCCD@2a3b5b47</td></tr>
<tr>
<td title='com.wolvesres.quanghn.sanpham.TestValidGiaSP.testValidGiaSPKiTuDacBietFail()'><b>testValidGiaSPKiTuDacBietFail</b><br>Test class: com.wolvesres.quanghn.sanpham.TestValidGiaSP<br>Parameters: @@2#$22, false</td>
<td></td>
<td>0</td>
<td>com.wolvesres.quanghn.sanpham.TestValidGiaSP@293a5bf6</td></tr>
<tr>
<td title='com.wolvesres.truongnvn.nhanvien.TestValidEmail.testValidEmailCoKhoangTrangFalse()'><b>testValidEmailCoKhoangTrangFalse</b><br>Test class: com.wolvesres.truongnvn.nhanvien.TestValidEmail<br>Parameters:  testemail123 @gmail.com, false</td>
<td></td>
<td>0</td>
<td>com.wolvesres.truongnvn.nhanvien.TestValidEmail@35d019a3</td></tr>
<tr>
<td title='com.wolvesres.truongnvn.nhanvien.TestValidFullname.testFullNameNoSpace()'><b>testFullNameNoSpace</b><br>Test class: com.wolvesres.truongnvn.nhanvien.TestValidFullname<br>Parameters: tranthanhho, false</td>
<td></td>
<td>0</td>
<td>com.wolvesres.truongnvn.nhanvien.TestValidFullname@6cf0e0ba</td></tr>
<tr>
<td title='com.wolvesres.quanghn.nhanvien.TestValidEmail.testValidEmailSuccess()'><b>testValidEmailSuccess</b><br>Test class: com.wolvesres.quanghn.nhanvien.TestValidEmail<br>Parameters: truongnvnpc01752@gmail.com, true</td>
<td></td>
<td>0</td>
<td>com.wolvesres.quanghn.nhanvien.TestValidEmail@55b699ef</td></tr>
<tr>
<td title='com.wolvesres.ducvh.voucher.VoucherQuanMinusTestFail.f()'><b>f</b><br>Test class: com.wolvesres.ducvh.voucher.VoucherQuanMinusTestFail<br>Parameters: true, v0001, -999999999, 14-04-2022, 17-02-2022, 1, false</td>
<td></td>
<td>0</td>
<td>com.wolvesres.ducvh.voucher.VoucherQuanMinusTestFail@49ec71f8</td></tr>
<tr>
<td title='com.wolvesres.truongnvn.nhanvien.TestValidSDT.testValidSDTFails()'><b>testValidSDTFails</b><br>Test class: com.wolvesres.truongnvn.nhanvien.TestValidSDT<br>Parameters: 006514782, false</td>
<td></td>
<td>0</td>
<td>com.wolvesres.truongnvn.nhanvien.TestValidSDT@77fbd92c</td></tr>
<tr>
<td title='com.wolvesres.truongnvn.nhanvien.TestisValidCCCD.testValidCCCD()'><b>testValidCCCD</b><br>Test class: com.wolvesres.truongnvn.nhanvien.TestisValidCCCD<br>Parameters: 027005014542, true</td>
<td></td>
<td>0</td>
<td>com.wolvesres.truongnvn.nhanvien.TestisValidCCCD@2a3b5b47</td></tr>
<tr>
<td title='com.wolvesres.quanghn.kho.TestValidXuatKho.testValidXuatKhoNhapChuFail()'><b>testValidXuatKhoNhapChuFail</b><br>Test class: com.wolvesres.quanghn.kho.TestValidXuatKho<br>Parameters: cvbxcb, false</td>
<td></td>
<td>0</td>
<td>com.wolvesres.quanghn.kho.TestValidXuatKho@3febb011</td></tr>
<tr>
<td title='com.wolvesres.truongnvn.nhanvien.TestValidSDT.testValidSDTSuccess()'><b>testValidSDTSuccess</b><br>Test class: com.wolvesres.truongnvn.nhanvien.TestValidSDT<br>Parameters: 0324528242, true</td>
<td></td>
<td>0</td>
<td>com.wolvesres.truongnvn.nhanvien.TestValidSDT@77fbd92c</td></tr>
<tr>
<td title='com.wolvesres.haotn.voucher.TestVoucherCode.testVoucherCodeLength()'><b>testVoucherCodeLength</b><br>Test class: com.wolvesres.haotn.voucher.TestVoucherCode<br>Parameters: 69XX, false</td>
<td></td>
<td>0</td>
<td>com.wolvesres.haotn.voucher.TestVoucherCode@49e53c76</td></tr>
<tr>
<td title='com.wolvesres.ducvh.kho.StockPriceExportEmptyTestFail.f()'><b>f</b><br>Test class: com.wolvesres.ducvh.kho.StockPriceExportEmptyTestFail<br>Parameters:  , false</td>
<td></td>
<td>0</td>
<td>com.wolvesres.ducvh.kho.StockPriceExportEmptyTestFail@1fa268de</td></tr>
<tr>
<td title='com.wolvesres.haotn.sanpham.TestValidProductName.testValidProductName()'><b>testValidProductName</b><br>Test class: com.wolvesres.haotn.sanpham.TestValidProductName<br>Parameters: B leo ni, true</td>
<td></td>
<td>0</td>
<td>com.wolvesres.haotn.sanpham.TestValidProductName@8f4ea7c</td></tr>
<tr>
<td title='com.wolvesres.truongnvn.nhanvien.TestValidSDT.testValidSDTSuccess()'><b>testValidSDTSuccess</b><br>Test class: com.wolvesres.truongnvn.nhanvien.TestValidSDT<br>Parameters: 0378774871, true</td>
<td></td>
<td>0</td>
<td>com.wolvesres.truongnvn.nhanvien.TestValidSDT@77fbd92c</td></tr>
<tr>
<td title='com.wolvesres.ducvh.kho.StockQuanExportTestSuccess.f()'><b>f</b><br>Test class: com.wolvesres.ducvh.kho.StockQuanExportTestSuccess<br>Parameters: 999999999, false</td>
<td></td>
<td>0</td>
<td>com.wolvesres.ducvh.kho.StockQuanExportTestSuccess@4550bb58</td></tr>
<tr>
<td title='com.wolvesres.ducvh.matkhau.PasswordLengthTestFail.f()'><b>f</b><br>Test class: com.wolvesres.ducvh.matkhau.PasswordLengthTestFail<br>Parameters: abc, false</td>
<td></td>
<td>0</td>
<td>com.wolvesres.ducvh.matkhau.PasswordLengthTestFail@f6efaab</td></tr>
<tr>
<td title='com.wolvesres.truongnvn.nhanvien.TestisValidCCCD.testValidCCCDDu()'><b>testValidCCCDDu</b><br>Test class: com.wolvesres.truongnvn.nhanvien.TestisValidCCCD<br>Parameters: 06425873074712312, false</td>
<td></td>
<td>0</td>
<td>com.wolvesres.truongnvn.nhanvien.TestisValidCCCD@2a3b5b47</td></tr>
<tr>
<td title='com.wolvesres.truongnvn.nhanvien.TestisValidCCCD.testValidCCCD()'><b>testValidCCCD</b><br>Test class: com.wolvesres.truongnvn.nhanvien.TestisValidCCCD<br>Parameters: 056346340722, true</td>
<td></td>
<td>0</td>
<td>com.wolvesres.truongnvn.nhanvien.TestisValidCCCD@2a3b5b47</td></tr>
<tr>
<td title='com.wolvesres.ducvh.donvitinh.CalcUnitEmptyTestFail.f()'><b>f</b><br>Test class: com.wolvesres.ducvh.donvitinh.CalcUnitEmptyTestFail<br>Parameters: true,  , false</td>
<td></td>
<td>0</td>
<td>com.wolvesres.ducvh.donvitinh.CalcUnitEmptyTestFail@223191a6</td></tr>
<tr>
<td title='com.wolvesres.truongnvn.nhanvien.TestValidSDT.testValidSDTSuccess()'><b>testValidSDTSuccess</b><br>Test class: com.wolvesres.truongnvn.nhanvien.TestValidSDT<br>Parameters: 0835785726, true</td>
<td></td>
<td>0</td>
<td>com.wolvesres.truongnvn.nhanvien.TestValidSDT@77fbd92c</td></tr>
<tr>
<td title='com.wolvesres.truongnvn.nhanvien.TestisValidCCCD.testValidCCCD()'><b>testValidCCCD</b><br>Test class: com.wolvesres.truongnvn.nhanvien.TestisValidCCCD<br>Parameters: 024005815542, true</td>
<td></td>
<td>0</td>
<td>com.wolvesres.truongnvn.nhanvien.TestisValidCCCD@2a3b5b47</td></tr>
<tr>
<td title='com.wolvesres.haotn.sanpham.TestValidProductPrice.testProductPriceNegative()'><b>testProductPriceNegative</b><br>Test class: com.wolvesres.haotn.sanpham.TestValidProductPrice<br>Parameters: -1.0E8, false</td>
<td></td>
<td>0</td>
<td>com.wolvesres.haotn.sanpham.TestValidProductPrice@564fabc8</td></tr>
<tr>
<td title='com.wolvesres.haotn.kho.TestExportPrice.testProductExportPrice()'><b>testProductExportPrice</b><br>Test class: com.wolvesres.haotn.kho.TestExportPrice<br>Parameters: -750000.0000075, false</td>
<td></td>
<td>0</td>
<td>com.wolvesres.haotn.kho.TestExportPrice@223d2c72</td></tr>
<tr>
<td title='com.wolvesres.haotn.kho.TestExportPrice.testProductExportPrice()'><b>testProductExportPrice</b><br>Test class: com.wolvesres.haotn.kho.TestExportPrice<br>Parameters: -250000.0000025, false</td>
<td></td>
<td>0</td>
<td>com.wolvesres.haotn.kho.TestExportPrice@223d2c72</td></tr>
<tr>
<td title='com.wolvesres.quanghn.kho.TestValidXuatKho.testValidXuatKhoNhapChuFail()'><b>testValidXuatKhoNhapChuFail</b><br>Test class: com.wolvesres.quanghn.kho.TestValidXuatKho<br>Parameters: fgjkfdkj, false</td>
<td></td>
<td>0</td>
<td>com.wolvesres.quanghn.kho.TestValidXuatKho@3febb011</td></tr>
<tr>
<td title='com.wolvesres.haotn.sanpham.TestValidProductName.testValidProductName()'><b>testValidProductName</b><br>Test class: com.wolvesres.haotn.sanpham.TestValidProductName<br>Parameters: L?u thi, true</td>
<td></td>
<td>0</td>
<td>com.wolvesres.haotn.sanpham.TestValidProductName@8f4ea7c</td></tr>
<tr>
<td title='com.wolvesres.ducvh.danhmuc.CategoryEmptyTestFail.f()'><b>f</b><br>Test class: com.wolvesres.ducvh.danhmuc.CategoryEmptyTestFail<br>Parameters: true, , Ten Danh Muc 1, true, false</td>
<td></td>
<td>0</td>
<td>com.wolvesres.ducvh.danhmuc.CategoryEmptyTestFail@351d00c0</td></tr>
<tr>
<td title='com.wolvesres.login.testclass.TestLogin.testLoginSuccess()'><b>testLoginSuccess</b><br>Test class: com.wolvesres.login.testclass.TestLogin<br>Parameters: BOSS03, 123456, true</td>
<td></td>
<td>0</td>
<td>com.wolvesres.login.testclass.TestLogin@3349e9bb</td></tr>
<tr>
<td title='com.wolvesres.truongnvn.nhanvien.TestisValidCCCD.testValidCCCD()'><b>testValidCCCD</b><br>Test class: com.wolvesres.truongnvn.nhanvien.TestisValidCCCD<br>Parameters: 019248934911, true</td>
<td></td>
<td>0</td>
<td>com.wolvesres.truongnvn.nhanvien.TestisValidCCCD@2a3b5b47</td></tr>
<tr>
<td title='com.wolvesres.quanghn.nhanvien.TestValidSDT.testValidSDTFail()'><b>testValidSDTFail</b><br>Test class: com.wolvesres.quanghn.nhanvien.TestValidSDT<br>Parameters: 09117849op, false</td>
<td></td>
<td>0</td>
<td>com.wolvesres.quanghn.nhanvien.TestValidSDT@3c19aaa5</td></tr>
<tr>
<td title='com.wolvesres.ducvh.kho.StockQuanExportOverTestFail.f()'><b>f</b><br>Test class: com.wolvesres.ducvh.kho.StockQuanExportOverTestFail<br>Parameters: 999, true</td>
<td></td>
<td>0</td>
<td>com.wolvesres.ducvh.kho.StockQuanExportOverTestFail@16d04d3d</td></tr>
<tr>
<td title='com.wolvesres.truongnvn.nhanvien.TestAddNV.testThemNhanVien()'><b>testThemNhanVien</b><br>Test class: com.wolvesres.truongnvn.nhanvien.TestAddNV<br>Parameters: NV01, , false, 2000-10-10, , , , , 0, false, false</td>
<td></td>
<td>3</td>
<td>com.wolvesres.truongnvn.nhanvien.TestAddNV@59662a0b</td></tr>
<tr>
<td title='com.wolvesres.quanghn.banhang.TestValidNhapTien.testValidNhapTienFail()'><b>testValidNhapTienFail</b><br>Test class: com.wolvesres.quanghn.banhang.TestValidNhapTien<br>Parameters: 23!23@!#123, false</td>
<td></td>
<td>0</td>
<td>com.wolvesres.quanghn.banhang.TestValidNhapTien@10e31a9a</td></tr>
<tr>
<td title='com.wolvesres.ducvh.kho.StockPriceImportMinusTestFail.f()'><b>f</b><br>Test class: com.wolvesres.ducvh.kho.StockPriceImportMinusTestFail<br>Parameters: -100, false</td>
<td></td>
<td>0</td>
<td>com.wolvesres.ducvh.kho.StockPriceImportMinusTestFail@1a482e36</td></tr>
<tr>
<td title='com.wolvesres.ducvh.voucher.VoucherEndPastTestFail.f()'><b>f</b><br>Test class: com.wolvesres.ducvh.voucher.VoucherEndPastTestFail<br>Parameters: true, v0001, 1, 14-04-2021, 14-04-2022, 1, false</td>
<td></td>
<td>0</td>
<td>com.wolvesres.ducvh.voucher.VoucherEndPastTestFail@1283bb96</td></tr>
<tr>
<td title='com.wolvesres.truongnvn.nhanvien.TestValidSDT.testValidSDTFails()'><b>testValidSDTFails</b><br>Test class: com.wolvesres.truongnvn.nhanvien.TestValidSDT<br>Parameters: 01666156144, false</td>
<td></td>
<td>0</td>
<td>com.wolvesres.truongnvn.nhanvien.TestValidSDT@77fbd92c</td></tr>
<tr>
<td title='com.wolvesres.truongnvn.nhanvien.TestValidSDT.testValidSDTFails()'><b>testValidSDTFails</b><br>Test class: com.wolvesres.truongnvn.nhanvien.TestValidSDT<br>Parameters: 0515234815, false</td>
<td></td>
<td>0</td>
<td>com.wolvesres.truongnvn.nhanvien.TestValidSDT@77fbd92c</td></tr>
<tr>
<td title='com.wolvesres.quanghn.taikhoan.TestValidXacNhanMatKhau.testValidXacNhanMatKhauSuccess()'><b>testValidXacNhanMatKhauSuccess</b><br>Test class: com.wolvesres.quanghn.taikhoan.TestValidXacNhanMatKhau<br>Parameters: 293847, 293847, true</td>
<td></td>
<td>0</td>
<td>com.wolvesres.quanghn.taikhoan.TestValidXacNhanMatKhau@7d8995e</td></tr>
<tr>
<td title='com.wolvesres.quanghn.voucher.TestValidVoucher.testValidVoucherChonNgayFail()'><b>testValidVoucherChonNgayFail</b><br>Test class: com.wolvesres.quanghn.voucher.TestValidVoucher<br>Parameters: 14-07-2020, false</td>
<td></td>
<td>0</td>
<td>com.wolvesres.quanghn.voucher.TestValidVoucher@1bd4fdd</td></tr>
<tr>
<td title='com.wolvesres.haotn.voucher.TestVoucherDiscount.testVoucherDiscountGreaterThan100()'><b>testVoucherDiscountGreaterThan100</b><br>Test class: com.wolvesres.haotn.voucher.TestVoucherDiscount<br>Parameters: 787.1182902536283, false</td>
<td></td>
<td>0</td>
<td>com.wolvesres.haotn.voucher.TestVoucherDiscount@799f10e1</td></tr>
<tr>
<td title='com.wolvesres.truongnvn.nhanvien.TestisValidCCCD.testValidCCCDGioiTinhTheoNam()'><b>testValidCCCDGioiTinhTheoNam</b><br>Test class: com.wolvesres.truongnvn.nhanvien.TestisValidCCCD<br>Parameters: true, 1, 20, false</td>
<td></td>
<td>0</td>
<td>com.wolvesres.truongnvn.nhanvien.TestisValidCCCD@2a3b5b47</td></tr>
<tr>
<td title='com.wolvesres.login.testclass.TestLoginSuccessWithBossRole.testLogin()'><b>testLogin</b><br>Test class: com.wolvesres.login.testclass.TestLoginSuccessWithBossRole<br>Parameters: BOSS03, 123456, true</td>
<td></td>
<td>0</td>
<td>com.wolvesres.login.testclass.TestLoginSuccessWithBossRole@49139829</td></tr>
<tr>
<td title='com.wolvesres.haotn.voucher.TestVoucherCode.testVoucherCodeLength()'><b>testVoucherCodeLength</b><br>Test class: com.wolvesres.haotn.voucher.TestVoucherCode<br>Parameters: U6oj, false</td>
<td></td>
<td>0</td>
<td>com.wolvesres.haotn.voucher.TestVoucherCode@49e53c76</td></tr>
<tr>
<td title='com.wolvesres.truongnvn.nhanvien.TestValidSDT.testValidSDTSuccess()'><b>testValidSDTSuccess</b><br>Test class: com.wolvesres.truongnvn.nhanvien.TestValidSDT<br>Parameters: 0972606484, true</td>
<td></td>
<td>0</td>
<td>com.wolvesres.truongnvn.nhanvien.TestValidSDT@77fbd92c</td></tr>
<tr>
<td title='com.wolvesres.truongnvn.nhanvien.TestValidSDT.testValidSDTSuccess()'><b>testValidSDTSuccess</b><br>Test class: com.wolvesres.truongnvn.nhanvien.TestValidSDT<br>Parameters: 0957703861, true</td>
<td></td>
<td>0</td>
<td>com.wolvesres.truongnvn.nhanvien.TestValidSDT@77fbd92c</td></tr>
<tr>
<td title='com.wolvesres.truongnvn.kho.TestSoluongXuatKho.testValidGia()'><b>testValidGia</b><br>Test class: com.wolvesres.truongnvn.kho.TestSoluongXuatKho<br>Parameters: 0, false</td>
<td></td>
<td>1</td>
<td>com.wolvesres.truongnvn.kho.TestSoluongXuatKho@42a48628</td></tr>
<tr>
<td title='com.wolvesres.login.testclass.TestLogin.testLoginSuccess()'><b>testLoginSuccess</b><br>Test class: com.wolvesres.login.testclass.TestLogin<br>Parameters: BOSS01, 12345678, true</td>
<td></td>
<td>0</td>
<td>com.wolvesres.login.testclass.TestLogin@3349e9bb</td></tr>
<tr>
<td title='com.wolvesres.truongnvn.nhanvien.TestisValidCCCD.testValidCCCD()'><b>testValidCCCD</b><br>Test class: com.wolvesres.truongnvn.nhanvien.TestisValidCCCD<br>Parameters: 037005257541, true</td>
<td></td>
<td>0</td>
<td>com.wolvesres.truongnvn.nhanvien.TestisValidCCCD@2a3b5b47</td></tr>
<tr>
<td title='com.wolvesres.truongnvn.nhanvien.TestValidSDT.testValidSDTSuccess()'><b>testValidSDTSuccess</b><br>Test class: com.wolvesres.truongnvn.nhanvien.TestValidSDT<br>Parameters: 0783025646, true</td>
<td></td>
<td>0</td>
<td>com.wolvesres.truongnvn.nhanvien.TestValidSDT@77fbd92c</td></tr>
<tr>
<td title='com.wolvesres.truongnvn.nhanvien.TestValidSDT.testValidSDTSuccess()'><b>testValidSDTSuccess</b><br>Test class: com.wolvesres.truongnvn.nhanvien.TestValidSDT<br>Parameters: 0717140171, true</td>
<td></td>
<td>0</td>
<td>com.wolvesres.truongnvn.nhanvien.TestValidSDT@77fbd92c</td></tr>
<tr>
<td title='com.wolvesres.truongnvn.nhanvien.TestValidFullname.testFullNameNoSpace()'><b>testFullNameNoSpace</b><br>Test class: com.wolvesres.truongnvn.nhanvien.TestValidFullname<br>Parameters: nguyenvannhuttruong, false</td>
<td></td>
<td>0</td>
<td>com.wolvesres.truongnvn.nhanvien.TestValidFullname@6cf0e0ba</td></tr>
<tr>
<td title='com.wolvesres.quanghn.sanpham.TestValidGiaSP.testValidGiaSPFail()'><b>testValidGiaSPFail</b><br>Test class: com.wolvesres.quanghn.sanpham.TestValidGiaSP<br>Parameters: posdf, false</td>
<td></td>
<td>0</td>
<td>com.wolvesres.quanghn.sanpham.TestValidGiaSP@293a5bf6</td></tr>
</table><p>
</body>
</html>